<program>
 Reserved Word: class
 IDENTIFIER: CS316ex9  [not in symbol table]
 {
 <dataFieldDecl>
  Reserved Word: static
  <varDecl>
   Reserved Word: int
   <singleVarDecl>
    IDENTIFIER: timescalled  [not in symbol table]
    [
    ]
    =
    *** Generating:  0:      PUSHSTATADDR      0
    <expr3>
     <expr2>
      <expr1>
       Reserved Word: new
       Reserved Word: int
       [
       <expr3>
        <expr2>
         <expr1>
          *** Generating:  1:      PUSHNUM           1
          UNSIGNED INTEGER LITERAL: 1
          ... node has no more children
         ... node has no more children
        ... node has no more children
       *** Generating:  2:      HEAPALLOC
       ]
       ... node has no more children
      ... node has no more children
     ... node has no more children
    *** Generating:  3:      SAVETOADDR
    ... node has no more children
   ;
   ... node has no more children
  ... node has no more children
 <dataFieldDecl>
  Reserved Word: static
  <varDecl>
   Reserved Word: int
   <singleVarDecl>
    IDENTIFIER: arr  [not in symbol table]
    [
    ]
    ... node has no more children
   ;
   ... node has no more children
  ... node has no more children
 <mainDecl>
  Reserved Word: public
  Reserved Word: static
  Reserved Word: void
  Reserved Word: main
  (
  Reserved Word: String
  IDENTIFIER: args  [not in symbol table]
  [
  ]
  )
  *** Generating:  4:      INITSTKFRM        ?
  <compoundStmt>
   {
   <statement>
    <assignmentOrInvoc>
     IDENTIFIER: arr  [static var (address = 1)]
     *** Generating:  5:      PUSHSTATADDR      1
     =
     <expr3>
      <expr2>
       <expr1>
        Reserved Word: new
        Reserved Word: int
        [
        <expr3>
         <expr2>
          <expr1>
           *** Generating:  6:      PUSHNUM           101
           UNSIGNED INTEGER LITERAL: 101
           ... node has no more children
          ... node has no more children
         ... node has no more children
        *** Generating:  7:      HEAPALLOC
        ]
        ... node has no more children
       ... node has no more children
      ... node has no more children
     *** Generating:  8:      SAVETOADDR
     ;
     ... node has no more children
    ... node has no more children
   <statement>
    <assignmentOrInvoc>
     IDENTIFIER: arr  [static var (address = 1)]
     *** Generating:  9:      PUSHSTATADDR      1
     *** Generating:  10:     LOADFROMADDR
     [
     <expr3>
      <expr2>
       <expr1>
        *** Generating:  11:     PUSHNUM           2
        UNSIGNED INTEGER LITERAL: 2
        ... node has no more children
       ... node has no more children
      +
      <expr2>
       <expr1>
        IDENTIFIER: acker  [not in symbol table]
        <argumentList>
         (
         <expr3>
          <expr2>
           <expr1>
            *** Generating:  12:     PUSHNUM           3
            UNSIGNED INTEGER LITERAL: 3
            ... node has no more children
           ... node has no more children
          ... node has no more children
         *** Generating:  13:     PASSPARAM
         ,
         <expr3>
          <expr2>
           <expr1>
            *** Generating:  14:     PUSHNUM           3
            UNSIGNED INTEGER LITERAL: 3
            ... node has no more children
           ... node has no more children
          ... node has no more children
         *** Generating:  15:     PASSPARAM
         ,
         <expr3>
          <expr2>
           <expr1>
            IDENTIFIER: timescalled  [static var (address = 0)]
            *** Generating:  16:     PUSHSTATADDR      0
            *** Generating:  17:     LOADFROMADDR
            ... node has no more children
           ... node has no more children
          ... node has no more children
         *** Generating:  18:     PASSPARAM
         )
         ... node has no more children
        *** Generating:  19:     CALLSTATMETHOD    ?
        ... node has no more children
       ... node has no more children
      *** Generating:  20:     ADD
      ... node has no more children
     ]
     *** Generating:  21:     ADDTOPTR
     =
     <expr3>
      <expr2>
       <expr1>
        -
        <expr1>
         *** Generating:  22:     PUSHNUM           17
         UNSIGNED INTEGER LITERAL: 17
         ... node has no more children
        *** Generating:  23:     CHANGESIGN
        ... node has no more children
       ... node has no more children
      ... node has no more children
     *** Generating:  24:     SAVETOADDR
     ;
     ... node has no more children
    ... node has no more children
   <statement>
    <outputStmt>
     Reserved Word: System
     .
     Reserved Word: out
     .
     Reserved Word: println
     (
     <printArgument>
      <expr3>
       <expr2>
        <expr1>
         IDENTIFIER: arr  [static var (address = 1)]
         *** Generating:  25:     PUSHSTATADDR      1
         *** Generating:  26:     LOADFROMADDR
         [
         <expr3>
          <expr2>
           <expr1>
            *** Generating:  27:     PUSHNUM           63
            UNSIGNED INTEGER LITERAL: 63
            ... node has no more children
           ... node has no more children
          ... node has no more children
         *** Generating:  28:     ADDTOPTR
         *** Generating:  29:     LOADFROMADDR
         ]
         ... node has no more children
        ... node has no more children
       ... node has no more children
      *** Generating:  30:     WRITEINT
      ... node has no more children
     )
     ;
     *** Generating:  31:     WRITELNOP
     ... node has no more children
    ... node has no more children
   <statement>
    <outputStmt>
     Reserved Word: System
     .
     Reserved Word: out
     .
     Reserved Word: println
     (
     <printArgument>
      *** Generating:  32:     WRITESTRING       2     2
      CHARACTER STRING LITERAL: " "
      ... node has no more children
     )
     ;
     *** Generating:  33:     WRITELNOP
     ... node has no more children
    ... node has no more children
   <statement>
    <outputStmt>
     Reserved Word: System
     .
     Reserved Word: out
     .
     Reserved Word: println
     (
     <printArgument>
      <expr3>
       <expr2>
        <expr1>
         IDENTIFIER: timescalled  [static var (address = 0)]
         *** Generating:  34:     PUSHSTATADDR      0
         *** Generating:  35:     LOADFROMADDR
         [
         <expr3>
          <expr2>
           <expr1>
            *** Generating:  36:     PUSHNUM           0
            UNSIGNED INTEGER LITERAL: 0
            ... node has no more children
           ... node has no more children
          ... node has no more children
         *** Generating:  37:     ADDTOPTR
         *** Generating:  38:     LOADFROMADDR
         ]
         ... node has no more children
        ... node has no more children
       ... node has no more children
      *** Generating:  39:     WRITEINT
      ... node has no more children
     )
     ;
     *** Generating:  40:     WRITELNOP
     ... node has no more children
    ... node has no more children
   }
   ... node has no more children
  *** Fixed Up:  4:      INITSTKFRM        0
  *** Generating:  41:     STOP
  ... node has no more children
 <methodDecl>
  Reserved Word: static
  Reserved Word: int
  *** Fixed Up:  19:     CALLSTATMETHOD    42
  *** Generating:  42:     INITSTKFRM        ?
  IDENTIFIER: acker  [method (start address = 42)]
  (
  <parameterDeclList>
   <parameterDecl>
    Reserved Word: int
    IDENTIFIER: p  [not in symbol table]
    ... node has no more children
   ,
   <parameterDecl>
    Reserved Word: int
    IDENTIFIER: q  [not in symbol table]
    ... node has no more children
   ,
   <parameterDecl>
    Reserved Word: int
    IDENTIFIER: count  [not in symbol table]
    [
    ]
    ... node has no more children
   ... node has no more children
  )
  <compoundStmt>
   {
   <statement>
    <varDecl>
     Reserved Word: int
     <singleVarDecl>
      IDENTIFIER: result  [not in symbol table]
      ... node has no more children
     ;
     ... node has no more children
    ... node has no more children
   <statement>
    <ifStmt>
     Reserved Word: if
     (
     <expr7>
      <expr6>
       <expr5>
        <expr4>
         <expr3>
          <expr2>
           <expr1>
            IDENTIFIER: p  [local var (stackframe offset = -4)]
            *** Generating:  43:     PUSHLOCADDR       -4
            *** Generating:  44:     LOADFROMADDR
            ... node has no more children
           ... node has no more children
          ... node has no more children
         ... node has no more children
        ==
        <expr4>
         <expr3>
          <expr2>
           <expr1>
            *** Generating:  45:     PUSHNUM           0
            UNSIGNED INTEGER LITERAL: 0
            ... node has no more children
           ... node has no more children
          ... node has no more children
         ... node has no more children
        *** Generating:  46:     EQ
        ... node has no more children
       ... node has no more children
      ... node has no more children
     )
     *** Generating:  47:     JUMPONFALSE       ?
     <statement>
      <assignmentOrInvoc>
       IDENTIFIER: result  [local var (stackframe offset = 1)]
       *** Generating:  48:     PUSHLOCADDR       1
       =
       <expr3>
        <expr2>
         <expr1>
          IDENTIFIER: q  [local var (stackframe offset = -3)]
          *** Generating:  49:     PUSHLOCADDR       -3
          *** Generating:  50:     LOADFROMADDR
          ... node has no more children
         ... node has no more children
        +
        <expr2>
         <expr1>
          *** Generating:  51:     PUSHNUM           1
          UNSIGNED INTEGER LITERAL: 1
          ... node has no more children
         ... node has no more children
        *** Generating:  52:     ADD
        ... node has no more children
       *** Generating:  53:     SAVETOADDR
       ;
       ... node has no more children
      ... node has no more children
     Reserved Word: else
     *** Generating:  54:     JUMP              ?
     *** Fixed Up:  47:     JUMPONFALSE       55
     <statement>
      <ifStmt>
       Reserved Word: if
       (
       <expr7>
        <expr6>
         <expr5>
          <expr4>
           <expr3>
            <expr2>
             <expr1>
              IDENTIFIER: q  [local var (stackframe offset = -3)]
              *** Generating:  55:     PUSHLOCADDR       -3
              *** Generating:  56:     LOADFROMADDR
              ... node has no more children
             ... node has no more children
            ... node has no more children
           ... node has no more children
          ==
          <expr4>
           <expr3>
            <expr2>
             <expr1>
              *** Generating:  57:     PUSHNUM           0
              UNSIGNED INTEGER LITERAL: 0
              ... node has no more children
             ... node has no more children
            ... node has no more children
           ... node has no more children
          *** Generating:  58:     EQ
          ... node has no more children
         ... node has no more children
        ... node has no more children
       )
       *** Generating:  59:     JUMPONFALSE       ?
       <statement>
        <assignmentOrInvoc>
         IDENTIFIER: result  [local var (stackframe offset = 1)]
         *** Generating:  60:     PUSHLOCADDR       1
         =
         <expr3>
          <expr2>
           <expr1>
            IDENTIFIER: acker  [method (start address = 42)]
            <argumentList>
             (
             <expr3>
              <expr2>
               <expr1>
                IDENTIFIER: p  [local var (stackframe offset = -4)]
                *** Generating:  61:     PUSHLOCADDR       -4
                *** Generating:  62:     LOADFROMADDR
                ... node has no more children
               ... node has no more children
              -
              <expr2>
               <expr1>
                *** Generating:  63:     PUSHNUM           1
                UNSIGNED INTEGER LITERAL: 1
                ... node has no more children
               ... node has no more children
              *** Generating:  64:     SUB
              ... node has no more children
             *** Generating:  65:     PASSPARAM
             ,
             <expr3>
              <expr2>
               <expr1>
                *** Generating:  66:     PUSHNUM           1
                UNSIGNED INTEGER LITERAL: 1
                ... node has no more children
               ... node has no more children
              ... node has no more children
             *** Generating:  67:     PASSPARAM
             ,
             <expr3>
              <expr2>
               <expr1>
                IDENTIFIER: count  [local var (stackframe offset = -2)]
                *** Generating:  68:     PUSHLOCADDR       -2
                *** Generating:  69:     LOADFROMADDR
                ... node has no more children
               ... node has no more children
              ... node has no more children
             *** Generating:  70:     PASSPARAM
             )
             ... node has no more children
            *** Generating:  71:     CALLSTATMETHOD    42
            ... node has no more children
           ... node has no more children
          ... node has no more children
         *** Generating:  72:     SAVETOADDR
         ;
         ... node has no more children
        ... node has no more children
       Reserved Word: else
       *** Generating:  73:     JUMP              ?
       *** Fixed Up:  59:     JUMPONFALSE       74
       <statement>
        <assignmentOrInvoc>
         IDENTIFIER: result  [local var (stackframe offset = 1)]
         *** Generating:  74:     PUSHLOCADDR       1
         =
         <expr3>
          <expr2>
           <expr1>
            IDENTIFIER: acker  [method (start address = 42)]
            <argumentList>
             (
             <expr3>
              <expr2>
               <expr1>
                IDENTIFIER: p  [local var (stackframe offset = -4)]
                *** Generating:  75:     PUSHLOCADDR       -4
                *** Generating:  76:     LOADFROMADDR
                ... node has no more children
               ... node has no more children
              -
              <expr2>
               <expr1>
                *** Generating:  77:     PUSHNUM           1
                UNSIGNED INTEGER LITERAL: 1
                ... node has no more children
               ... node has no more children
              *** Generating:  78:     SUB
              ... node has no more children
             *** Generating:  79:     PASSPARAM
             ,
             <expr3>
              <expr2>
               <expr1>
                IDENTIFIER: acker  [method (start address = 42)]
                <argumentList>
                 (
                 <expr3>
                  <expr2>
                   <expr1>
                    IDENTIFIER: p  [local var (stackframe offset = -4)]
                    *** Generating:  80:     PUSHLOCADDR       -4
                    *** Generating:  81:     LOADFROMADDR
                    ... node has no more children
                   ... node has no more children
                  ... node has no more children
                 *** Generating:  82:     PASSPARAM
                 ,
                 <expr3>
                  <expr2>
                   <expr1>
                    IDENTIFIER: q  [local var (stackframe offset = -3)]
                    *** Generating:  83:     PUSHLOCADDR       -3
                    *** Generating:  84:     LOADFROMADDR
                    ... node has no more children
                   ... node has no more children
                  -
                  <expr2>
                   <expr1>
                    *** Generating:  85:     PUSHNUM           1
                    UNSIGNED INTEGER LITERAL: 1
                    ... node has no more children
                   ... node has no more children
                  *** Generating:  86:     SUB
                  ... node has no more children
                 *** Generating:  87:     PASSPARAM
                 ,
                 <expr3>
                  <expr2>
                   <expr1>
                    IDENTIFIER: count  [local var (stackframe offset = -2)]
                    *** Generating:  88:     PUSHLOCADDR       -2
                    *** Generating:  89:     LOADFROMADDR
                    ... node has no more children
                   ... node has no more children
                  ... node has no more children
                 *** Generating:  90:     PASSPARAM
                 )
                 ... node has no more children
                *** Generating:  91:     CALLSTATMETHOD    42
                ... node has no more children
               ... node has no more children
              ... node has no more children
             *** Generating:  92:     PASSPARAM
             ,
             <expr3>
              <expr2>
               <expr1>
                IDENTIFIER: count  [local var (stackframe offset = -2)]
                *** Generating:  93:     PUSHLOCADDR       -2
                *** Generating:  94:     LOADFROMADDR
                ... node has no more children
               ... node has no more children
              ... node has no more children
             *** Generating:  95:     PASSPARAM
             )
             ... node has no more children
            *** Generating:  96:     CALLSTATMETHOD    42
            ... node has no more children
           ... node has no more children
          ... node has no more children
         *** Generating:  97:     SAVETOADDR
         ;
         ... node has no more children
        ... node has no more children
       *** Fixed Up:  73:     JUMP              98
       ... node has no more children
      ... node has no more children
     *** Fixed Up:  54:     JUMP              98
     ... node has no more children
    ... node has no more children
   <statement>
    <assignmentOrInvoc>
     IDENTIFIER: count  [local var (stackframe offset = -2)]
     *** Generating:  98:     PUSHLOCADDR       -2
     *** Generating:  99:     LOADFROMADDR
     [
     <expr3>
      <expr2>
       <expr1>
        *** Generating:  100:    PUSHNUM           0
        UNSIGNED INTEGER LITERAL: 0
        ... node has no more children
       ... node has no more children
      ... node has no more children
     ]
     *** Generating:  101:    ADDTOPTR
     =
     <expr3>
      <expr2>
       <expr1>
        IDENTIFIER: count  [local var (stackframe offset = -2)]
        *** Generating:  102:    PUSHLOCADDR       -2
        *** Generating:  103:    LOADFROMADDR
        [
        <expr3>
         <expr2>
          <expr1>
           *** Generating:  104:    PUSHNUM           0
           UNSIGNED INTEGER LITERAL: 0
           ... node has no more children
          ... node has no more children
         ... node has no more children
        *** Generating:  105:    ADDTOPTR
        *** Generating:  106:    LOADFROMADDR
        ]
        ... node has no more children
       ... node has no more children
      +
      <expr2>
       <expr1>
        *** Generating:  107:    PUSHNUM           1
        UNSIGNED INTEGER LITERAL: 1
        ... node has no more children
       ... node has no more children
      *** Generating:  108:    ADD
      ... node has no more children
     *** Generating:  109:    SAVETOADDR
     ;
     ... node has no more children
    ... node has no more children
   <statement>
    Reserved Word: return
    <expr3>
     <expr2>
      <expr1>
       IDENTIFIER: result  [local var (stackframe offset = 1)]
       *** Generating:  110:    PUSHLOCADDR       1
       *** Generating:  111:    LOADFROMADDR
       ... node has no more children
      ... node has no more children
     ... node has no more children
    *** Generating:  112:    RETURN            3
    ;
    ... node has no more children
   }
   ... node has no more children
  *** Fixed Up:  42:     INITSTKFRM        1
  ... node has no more children
 }
 ... node has no more children



Instructions Generated:

0:      PUSHSTATADDR      0
1:      PUSHNUM           1
2:      HEAPALLOC
3:      SAVETOADDR
4:      INITSTKFRM        0
5:      PUSHSTATADDR      1
6:      PUSHNUM           101
7:      HEAPALLOC
8:      SAVETOADDR
9:      PUSHSTATADDR      1
10:     LOADFROMADDR
11:     PUSHNUM           2
12:     PUSHNUM           3
13:     PASSPARAM
14:     PUSHNUM           3
15:     PASSPARAM
16:     PUSHSTATADDR      0
17:     LOADFROMADDR
18:     PASSPARAM
19:     CALLSTATMETHOD    42
20:     ADD
21:     ADDTOPTR
22:     PUSHNUM           17
23:     CHANGESIGN
24:     SAVETOADDR
25:     PUSHSTATADDR      1
26:     LOADFROMADDR
27:     PUSHNUM           63
28:     ADDTOPTR
29:     LOADFROMADDR
30:     WRITEINT
31:     WRITELNOP
32:     WRITESTRING       2     2
33:     WRITELNOP
34:     PUSHSTATADDR      0
35:     LOADFROMADDR
36:     PUSHNUM           0
37:     ADDTOPTR
38:     LOADFROMADDR
39:     WRITEINT
40:     WRITELNOP
41:     STOP
42:     INITSTKFRM        1
43:     PUSHLOCADDR       -4
44:     LOADFROMADDR
45:     PUSHNUM           0
46:     EQ
47:     JUMPONFALSE       55
48:     PUSHLOCADDR       1
49:     PUSHLOCADDR       -3
50:     LOADFROMADDR
51:     PUSHNUM           1
52:     ADD
53:     SAVETOADDR
54:     JUMP              98
55:     PUSHLOCADDR       -3
56:     LOADFROMADDR
57:     PUSHNUM           0
58:     EQ
59:     JUMPONFALSE       74
60:     PUSHLOCADDR       1
61:     PUSHLOCADDR       -4
62:     LOADFROMADDR
63:     PUSHNUM           1
64:     SUB
65:     PASSPARAM
66:     PUSHNUM           1
67:     PASSPARAM
68:     PUSHLOCADDR       -2
69:     LOADFROMADDR
70:     PASSPARAM
71:     CALLSTATMETHOD    42
72:     SAVETOADDR
73:     JUMP              98
74:     PUSHLOCADDR       1
75:     PUSHLOCADDR       -4
76:     LOADFROMADDR
77:     PUSHNUM           1
78:     SUB
79:     PASSPARAM
80:     PUSHLOCADDR       -4
81:     LOADFROMADDR
82:     PASSPARAM
83:     PUSHLOCADDR       -3
84:     LOADFROMADDR
85:     PUSHNUM           1
86:     SUB
87:     PASSPARAM
88:     PUSHLOCADDR       -2
89:     LOADFROMADDR
90:     PASSPARAM
91:     CALLSTATMETHOD    42
92:     PASSPARAM
93:     PUSHLOCADDR       -2
94:     LOADFROMADDR
95:     PASSPARAM
96:     CALLSTATMETHOD    42
97:     SAVETOADDR
98:     PUSHLOCADDR       -2
99:     LOADFROMADDR
100:    PUSHNUM           0
101:    ADDTOPTR
102:    PUSHLOCADDR       -2
103:    LOADFROMADDR
104:    PUSHNUM           0
105:    ADDTOPTR
106:    LOADFROMADDR
107:    PUSHNUM           1
108:    ADD
109:    SAVETOADDR
110:    PUSHLOCADDR       1
111:    LOADFROMADDR
112:    RETURN            3



Data memory dump

  Data memory--addresses 0 to top of stack, and allocated heap locations:
  0: 0 = Ctrl-@
  1: 0 = Ctrl-@
  2: 32 = ' '

  PC=0  ESP=0  FP=<not in use>  ASP= POINTER TO 3
  HP= POINTER TO 10000  HMAX= POINTER TO 15000

  No instructions executed.

  Expression evaluation stack: <empty>

