<program>
 Reserved Word: class
 IDENTIFIER: CS316ex10  [not in symbol table]
 {
 <dataFieldDecl>
  Reserved Word: static
  <varDecl>
   Reserved Word: int
   <singleVarDecl>
    IDENTIFIER: a  [not in symbol table]
    [
    ]
    =
    *** Generating:  0:      PUSHSTATADDR      0
    <expr3>
     <expr2>
      <expr1>
       Reserved Word: new
       Reserved Word: int
       [
       <expr3>
        <expr2>
         <expr1>
          *** Generating:  1:      PUSHNUM           6
          UNSIGNED INTEGER LITERAL: 6
          ... node has no more children
         ... node has no more children
        ... node has no more children
       *** Generating:  2:      HEAPALLOC
       ]
       ... node has no more children
      ... node has no more children
     ... node has no more children
    *** Generating:  3:      SAVETOADDR
    ... node has no more children
   ,
   <singleVarDecl>
    IDENTIFIER: i  [not in symbol table]
    =
    *** Generating:  4:      PUSHSTATADDR      1
    <expr3>
     <expr2>
      <expr1>
       *** Generating:  5:      PUSHNUM           5
       UNSIGNED INTEGER LITERAL: 5
       ... node has no more children
      ... node has no more children
     ... node has no more children
    *** Generating:  6:      SAVETOADDR
    ... node has no more children
   ,
   <singleVarDecl>
    IDENTIFIER: c  [not in symbol table]
    [
    ]
    =
    *** Generating:  7:      PUSHSTATADDR      2
    <expr3>
     <expr2>
      <expr1>
       Reserved Word: new
       Reserved Word: int
       [
       <expr3>
        <expr2>
         <expr1>
          *** Generating:  8:      PUSHNUM           2
          UNSIGNED INTEGER LITERAL: 2
          ... node has no more children
         *
         <expr1>
          IDENTIFIER: i  [static var (address = 1)]
          *** Generating:  9:      PUSHSTATADDR      1
          *** Generating:  10:     LOADFROMADDR
          ... node has no more children
         *** Generating:  11:     MUL
         ... node has no more children
        +
        <expr2>
         <expr1>
          *** Generating:  12:     PUSHNUM           1
          UNSIGNED INTEGER LITERAL: 1
          ... node has no more children
         ... node has no more children
        *** Generating:  13:     ADD
        ... node has no more children
       *** Generating:  14:     HEAPALLOC
       ]
       ... node has no more children
      ... node has no more children
     ... node has no more children
    *** Generating:  15:     SAVETOADDR
    ... node has no more children
   ;
   ... node has no more children
  ... node has no more children
 <mainDecl>
  Reserved Word: public
  Reserved Word: static
  Reserved Word: void
  Reserved Word: main
  (
  Reserved Word: String
  IDENTIFIER: args  [not in symbol table]
  [
  ]
  )
  *** Generating:  16:     INITSTKFRM        ?
  <compoundStmt>
   {
   <statement>
    <assignmentOrInvoc>
     IDENTIFIER: a  [static var (address = 0)]
     *** Generating:  17:     PUSHSTATADDR      0
     *** Generating:  18:     LOADFROMADDR
     [
     <expr3>
      <expr2>
       <expr1>
        *** Generating:  19:     PUSHNUM           1
        UNSIGNED INTEGER LITERAL: 1
        ... node has no more children
       ... node has no more children
      ... node has no more children
     ]
     *** Generating:  20:     ADDTOPTR
     =
     <expr3>
      <expr2>
       <expr1>
        *** Generating:  21:     PUSHNUM           1
        UNSIGNED INTEGER LITERAL: 1
        ... node has no more children
       ... node has no more children
      ... node has no more children
     *** Generating:  22:     SAVETOADDR
     ;
     ... node has no more children
    ... node has no more children
   <statement>
    <assignmentOrInvoc>
     IDENTIFIER: a  [static var (address = 0)]
     *** Generating:  23:     PUSHSTATADDR      0
     *** Generating:  24:     LOADFROMADDR
     [
     <expr3>
      <expr2>
       <expr1>
        *** Generating:  25:     PUSHNUM           2
        UNSIGNED INTEGER LITERAL: 2
        ... node has no more children
       ... node has no more children
      ... node has no more children
     ]
     *** Generating:  26:     ADDTOPTR
     =
     <expr3>
      <expr2>
       <expr1>
        *** Generating:  27:     PUSHNUM           2
        UNSIGNED INTEGER LITERAL: 2
        ... node has no more children
       ... node has no more children
      ... node has no more children
     *** Generating:  28:     SAVETOADDR
     ;
     ... node has no more children
    ... node has no more children
   <statement>
    <assignmentOrInvoc>
     IDENTIFIER: a  [static var (address = 0)]
     *** Generating:  29:     PUSHSTATADDR      0
     *** Generating:  30:     LOADFROMADDR
     [
     <expr3>
      <expr2>
       <expr1>
        *** Generating:  31:     PUSHNUM           3
        UNSIGNED INTEGER LITERAL: 3
        ... node has no more children
       ... node has no more children
      ... node has no more children
     ]
     *** Generating:  32:     ADDTOPTR
     =
     <expr3>
      <expr2>
       <expr1>
        *** Generating:  33:     PUSHNUM           5
        UNSIGNED INTEGER LITERAL: 5
        ... node has no more children
       ... node has no more children
      ... node has no more children
     *** Generating:  34:     SAVETOADDR
     ;
     ... node has no more children
    ... node has no more children
   <statement>
    <assignmentOrInvoc>
     IDENTIFIER: a  [static var (address = 0)]
     *** Generating:  35:     PUSHSTATADDR      0
     *** Generating:  36:     LOADFROMADDR
     [
     <expr3>
      <expr2>
       <expr1>
        *** Generating:  37:     PUSHNUM           4
        UNSIGNED INTEGER LITERAL: 4
        ... node has no more children
       ... node has no more children
      ... node has no more children
     ]
     *** Generating:  38:     ADDTOPTR
     =
     <expr3>
      <expr2>
       <expr1>
        *** Generating:  39:     PUSHNUM           7
        UNSIGNED INTEGER LITERAL: 7
        ... node has no more children
       ... node has no more children
      ... node has no more children
     *** Generating:  40:     SAVETOADDR
     ;
     ... node has no more children
    ... node has no more children
   <statement>
    <assignmentOrInvoc>
     IDENTIFIER: a  [static var (address = 0)]
     *** Generating:  41:     PUSHSTATADDR      0
     *** Generating:  42:     LOADFROMADDR
     [
     <expr3>
      <expr2>
       <expr1>
        *** Generating:  43:     PUSHNUM           5
        UNSIGNED INTEGER LITERAL: 5
        ... node has no more children
       ... node has no more children
      ... node has no more children
     ]
     *** Generating:  44:     ADDTOPTR
     =
     <expr3>
      <expr2>
       <expr1>
        *** Generating:  45:     PUSHNUM           8
        UNSIGNED INTEGER LITERAL: 8
        ... node has no more children
       ... node has no more children
      ... node has no more children
     *** Generating:  46:     SAVETOADDR
     ;
     ... node has no more children
    ... node has no more children
   <statement>
    <assignmentOrInvoc>
     IDENTIFIER: mergearrays  [not in symbol table]
     <argumentList>
      (
      )
      ... node has no more children
     *** Generating:  47:     CALLSTATMETHOD    ?
     *** Generating:  48:     NOPorDISCARDVALUE
     ;
     ... node has no more children
    ... node has no more children
   <statement>
    <assignmentOrInvoc>
     IDENTIFIER: i  [static var (address = 1)]
     *** Generating:  49:     PUSHSTATADDR      1
     =
     <expr3>
      <expr2>
       <expr1>
        *** Generating:  50:     PUSHNUM           1
        UNSIGNED INTEGER LITERAL: 1
        ... node has no more children
       ... node has no more children
      ... node has no more children
     *** Generating:  51:     SAVETOADDR
     ;
     ... node has no more children
    ... node has no more children
   <statement>
    <whileStmt>
     Reserved Word: while
     (
     <expr7>
      <expr6>
       <expr5>
        <expr4>
         <expr3>
          <expr2>
           <expr1>
            IDENTIFIER: i  [static var (address = 1)]
            *** Generating:  52:     PUSHSTATADDR      1
            *** Generating:  53:     LOADFROMADDR
            ... node has no more children
           ... node has no more children
          ... node has no more children
         <=
         <expr3>
          <expr2>
           <expr1>
            *** Generating:  54:     PUSHNUM           10
            UNSIGNED INTEGER LITERAL: 10
            ... node has no more children
           ... node has no more children
          ... node has no more children
         *** Generating:  55:     LE
         ... node has no more children
        ... node has no more children
       ... node has no more children
      ... node has no more children
     )
     *** Generating:  56:     JUMPONFALSE       ?
     <statement>
      <compoundStmt>
       {
       <statement>
        <outputStmt>
         Reserved Word: System
         .
         Reserved Word: out
         .
         Reserved Word: print
         (
         <printArgument>
          <expr3>
           <expr2>
            <expr1>
             IDENTIFIER: c  [static var (address = 2)]
             *** Generating:  57:     PUSHSTATADDR      2
             *** Generating:  58:     LOADFROMADDR
             [
             <expr3>
              <expr2>
               <expr1>
                IDENTIFIER: i  [static var (address = 1)]
                *** Generating:  59:     PUSHSTATADDR      1
                *** Generating:  60:     LOADFROMADDR
                ... node has no more children
               ... node has no more children
              ... node has no more children
             *** Generating:  61:     ADDTOPTR
             *** Generating:  62:     LOADFROMADDR
             ]
             ... node has no more children
            ... node has no more children
           ... node has no more children
          *** Generating:  63:     WRITEINT
          ... node has no more children
         )
         ;
         ... node has no more children
        ... node has no more children
       <statement>
        <outputStmt>
         Reserved Word: System
         .
         Reserved Word: out
         .
         Reserved Word: print
         (
         <printArgument>
          *** Generating:  64:     WRITESTRING       3     3
          CHARACTER STRING LITERAL: " "
          ... node has no more children
         )
         ;
         ... node has no more children
        ... node has no more children
       <statement>
        <ifStmt>
         Reserved Word: if
         (
         <expr7>
          <expr6>
           <expr5>
            <expr4>
             <expr3>
              <expr2>
               <expr1>
                IDENTIFIER: i  [static var (address = 1)]
                *** Generating:  65:     PUSHSTATADDR      1
                *** Generating:  66:     LOADFROMADDR
                ... node has no more children
               %
               <expr1>
                *** Generating:  67:     PUSHNUM           5
                UNSIGNED INTEGER LITERAL: 5
                ... node has no more children
               *** Generating:  68:     MOD
               ... node has no more children
              ... node has no more children
             ... node has no more children
            ==
            <expr4>
             <expr3>
              <expr2>
               <expr1>
                *** Generating:  69:     PUSHNUM           0
                UNSIGNED INTEGER LITERAL: 0
                ... node has no more children
               ... node has no more children
              ... node has no more children
             ... node has no more children
            *** Generating:  70:     EQ
            ... node has no more children
           ... node has no more children
          ... node has no more children
         )
         *** Generating:  71:     JUMPONFALSE       ?
         <statement>
          <outputStmt>
           Reserved Word: System
           .
           Reserved Word: out
           .
           Reserved Word: println
           (
           )
           ;
           *** Generating:  72:     WRITELNOP
           ... node has no more children
          ... node has no more children
         *** Fixed Up:  71:     JUMPONFALSE       73
         ... node has no more children
        ... node has no more children
       <statement>
        <assignmentOrInvoc>
         IDENTIFIER: i  [static var (address = 1)]
         *** Generating:  73:     PUSHSTATADDR      1
         =
         <expr3>
          <expr2>
           <expr1>
            IDENTIFIER: i  [static var (address = 1)]
            *** Generating:  74:     PUSHSTATADDR      1
            *** Generating:  75:     LOADFROMADDR
            ... node has no more children
           ... node has no more children
          +
          <expr2>
           <expr1>
            *** Generating:  76:     PUSHNUM           1
            UNSIGNED INTEGER LITERAL: 1
            ... node has no more children
           ... node has no more children
          *** Generating:  77:     ADD
          ... node has no more children
         *** Generating:  78:     SAVETOADDR
         ;
         ... node has no more children
        ... node has no more children
       }
       ... node has no more children
      ... node has no more children
     *** Generating:  79:     JUMP              52
     *** Fixed Up:  56:     JUMPONFALSE       80
     ... node has no more children
    ... node has no more children
   }
   ... node has no more children
  *** Fixed Up:  16:     INITSTKFRM        0
  *** Generating:  80:     STOP
  ... node has no more children
 <methodDecl>
  Reserved Word: static
  Reserved Word: void
  *** Fixed Up: 48:     NOP
  *** Fixed Up:  47:     CALLSTATMETHOD    81
  *** Generating:  81:     INITSTKFRM        ?
  IDENTIFIER: mergearrays  [method (start address = 81)]
  (
  <parameterDeclList>
   <empty>
   ... node has no more children
  )
  <compoundStmt>
   {
   <statement>
    <varDecl>
     Reserved Word: int
     <singleVarDecl>
      IDENTIFIER: acurrent  [not in symbol table]
      ... node has no more children
     ,
     <singleVarDecl>
      IDENTIFIER: bcurrent  [not in symbol table]
      ... node has no more children
     ,
     <singleVarDecl>
      IDENTIFIER: aindex  [not in symbol table]
      ... node has no more children
     ,
     <singleVarDecl>
      IDENTIFIER: bindex  [not in symbol table]
      ... node has no more children
     ,
     <singleVarDecl>
      IDENTIFIER: cindex  [not in symbol table]
      ... node has no more children
     ;
     ... node has no more children
    ... node has no more children
   <statement>
    <varDecl>
     Reserved Word: int
     <singleVarDecl>
      IDENTIFIER: b  [not in symbol table]
      [
      ]
      =
      *** Generating:  82:     PUSHLOCADDR       6
      <expr3>
       <expr2>
        <expr1>
         Reserved Word: null
         *** Generating:  83:     PUSHNUM           0
         ... node has no more children
        ... node has no more children
       ... node has no more children
      *** Generating:  84:     SAVETOADDR
      ... node has no more children
     ;
     ... node has no more children
    ... node has no more children
   <statement>
    <assignmentOrInvoc>
     IDENTIFIER: b  [local var (stackframe offset = 6)]
     *** Generating:  85:     PUSHLOCADDR       6
     =
     <expr3>
      <expr2>
       <expr1>
        Reserved Word: new
        Reserved Word: int
        [
        <expr3>
         <expr2>
          <expr1>
           (
           <expr7>
            <expr6>
             <expr5>
              <expr4>
               <expr3>
                <expr2>
                 <expr1>
                  IDENTIFIER: a  [static var (address = 0)]
                  *** Generating:  86:     PUSHSTATADDR      0
                  *** Generating:  87:     LOADFROMADDR
                  [
                  <expr3>
                   <expr2>
                    <expr1>
                     *** Generating:  88:     PUSHNUM           1
                     UNSIGNED INTEGER LITERAL: 1
                     ... node has no more children
                    ... node has no more children
                   ... node has no more children
                  *** Generating:  89:     ADDTOPTR
                  *** Generating:  90:     LOADFROMADDR
                  ]
                  ... node has no more children
                 ... node has no more children
                +
                <expr2>
                 <expr1>
                  *** Generating:  91:     PUSHNUM           2
                  UNSIGNED INTEGER LITERAL: 2
                  ... node has no more children
                 *
                 <expr1>
                  IDENTIFIER: a  [static var (address = 0)]
                  *** Generating:  92:     PUSHSTATADDR      0
                  *** Generating:  93:     LOADFROMADDR
                  [
                  <expr3>
                   <expr2>
                    <expr1>
                     *** Generating:  94:     PUSHNUM           2
                     UNSIGNED INTEGER LITERAL: 2
                     ... node has no more children
                    ... node has no more children
                   ... node has no more children
                  *** Generating:  95:     ADDTOPTR
                  *** Generating:  96:     LOADFROMADDR
                  ]
                  ... node has no more children
                 *** Generating:  97:     MUL
                 ... node has no more children
                *** Generating:  98:     ADD
                +
                <expr2>
                 <expr1>
                  IDENTIFIER: a  [static var (address = 0)]
                  *** Generating:  99:     PUSHSTATADDR      0
                  *** Generating:  100:    LOADFROMADDR
                  [
                  <expr3>
                   <expr2>
                    <expr1>
                     *** Generating:  101:    PUSHNUM           3
                     UNSIGNED INTEGER LITERAL: 3
                     ... node has no more children
                    ... node has no more children
                   ... node has no more children
                  *** Generating:  102:    ADDTOPTR
                  *** Generating:  103:    LOADFROMADDR
                  ]
                  ... node has no more children
                 ... node has no more children
                *** Generating:  104:    ADD
                +
                <expr2>
                 <expr1>
                  IDENTIFIER: a  [static var (address = 0)]
                  *** Generating:  105:    PUSHSTATADDR      0
                  *** Generating:  106:    LOADFROMADDR
                  [
                  <expr3>
                   <expr2>
                    <expr1>
                     *** Generating:  107:    PUSHNUM           5
                     UNSIGNED INTEGER LITERAL: 5
                     ... node has no more children
                    ... node has no more children
                   ... node has no more children
                  *** Generating:  108:    ADDTOPTR
                  *** Generating:  109:    LOADFROMADDR
                  ]
                  ... node has no more children
                 ... node has no more children
                *** Generating:  110:    ADD
                ... node has no more children
               ... node has no more children
              ... node has no more children
             ... node has no more children
            ... node has no more children
           )
           ... node has no more children
          /
          <expr1>
           (
           <expr7>
            <expr6>
             <expr5>
              <expr4>
               <expr3>
                <expr2>
                 <expr1>
                  IDENTIFIER: a  [static var (address = 0)]
                  *** Generating:  111:    PUSHSTATADDR      0
                  *** Generating:  112:    LOADFROMADDR
                  [
                  <expr3>
                   <expr2>
                    <expr1>
                     *** Generating:  113:    PUSHNUM           4
                     UNSIGNED INTEGER LITERAL: 4
                     ... node has no more children
                    ... node has no more children
                   ... node has no more children
                  *** Generating:  114:    ADDTOPTR
                  *** Generating:  115:    LOADFROMADDR
                  ]
                  ... node has no more children
                 ... node has no more children
                -
                <expr2>
                 <expr1>
                  *** Generating:  116:    PUSHNUM           4
                  UNSIGNED INTEGER LITERAL: 4
                  ... node has no more children
                 ... node has no more children
                *** Generating:  117:    SUB
                ... node has no more children
               ... node has no more children
              ... node has no more children
             ... node has no more children
            ... node has no more children
           )
           ... node has no more children
          *** Generating:  118:    DIV
          ... node has no more children
         ... node has no more children
        *** Generating:  119:    HEAPALLOC
        ]
        ... node has no more children
       ... node has no more children
      ... node has no more children
     *** Generating:  120:    SAVETOADDR
     ;
     ... node has no more children
    ... node has no more children
   <statement>
    <assignmentOrInvoc>
     IDENTIFIER: b  [local var (stackframe offset = 6)]
     *** Generating:  121:    PUSHLOCADDR       6
     *** Generating:  122:    LOADFROMADDR
     [
     <expr3>
      <expr2>
       <expr1>
        *** Generating:  123:    PUSHNUM           1
        UNSIGNED INTEGER LITERAL: 1
        ... node has no more children
       ... node has no more children
      ... node has no more children
     ]
     *** Generating:  124:    ADDTOPTR
     =
     <expr3>
      <expr2>
       <expr1>
        *** Generating:  125:    PUSHNUM           2
        UNSIGNED INTEGER LITERAL: 2
        ... node has no more children
       ... node has no more children
      ... node has no more children
     *** Generating:  126:    SAVETOADDR
     ;
     ... node has no more children
    ... node has no more children
   <statement>
    <assignmentOrInvoc>
     IDENTIFIER: b  [local var (stackframe offset = 6)]
     *** Generating:  127:    PUSHLOCADDR       6
     *** Generating:  128:    LOADFROMADDR
     [
     <expr3>
      <expr2>
       <expr1>
        *** Generating:  129:    PUSHNUM           2
        UNSIGNED INTEGER LITERAL: 2
        ... node has no more children
       ... node has no more children
      ... node has no more children
     ]
     *** Generating:  130:    ADDTOPTR
     =
     <expr3>
      <expr2>
       <expr1>
        *** Generating:  131:    PUSHNUM           3
        UNSIGNED INTEGER LITERAL: 3
        ... node has no more children
       ... node has no more children
      ... node has no more children
     *** Generating:  132:    SAVETOADDR
     ;
     ... node has no more children
    ... node has no more children
   <statement>
    <assignmentOrInvoc>
     IDENTIFIER: b  [local var (stackframe offset = 6)]
     *** Generating:  133:    PUSHLOCADDR       6
     *** Generating:  134:    LOADFROMADDR
     [
     <expr3>
      <expr2>
       <expr1>
        *** Generating:  135:    PUSHNUM           3
        UNSIGNED INTEGER LITERAL: 3
        ... node has no more children
       ... node has no more children
      ... node has no more children
     ]
     *** Generating:  136:    ADDTOPTR
     =
     <expr3>
      <expr2>
       <expr1>
        *** Generating:  137:    PUSHNUM           4
        UNSIGNED INTEGER LITERAL: 4
        ... node has no more children
       ... node has no more children
      ... node has no more children
     *** Generating:  138:    SAVETOADDR
     ;
     ... node has no more children
    ... node has no more children
   <statement>
    <assignmentOrInvoc>
     IDENTIFIER: b  [local var (stackframe offset = 6)]
     *** Generating:  139:    PUSHLOCADDR       6
     *** Generating:  140:    LOADFROMADDR
     [
     <expr3>
      <expr2>
       <expr1>
        *** Generating:  141:    PUSHNUM           4
        UNSIGNED INTEGER LITERAL: 4
        ... node has no more children
       ... node has no more children
      ... node has no more children
     ]
     *** Generating:  142:    ADDTOPTR
     =
     <expr3>
      <expr2>
       <expr1>
        *** Generating:  143:    PUSHNUM           6
        UNSIGNED INTEGER LITERAL: 6
        ... node has no more children
       ... node has no more children
      ... node has no more children
     *** Generating:  144:    SAVETOADDR
     ;
     ... node has no more children
    ... node has no more children
   <statement>
    <assignmentOrInvoc>
     IDENTIFIER: b  [local var (stackframe offset = 6)]
     *** Generating:  145:    PUSHLOCADDR       6
     *** Generating:  146:    LOADFROMADDR
     [
     <expr3>
      <expr2>
       <expr1>
        *** Generating:  147:    PUSHNUM           5
        UNSIGNED INTEGER LITERAL: 5
        ... node has no more children
       ... node has no more children
      ... node has no more children
     ]
     *** Generating:  148:    ADDTOPTR
     =
     <expr3>
      <expr2>
       <expr1>
        *** Generating:  149:    PUSHNUM           9
        UNSIGNED INTEGER LITERAL: 9
        ... node has no more children
       ... node has no more children
      ... node has no more children
     *** Generating:  150:    SAVETOADDR
     ;
     ... node has no more children
    ... node has no more children
   <statement>
    <assignmentOrInvoc>
     IDENTIFIER: acurrent  [local var (stackframe offset = 1)]
     *** Generating:  151:    PUSHLOCADDR       1
     =
     <expr3>
      <expr2>
       <expr1>
        IDENTIFIER: a  [static var (address = 0)]
        *** Generating:  152:    PUSHSTATADDR      0
        *** Generating:  153:    LOADFROMADDR
        [
        <expr3>
         <expr2>
          <expr1>
           *** Generating:  154:    PUSHNUM           1
           UNSIGNED INTEGER LITERAL: 1
           ... node has no more children
          ... node has no more children
         ... node has no more children
        *** Generating:  155:    ADDTOPTR
        *** Generating:  156:    LOADFROMADDR
        ]
        ... node has no more children
       ... node has no more children
      ... node has no more children
     *** Generating:  157:    SAVETOADDR
     ;
     ... node has no more children
    ... node has no more children
   <statement>
    <assignmentOrInvoc>
     IDENTIFIER: bcurrent  [local var (stackframe offset = 2)]
     *** Generating:  158:    PUSHLOCADDR       2
     =
     <expr3>
      <expr2>
       <expr1>
        IDENTIFIER: b  [local var (stackframe offset = 6)]
        *** Generating:  159:    PUSHLOCADDR       6
        *** Generating:  160:    LOADFROMADDR
        [
        <expr3>
         <expr2>
          <expr1>
           *** Generating:  161:    PUSHNUM           1
           UNSIGNED INTEGER LITERAL: 1
           ... node has no more children
          ... node has no more children
         ... node has no more children
        *** Generating:  162:    ADDTOPTR
        *** Generating:  163:    LOADFROMADDR
        ]
        ... node has no more children
       ... node has no more children
      ... node has no more children
     *** Generating:  164:    SAVETOADDR
     ;
     ... node has no more children
    ... node has no more children
   <statement>
    <assignmentOrInvoc>
     IDENTIFIER: aindex  [local var (stackframe offset = 3)]
     *** Generating:  165:    PUSHLOCADDR       3
     =
     <expr3>
      <expr2>
       <expr1>
        *** Generating:  166:    PUSHNUM           1
        UNSIGNED INTEGER LITERAL: 1
        ... node has no more children
       ... node has no more children
      ... node has no more children
     *** Generating:  167:    SAVETOADDR
     ;
     ... node has no more children
    ... node has no more children
   <statement>
    <assignmentOrInvoc>
     IDENTIFIER: bindex  [local var (stackframe offset = 4)]
     *** Generating:  168:    PUSHLOCADDR       4
     =
     <expr3>
      <expr2>
       <expr1>
        *** Generating:  169:    PUSHNUM           1
        UNSIGNED INTEGER LITERAL: 1
        ... node has no more children
       ... node has no more children
      ... node has no more children
     *** Generating:  170:    SAVETOADDR
     ;
     ... node has no more children
    ... node has no more children
   <statement>
    <assignmentOrInvoc>
     IDENTIFIER: cindex  [local var (stackframe offset = 5)]
     *** Generating:  171:    PUSHLOCADDR       5
     =
     <expr3>
      <expr2>
       <expr1>
        *** Generating:  172:    PUSHNUM           1
        UNSIGNED INTEGER LITERAL: 1
        ... node has no more children
       ... node has no more children
      ... node has no more children
     *** Generating:  173:    SAVETOADDR
     ;
     ... node has no more children
    ... node has no more children
   <statement>
    <whileStmt>
     Reserved Word: while
     (
     <expr7>
      <expr6>
       <expr5>
        <expr4>
         <expr3>
          <expr2>
           <expr1>
            IDENTIFIER: gt  [not in symbol table]
            <argumentList>
             (
             <expr3>
              <expr2>
               <expr1>
                (
                <expr7>
                 <expr6>
                  <expr5>
                   <expr4>
                    <expr3>
                     <expr2>
                      <expr1>
                       *** Generating:  174:    PUSHNUM           4
                       UNSIGNED INTEGER LITERAL: 4
                       ... node has no more children
                      *
                      <expr1>
                       (
                       <expr7>
                        <expr6>
                         <expr5>
                          <expr4>
                           <expr3>
                            <expr2>
                             <expr1>
                              IDENTIFIER: aindex  [local var (stackframe offset = 3)]
                              *** Generating:  175:    PUSHLOCADDR       3
                              *** Generating:  176:    LOADFROMADDR
                              ... node has no more children
                             ... node has no more children
                            +
                            <expr2>
                             <expr1>
                              *** Generating:  177:    PUSHNUM           2
                              UNSIGNED INTEGER LITERAL: 2
                              ... node has no more children
                             ... node has no more children
                            *** Generating:  178:    ADD
                            ... node has no more children
                           ... node has no more children
                          ... node has no more children
                         ... node has no more children
                        ... node has no more children
                       )
                       ... node has no more children
                      *** Generating:  179:    MUL
                      ... node has no more children
                     -
                     <expr2>
                      <expr1>
                       *** Generating:  180:    PUSHNUM           8
                       UNSIGNED INTEGER LITERAL: 8
                       ... node has no more children
                      ... node has no more children
                     *** Generating:  181:    SUB
                     ... node has no more children
                    ... node has no more children
                   ... node has no more children
                  ... node has no more children
                 ... node has no more children
                )
                ... node has no more children
               /
               <expr1>
                *** Generating:  182:    PUSHNUM           2
                UNSIGNED INTEGER LITERAL: 2
                ... node has no more children
               *** Generating:  183:    DIV
               /
               <expr1>
                *** Generating:  184:    PUSHNUM           2
                UNSIGNED INTEGER LITERAL: 2
                ... node has no more children
               *** Generating:  185:    DIV
               ... node has no more children
              ... node has no more children
             *** Generating:  186:    PASSPARAM
             ,
             <expr3>
              <expr2>
               <expr1>
                *** Generating:  187:    PUSHNUM           5
                UNSIGNED INTEGER LITERAL: 5
                ... node has no more children
               ... node has no more children
              ... node has no more children
             *** Generating:  188:    PASSPARAM
             )
             ... node has no more children
            *** Generating:  189:    CALLSTATMETHOD    ?
            ... node has no more children
           ... node has no more children
          ... node has no more children
         ... node has no more children
        ==
        <expr4>
         <expr3>
          <expr2>
           <expr1>
            *** Generating:  190:    PUSHNUM           0
            UNSIGNED INTEGER LITERAL: 0
            ... node has no more children
           ... node has no more children
          ... node has no more children
         ... node has no more children
        *** Generating:  191:    EQ
        ... node has no more children
       ... node has no more children
      |
      <expr6>
       <expr5>
        <expr4>
         <expr3>
          <expr2>
           <expr1>
            IDENTIFIER: gt  [method (start address not yet known)]
            <argumentList>
             (
             <expr3>
              <expr2>
               <expr1>
                IDENTIFIER: bindex  [local var (stackframe offset = 4)]
                *** Generating:  192:    PUSHLOCADDR       4
                *** Generating:  193:    LOADFROMADDR
                ... node has no more children
               ... node has no more children
              ... node has no more children
             *** Generating:  194:    PASSPARAM
             ,
             <expr3>
              <expr2>
               <expr1>
                *** Generating:  195:    PUSHNUM           5
                UNSIGNED INTEGER LITERAL: 5
                ... node has no more children
               ... node has no more children
              ... node has no more children
             *** Generating:  196:    PASSPARAM
             )
             ... node has no more children
            *** Generating:  197:    CALLSTATMETHOD    ?
            ... node has no more children
           ... node has no more children
          ... node has no more children
         ... node has no more children
        ==
        <expr4>
         <expr3>
          <expr2>
           <expr1>
            *** Generating:  198:    PUSHNUM           0
            UNSIGNED INTEGER LITERAL: 0
            ... node has no more children
           ... node has no more children
          ... node has no more children
         ... node has no more children
        *** Generating:  199:    EQ
        ... node has no more children
       ... node has no more children
      *** Generating:  200:    OR
      ... node has no more children
     )
     *** Generating:  201:    JUMPONFALSE       ?
     <statement>
      <compoundStmt>
       {
       <statement>
        <ifStmt>
         Reserved Word: if
         (
         <expr7>
          <expr6>
           <expr5>
            <expr4>
             <expr3>
              <expr2>
               <expr1>
                IDENTIFIER: gt  [method (start address not yet known)]
                <argumentList>
                 (
                 <expr3>
                  <expr2>
                   <expr1>
                    IDENTIFIER: aindex  [local var (stackframe offset = 3)]
                    *** Generating:  202:    PUSHLOCADDR       3
                    *** Generating:  203:    LOADFROMADDR
                    ... node has no more children
                   ... node has no more children
                  ... node has no more children
                 *** Generating:  204:    PASSPARAM
                 ,
                 <expr3>
                  <expr2>
                   <expr1>
                    *** Generating:  205:    PUSHNUM           5
                    UNSIGNED INTEGER LITERAL: 5
                    ... node has no more children
                   ... node has no more children
                  ... node has no more children
                 *** Generating:  206:    PASSPARAM
                 )
                 ... node has no more children
                *** Generating:  207:    CALLSTATMETHOD    ?
                ... node has no more children
               ... node has no more children
              ... node has no more children
             ... node has no more children
            ==
            <expr4>
             <expr3>
              <expr2>
               <expr1>
                *** Generating:  208:    PUSHNUM           1
                UNSIGNED INTEGER LITERAL: 1
                ... node has no more children
               ... node has no more children
              ... node has no more children
             ... node has no more children
            *** Generating:  209:    EQ
            ... node has no more children
           ... node has no more children
          |
          <expr6>
           <expr5>
            <expr4>
             <expr3>
              <expr2>
               <expr1>
                IDENTIFIER: leq  [not in symbol table]
                <argumentList>
                 (
                 <expr3>
                  <expr2>
                   <expr1>
                    (
                    <expr7>
                     <expr6>
                      <expr5>
                       <expr4>
                        <expr3>
                         <expr2>
                          <expr1>
                           *** Generating:  210:    PUSHNUM           4
                           UNSIGNED INTEGER LITERAL: 4
                           ... node has no more children
                          *
                          <expr1>
                           (
                           <expr7>
                            <expr6>
                             <expr5>
                              <expr4>
                               <expr3>
                                <expr2>
                                 <expr1>
                                  IDENTIFIER: bcurrent  [local var (stackframe offset = 2)]
                                  *** Generating:  211:    PUSHLOCADDR       2
                                  *** Generating:  212:    LOADFROMADDR
                                  ... node has no more children
                                 ... node has no more children
                                +
                                <expr2>
                                 <expr1>
                                  *** Generating:  213:    PUSHNUM           2
                                  UNSIGNED INTEGER LITERAL: 2
                                  ... node has no more children
                                 ... node has no more children
                                *** Generating:  214:    ADD
                                ... node has no more children
                               ... node has no more children
                              ... node has no more children
                             ... node has no more children
                            ... node has no more children
                           )
                           ... node has no more children
                          *** Generating:  215:    MUL
                          ... node has no more children
                         -
                         <expr2>
                          <expr1>
                           *** Generating:  216:    PUSHNUM           8
                           UNSIGNED INTEGER LITERAL: 8
                           ... node has no more children
                          ... node has no more children
                         *** Generating:  217:    SUB
                         ... node has no more children
                        ... node has no more children
                       ... node has no more children
                      ... node has no more children
                     ... node has no more children
                    )
                    ... node has no more children
                   /
                   <expr1>
                    *** Generating:  218:    PUSHNUM           2
                    UNSIGNED INTEGER LITERAL: 2
                    ... node has no more children
                   *** Generating:  219:    DIV
                   /
                   <expr1>
                    *** Generating:  220:    PUSHNUM           2
                    UNSIGNED INTEGER LITERAL: 2
                    ... node has no more children
                   *** Generating:  221:    DIV
                   ... node has no more children
                  ... node has no more children
                 *** Generating:  222:    PASSPARAM
                 ,
                 <expr3>
                  <expr2>
                   <expr1>
                    (
                    <expr7>
                     <expr6>
                      <expr5>
                       <expr4>
                        <expr3>
                         <expr2>
                          <expr1>
                           *** Generating:  223:    PUSHNUM           4
                           UNSIGNED INTEGER LITERAL: 4
                           ... node has no more children
                          *
                          <expr1>
                           (
                           <expr7>
                            <expr6>
                             <expr5>
                              <expr4>
                               <expr3>
                                <expr2>
                                 <expr1>
                                  IDENTIFIER: acurrent  [local var (stackframe offset = 1)]
                                  *** Generating:  224:    PUSHLOCADDR       1
                                  *** Generating:  225:    LOADFROMADDR
                                  ... node has no more children
                                 ... node has no more children
                                +
                                <expr2>
                                 <expr1>
                                  *** Generating:  226:    PUSHNUM           2
                                  UNSIGNED INTEGER LITERAL: 2
                                  ... node has no more children
                                 ... node has no more children
                                *** Generating:  227:    ADD
                                ... node has no more children
                               ... node has no more children
                              ... node has no more children
                             ... node has no more children
                            ... node has no more children
                           )
                           ... node has no more children
                          *** Generating:  228:    MUL
                          ... node has no more children
                         -
                         <expr2>
                          <expr1>
                           *** Generating:  229:    PUSHNUM           8
                           UNSIGNED INTEGER LITERAL: 8
                           ... node has no more children
                          ... node has no more children
                         *** Generating:  230:    SUB
                         ... node has no more children
                        ... node has no more children
                       ... node has no more children
                      ... node has no more children
                     ... node has no more children
                    )
                    ... node has no more children
                   /
                   <expr1>
                    *** Generating:  231:    PUSHNUM           2
                    UNSIGNED INTEGER LITERAL: 2
                    ... node has no more children
                   *** Generating:  232:    DIV
                   /
                   <expr1>
                    *** Generating:  233:    PUSHNUM           2
                    UNSIGNED INTEGER LITERAL: 2
                    ... node has no more children
                   *** Generating:  234:    DIV
                   ... node has no more children
                  ... node has no more children
                 *** Generating:  235:    PASSPARAM
                 )
                 ... node has no more children
                *** Generating:  236:    CALLSTATMETHOD    ?
                ... node has no more children
               ... node has no more children
              ... node has no more children
             ... node has no more children
            ==
            <expr4>
             <expr3>
              <expr2>
               <expr1>
                *** Generating:  237:    PUSHNUM           1
                UNSIGNED INTEGER LITERAL: 1
                ... node has no more children
               ... node has no more children
              ... node has no more children
             ... node has no more children
            *** Generating:  238:    EQ
            ... node has no more children
           ... node has no more children
          *** Generating:  239:    OR
          ... node has no more children
         )
         *** Generating:  240:    JUMPONFALSE       ?
         <statement>
          <compoundStmt>
           {
           <statement>
            <assignmentOrInvoc>
             IDENTIFIER: c  [static var (address = 2)]
             *** Generating:  241:    PUSHSTATADDR      2
             *** Generating:  242:    LOADFROMADDR
             [
             <expr3>
              <expr2>
               <expr1>
                (
                <expr7>
                 <expr6>
                  <expr5>
                   <expr4>
                    <expr3>
                     <expr2>
                      <expr1>
                       *** Generating:  243:    PUSHNUM           4
                       UNSIGNED INTEGER LITERAL: 4
                       ... node has no more children
                      *
                      <expr1>
                       (
                       <expr7>
                        <expr6>
                         <expr5>
                          <expr4>
                           <expr3>
                            <expr2>
                             <expr1>
                              IDENTIFIER: cindex  [local var (stackframe offset = 5)]
                              *** Generating:  244:    PUSHLOCADDR       5
                              *** Generating:  245:    LOADFROMADDR
                              ... node has no more children
                             ... node has no more children
                            +
                            <expr2>
                             <expr1>
                              *** Generating:  246:    PUSHNUM           2
                              UNSIGNED INTEGER LITERAL: 2
                              ... node has no more children
                             ... node has no more children
                            *** Generating:  247:    ADD
                            ... node has no more children
                           ... node has no more children
                          ... node has no more children
                         ... node has no more children
                        ... node has no more children
                       )
                       ... node has no more children
                      *** Generating:  248:    MUL
                      ... node has no more children
                     -
                     <expr2>
                      <expr1>
                       *** Generating:  249:    PUSHNUM           8
                       UNSIGNED INTEGER LITERAL: 8
                       ... node has no more children
                      ... node has no more children
                     *** Generating:  250:    SUB
                     ... node has no more children
                    ... node has no more children
                   ... node has no more children
                  ... node has no more children
                 ... node has no more children
                )
                ... node has no more children
               /
               <expr1>
                *** Generating:  251:    PUSHNUM           2
                UNSIGNED INTEGER LITERAL: 2
                ... node has no more children
               *** Generating:  252:    DIV
               /
               <expr1>
                *** Generating:  253:    PUSHNUM           2
                UNSIGNED INTEGER LITERAL: 2
                ... node has no more children
               *** Generating:  254:    DIV
               ... node has no more children
              ... node has no more children
             ]
             *** Generating:  255:    ADDTOPTR
             =
             <expr3>
              <expr2>
               <expr1>
                IDENTIFIER: bcurrent  [local var (stackframe offset = 2)]
                *** Generating:  256:    PUSHLOCADDR       2
                *** Generating:  257:    LOADFROMADDR
                ... node has no more children
               ... node has no more children
              ... node has no more children
             *** Generating:  258:    SAVETOADDR
             ;
             ... node has no more children
            ... node has no more children
           <statement>
            <assignmentOrInvoc>
             IDENTIFIER: bindex  [local var (stackframe offset = 4)]
             *** Generating:  259:    PUSHLOCADDR       4
             =
             <expr3>
              <expr2>
               <expr1>
                IDENTIFIER: bindex  [local var (stackframe offset = 4)]
                *** Generating:  260:    PUSHLOCADDR       4
                *** Generating:  261:    LOADFROMADDR
                ... node has no more children
               ... node has no more children
              +
              <expr2>
               <expr1>
                *** Generating:  262:    PUSHNUM           1
                UNSIGNED INTEGER LITERAL: 1
                ... node has no more children
               ... node has no more children
              *** Generating:  263:    ADD
              ... node has no more children
             *** Generating:  264:    SAVETOADDR
             ;
             ... node has no more children
            ... node has no more children
           <statement>
            <ifStmt>
             Reserved Word: if
             (
             <expr7>
              <expr6>
               <expr5>
                <expr4>
                 <expr3>
                  <expr2>
                   <expr1>
                    IDENTIFIER: bindex  [local var (stackframe offset = 4)]
                    *** Generating:  265:    PUSHLOCADDR       4
                    *** Generating:  266:    LOADFROMADDR
                    ... node has no more children
                   ... node has no more children
                  ... node has no more children
                 <=
                 <expr3>
                  <expr2>
                   <expr1>
                    *** Generating:  267:    PUSHNUM           5
                    UNSIGNED INTEGER LITERAL: 5
                    ... node has no more children
                   ... node has no more children
                  ... node has no more children
                 *** Generating:  268:    LE
                 ... node has no more children
                ... node has no more children
               ... node has no more children
              ... node has no more children
             )
             *** Generating:  269:    JUMPONFALSE       ?
             <statement>
              <assignmentOrInvoc>
               IDENTIFIER: bcurrent  [local var (stackframe offset = 2)]
               *** Generating:  270:    PUSHLOCADDR       2
               =
               <expr3>
                <expr2>
                 <expr1>
                  IDENTIFIER: b  [local var (stackframe offset = 6)]
                  *** Generating:  271:    PUSHLOCADDR       6
                  *** Generating:  272:    LOADFROMADDR
                  [
                  <expr3>
                   <expr2>
                    <expr1>
                     (
                     <expr7>
                      <expr6>
                       <expr5>
                        <expr4>
                         <expr3>
                          <expr2>
                           <expr1>
                            *** Generating:  273:    PUSHNUM           4
                            UNSIGNED INTEGER LITERAL: 4
                            ... node has no more children
                           *
                           <expr1>
                            (
                            <expr7>
                             <expr6>
                              <expr5>
                               <expr4>
                                <expr3>
                                 <expr2>
                                  <expr1>
                                   IDENTIFIER: bindex  [local var (stackframe offset = 4)]
                                   *** Generating:  274:    PUSHLOCADDR       4
                                   *** Generating:  275:    LOADFROMADDR
                                   ... node has no more children
                                  ... node has no more children
                                 +
                                 <expr2>
                                  <expr1>
                                   *** Generating:  276:    PUSHNUM           2
                                   UNSIGNED INTEGER LITERAL: 2
                                   ... node has no more children
                                  ... node has no more children
                                 *** Generating:  277:    ADD
                                 ... node has no more children
                                ... node has no more children
                               ... node has no more children
                              ... node has no more children
                             ... node has no more children
                            )
                            ... node has no more children
                           *** Generating:  278:    MUL
                           ... node has no more children
                          -
                          <expr2>
                           <expr1>
                            *** Generating:  279:    PUSHNUM           8
                            UNSIGNED INTEGER LITERAL: 8
                            ... node has no more children
                           ... node has no more children
                          *** Generating:  280:    SUB
                          ... node has no more children
                         ... node has no more children
                        ... node has no more children
                       ... node has no more children
                      ... node has no more children
                     )
                     ... node has no more children
                    /
                    <expr1>
                     *** Generating:  281:    PUSHNUM           2
                     UNSIGNED INTEGER LITERAL: 2
                     ... node has no more children
                    *** Generating:  282:    DIV
                    /
                    <expr1>
                     *** Generating:  283:    PUSHNUM           2
                     UNSIGNED INTEGER LITERAL: 2
                     ... node has no more children
                    *** Generating:  284:    DIV
                    ... node has no more children
                   ... node has no more children
                  *** Generating:  285:    ADDTOPTR
                  *** Generating:  286:    LOADFROMADDR
                  ]
                  ... node has no more children
                 ... node has no more children
                ... node has no more children
               *** Generating:  287:    SAVETOADDR
               ;
               ... node has no more children
              ... node has no more children
             *** Fixed Up:  269:    JUMPONFALSE       288
             ... node has no more children
            ... node has no more children
           }
           ... node has no more children
          ... node has no more children
         Reserved Word: else
         *** Generating:  288:    JUMP              ?
         *** Fixed Up:  240:    JUMPONFALSE       289
         <statement>
          <ifStmt>
           Reserved Word: if
           (
           <expr7>
            <expr6>
             <expr5>
              <expr4>
               <expr3>
                <expr2>
                 <expr1>
                  IDENTIFIER: gt  [method (start address not yet known)]
                  <argumentList>
                   (
                   <expr3>
                    <expr2>
                     <expr1>
                      IDENTIFIER: bindex  [local var (stackframe offset = 4)]
                      *** Generating:  289:    PUSHLOCADDR       4
                      *** Generating:  290:    LOADFROMADDR
                      ... node has no more children
                     ... node has no more children
                    ... node has no more children
                   *** Generating:  291:    PASSPARAM
                   ,
                   <expr3>
                    <expr2>
                     <expr1>
                      *** Generating:  292:    PUSHNUM           5
                      UNSIGNED INTEGER LITERAL: 5
                      ... node has no more children
                     ... node has no more children
                    ... node has no more children
                   *** Generating:  293:    PASSPARAM
                   )
                   ... node has no more children
                  *** Generating:  294:    CALLSTATMETHOD    ?
                  ... node has no more children
                 ... node has no more children
                ... node has no more children
               ... node has no more children
              ==
              <expr4>
               <expr3>
                <expr2>
                 <expr1>
                  *** Generating:  295:    PUSHNUM           1
                  UNSIGNED INTEGER LITERAL: 1
                  ... node has no more children
                 ... node has no more children
                ... node has no more children
               ... node has no more children
              *** Generating:  296:    EQ
              ... node has no more children
             ... node has no more children
            |
            <expr6>
             <expr5>
              <expr4>
               <expr3>
                <expr2>
                 <expr1>
                  IDENTIFIER: lt  [not in symbol table]
                  <argumentList>
                   (
                   <expr3>
                    <expr2>
                     <expr1>
                      IDENTIFIER: acurrent  [local var (stackframe offset = 1)]
                      *** Generating:  297:    PUSHLOCADDR       1
                      *** Generating:  298:    LOADFROMADDR
                      ... node has no more children
                     ... node has no more children
                    ... node has no more children
                   *** Generating:  299:    PASSPARAM
                   ,
                   <expr3>
                    <expr2>
                     <expr1>
                      IDENTIFIER: bcurrent  [local var (stackframe offset = 2)]
                      *** Generating:  300:    PUSHLOCADDR       2
                      *** Generating:  301:    LOADFROMADDR
                      ... node has no more children
                     ... node has no more children
                    ... node has no more children
                   *** Generating:  302:    PASSPARAM
                   )
                   ... node has no more children
                  *** Generating:  303:    CALLSTATMETHOD    ?
                  ... node has no more children
                 ... node has no more children
                ... node has no more children
               ... node has no more children
              ==
              <expr4>
               <expr3>
                <expr2>
                 <expr1>
                  *** Generating:  304:    PUSHNUM           1
                  UNSIGNED INTEGER LITERAL: 1
                  ... node has no more children
                 ... node has no more children
                ... node has no more children
               ... node has no more children
              *** Generating:  305:    EQ
              ... node has no more children
             ... node has no more children
            *** Generating:  306:    OR
            ... node has no more children
           )
           *** Generating:  307:    JUMPONFALSE       ?
           <statement>
            <compoundStmt>
             {
             <statement>
              <assignmentOrInvoc>
               IDENTIFIER: c  [static var (address = 2)]
               *** Generating:  308:    PUSHSTATADDR      2
               *** Generating:  309:    LOADFROMADDR
               [
               <expr3>
                <expr2>
                 <expr1>
                  IDENTIFIER: cindex  [local var (stackframe offset = 5)]
                  *** Generating:  310:    PUSHLOCADDR       5
                  *** Generating:  311:    LOADFROMADDR
                  ... node has no more children
                 ... node has no more children
                ... node has no more children
               ]
               *** Generating:  312:    ADDTOPTR
               =
               <expr3>
                <expr2>
                 <expr1>
                  IDENTIFIER: acurrent  [local var (stackframe offset = 1)]
                  *** Generating:  313:    PUSHLOCADDR       1
                  *** Generating:  314:    LOADFROMADDR
                  ... node has no more children
                 ... node has no more children
                ... node has no more children
               *** Generating:  315:    SAVETOADDR
               ;
               ... node has no more children
              ... node has no more children
             <statement>
              <assignmentOrInvoc>
               IDENTIFIER: aindex  [local var (stackframe offset = 3)]
               *** Generating:  316:    PUSHLOCADDR       3
               =
               <expr3>
                <expr2>
                 <expr1>
                  IDENTIFIER: aindex  [local var (stackframe offset = 3)]
                  *** Generating:  317:    PUSHLOCADDR       3
                  *** Generating:  318:    LOADFROMADDR
                  ... node has no more children
                 ... node has no more children
                +
                <expr2>
                 <expr1>
                  *** Generating:  319:    PUSHNUM           1
                  UNSIGNED INTEGER LITERAL: 1
                  ... node has no more children
                 ... node has no more children
                *** Generating:  320:    ADD
                ... node has no more children
               *** Generating:  321:    SAVETOADDR
               ;
               ... node has no more children
              ... node has no more children
             <statement>
              <ifStmt>
               Reserved Word: if
               (
               <expr7>
                <expr6>
                 <expr5>
                  <expr4>
                   <expr3>
                    <expr2>
                     <expr1>
                      IDENTIFIER: aindex  [local var (stackframe offset = 3)]
                      *** Generating:  322:    PUSHLOCADDR       3
                      *** Generating:  323:    LOADFROMADDR
                      ... node has no more children
                     ... node has no more children
                    ... node has no more children
                   <=
                   <expr3>
                    <expr2>
                     <expr1>
                      *** Generating:  324:    PUSHNUM           5
                      UNSIGNED INTEGER LITERAL: 5
                      ... node has no more children
                     ... node has no more children
                    ... node has no more children
                   *** Generating:  325:    LE
                   ... node has no more children
                  ... node has no more children
                 ... node has no more children
                ... node has no more children
               )
               *** Generating:  326:    JUMPONFALSE       ?
               <statement>
                <assignmentOrInvoc>
                 IDENTIFIER: acurrent  [local var (stackframe offset = 1)]
                 *** Generating:  327:    PUSHLOCADDR       1
                 =
                 <expr3>
                  <expr2>
                   <expr1>
                    IDENTIFIER: a  [static var (address = 0)]
                    *** Generating:  328:    PUSHSTATADDR      0
                    *** Generating:  329:    LOADFROMADDR
                    [
                    <expr3>
                     <expr2>
                      <expr1>
                       (
                       <expr7>
                        <expr6>
                         <expr5>
                          <expr4>
                           <expr3>
                            <expr2>
                             <expr1>
                              *** Generating:  330:    PUSHNUM           4
                              UNSIGNED INTEGER LITERAL: 4
                              ... node has no more children
                             *
                             <expr1>
                              (
                              <expr7>
                               <expr6>
                                <expr5>
                                 <expr4>
                                  <expr3>
                                   <expr2>
                                    <expr1>
                                     IDENTIFIER: aindex  [local var (stackframe offset = 3)]
                                     *** Generating:  331:    PUSHLOCADDR       3
                                     *** Generating:  332:    LOADFROMADDR
                                     ... node has no more children
                                    ... node has no more children
                                   +
                                   <expr2>
                                    <expr1>
                                     *** Generating:  333:    PUSHNUM           2
                                     UNSIGNED INTEGER LITERAL: 2
                                     ... node has no more children
                                    ... node has no more children
                                   *** Generating:  334:    ADD
                                   ... node has no more children
                                  ... node has no more children
                                 ... node has no more children
                                ... node has no more children
                               ... node has no more children
                              )
                              ... node has no more children
                             *** Generating:  335:    MUL
                             ... node has no more children
                            -
                            <expr2>
                             <expr1>
                              *** Generating:  336:    PUSHNUM           8
                              UNSIGNED INTEGER LITERAL: 8
                              ... node has no more children
                             ... node has no more children
                            *** Generating:  337:    SUB
                            ... node has no more children
                           ... node has no more children
                          ... node has no more children
                         ... node has no more children
                        ... node has no more children
                       )
                       ... node has no more children
                      /
                      <expr1>
                       *** Generating:  338:    PUSHNUM           2
                       UNSIGNED INTEGER LITERAL: 2
                       ... node has no more children
                      *** Generating:  339:    DIV
                      /
                      <expr1>
                       *** Generating:  340:    PUSHNUM           2
                       UNSIGNED INTEGER LITERAL: 2
                       ... node has no more children
                      *** Generating:  341:    DIV
                      ... node has no more children
                     ... node has no more children
                    *** Generating:  342:    ADDTOPTR
                    *** Generating:  343:    LOADFROMADDR
                    ]
                    ... node has no more children
                   ... node has no more children
                  ... node has no more children
                 *** Generating:  344:    SAVETOADDR
                 ;
                 ... node has no more children
                ... node has no more children
               *** Fixed Up:  326:    JUMPONFALSE       345
               ... node has no more children
              ... node has no more children
             }
             ... node has no more children
            ... node has no more children
           *** Fixed Up:  307:    JUMPONFALSE       345
           ... node has no more children
          ... node has no more children
         *** Fixed Up:  288:    JUMP              345
         ... node has no more children
        ... node has no more children
       <statement>
        <assignmentOrInvoc>
         IDENTIFIER: cindex  [local var (stackframe offset = 5)]
         *** Generating:  345:    PUSHLOCADDR       5
         =
         <expr3>
          <expr2>
           <expr1>
            IDENTIFIER: cindex  [local var (stackframe offset = 5)]
            *** Generating:  346:    PUSHLOCADDR       5
            *** Generating:  347:    LOADFROMADDR
            ... node has no more children
           ... node has no more children
          +
          <expr2>
           <expr1>
            *** Generating:  348:    PUSHNUM           1
            UNSIGNED INTEGER LITERAL: 1
            ... node has no more children
           ... node has no more children
          *** Generating:  349:    ADD
          ... node has no more children
         *** Generating:  350:    SAVETOADDR
         ;
         ... node has no more children
        ... node has no more children
       }
       ... node has no more children
      ... node has no more children
     *** Generating:  351:    JUMP              174
     *** Fixed Up:  201:    JUMPONFALSE       352
     ... node has no more children
    ... node has no more children
   <statement>
    Reserved Word: return
    *** Generating:  352:    RETURN            0
    ;
    ... node has no more children
   }
   ... node has no more children
  *** Fixed Up:  81:     INITSTKFRM        6
  *** Generating:  353:    RETURN            0
  ... node has no more children
 <methodDecl>
  Reserved Word: static
  Reserved Word: int
  *** Fixed Up:  294:    CALLSTATMETHOD    354
  *** Fixed Up:  207:    CALLSTATMETHOD    354
  *** Fixed Up:  197:    CALLSTATMETHOD    354
  *** Fixed Up:  189:    CALLSTATMETHOD    354
  *** Generating:  354:    INITSTKFRM        ?
  IDENTIFIER: gt  [method (start address = 354)]
  (
  <parameterDeclList>
   <parameterDecl>
    Reserved Word: int
    IDENTIFIER: m  [not in symbol table]
    ... node has no more children
   ,
   <parameterDecl>
    Reserved Word: int
    IDENTIFIER: n  [not in symbol table]
    ... node has no more children
   ... node has no more children
  )
  <compoundStmt>
   {
   <statement>
    <ifStmt>
     Reserved Word: if
     (
     <expr7>
      <expr6>
       <expr5>
        <expr4>
         <expr3>
          <expr2>
           <expr1>
            IDENTIFIER: m  [local var (stackframe offset = -3)]
            *** Generating:  355:    PUSHLOCADDR       -3
            *** Generating:  356:    LOADFROMADDR
            ... node has no more children
           ... node has no more children
          ... node has no more children
         >
         <expr3>
          <expr2>
           <expr1>
            IDENTIFIER: n  [local var (stackframe offset = -2)]
            *** Generating:  357:    PUSHLOCADDR       -2
            *** Generating:  358:    LOADFROMADDR
            ... node has no more children
           ... node has no more children
          ... node has no more children
         *** Generating:  359:    GT
         ... node has no more children
        ... node has no more children
       ... node has no more children
      ... node has no more children
     )
     *** Generating:  360:    JUMPONFALSE       ?
     <statement>
      Reserved Word: return
      <expr3>
       <expr2>
        <expr1>
         *** Generating:  361:    PUSHNUM           1
         UNSIGNED INTEGER LITERAL: 1
         ... node has no more children
        ... node has no more children
       ... node has no more children
      *** Generating:  362:    RETURN            2
      ;
      ... node has no more children
     Reserved Word: else
     *** Generating:  363:    JUMP              ?
     *** Fixed Up:  360:    JUMPONFALSE       364
     <statement>
      Reserved Word: return
      <expr3>
       <expr2>
        <expr1>
         *** Generating:  364:    PUSHNUM           0
         UNSIGNED INTEGER LITERAL: 0
         ... node has no more children
        ... node has no more children
       ... node has no more children
      *** Generating:  365:    RETURN            2
      ;
      ... node has no more children
     *** Fixed Up:  363:    JUMP              366
     ... node has no more children
    ... node has no more children
   }
   ... node has no more children
  *** Fixed Up:  354:    INITSTKFRM        0
  ... node has no more children
 <methodDecl>
  Reserved Word: static
  Reserved Word: int
  *** Fixed Up:  236:    CALLSTATMETHOD    366
  *** Generating:  366:    INITSTKFRM        ?
  IDENTIFIER: leq  [method (start address = 366)]
  (
  <parameterDeclList>
   <parameterDecl>
    Reserved Word: int
    IDENTIFIER: m  [not in symbol table]
    ... node has no more children
   ,
   <parameterDecl>
    Reserved Word: int
    IDENTIFIER: n  [not in symbol table]
    ... node has no more children
   ... node has no more children
  )
  <compoundStmt>
   {
   <statement>
    <ifStmt>
     Reserved Word: if
     (
     <expr7>
      <expr6>
       <expr5>
        <expr4>
         <expr3>
          <expr2>
           <expr1>
            IDENTIFIER: m  [local var (stackframe offset = -3)]
            *** Generating:  367:    PUSHLOCADDR       -3
            *** Generating:  368:    LOADFROMADDR
            ... node has no more children
           ... node has no more children
          ... node has no more children
         <=
         <expr3>
          <expr2>
           <expr1>
            IDENTIFIER: n  [local var (stackframe offset = -2)]
            *** Generating:  369:    PUSHLOCADDR       -2
            *** Generating:  370:    LOADFROMADDR
            ... node has no more children
           ... node has no more children
          ... node has no more children
         *** Generating:  371:    LE
         ... node has no more children
        ... node has no more children
       ... node has no more children
      ... node has no more children
     )
     *** Generating:  372:    JUMPONFALSE       ?
     <statement>
      Reserved Word: return
      <expr3>
       <expr2>
        <expr1>
         *** Generating:  373:    PUSHNUM           1
         UNSIGNED INTEGER LITERAL: 1
         ... node has no more children
        ... node has no more children
       ... node has no more children
      *** Generating:  374:    RETURN            2
      ;
      ... node has no more children
     Reserved Word: else
     *** Generating:  375:    JUMP              ?
     *** Fixed Up:  372:    JUMPONFALSE       376
     <statement>
      Reserved Word: return
      <expr3>
       <expr2>
        <expr1>
         *** Generating:  376:    PUSHNUM           0
         UNSIGNED INTEGER LITERAL: 0
         ... node has no more children
        ... node has no more children
       ... node has no more children
      *** Generating:  377:    RETURN            2
      ;
      ... node has no more children
     *** Fixed Up:  375:    JUMP              378
     ... node has no more children
    ... node has no more children
   }
   ... node has no more children
  *** Fixed Up:  366:    INITSTKFRM        0
  ... node has no more children
 <methodDecl>
  Reserved Word: static
  Reserved Word: int
  *** Fixed Up:  303:    CALLSTATMETHOD    378
  *** Generating:  378:    INITSTKFRM        ?
  IDENTIFIER: lt  [method (start address = 378)]
  (
  <parameterDeclList>
   <parameterDecl>
    Reserved Word: int
    IDENTIFIER: m  [not in symbol table]
    ... node has no more children
   ,
   <parameterDecl>
    Reserved Word: int
    IDENTIFIER: n  [not in symbol table]
    ... node has no more children
   ... node has no more children
  )
  <compoundStmt>
   {
   <statement>
    <ifStmt>
     Reserved Word: if
     (
     <expr7>
      <expr6>
       <expr5>
        <expr4>
         <expr3>
          <expr2>
           <expr1>
            IDENTIFIER: m  [local var (stackframe offset = -3)]
            *** Generating:  379:    PUSHLOCADDR       -3
            *** Generating:  380:    LOADFROMADDR
            ... node has no more children
           ... node has no more children
          ... node has no more children
         <
         <expr3>
          <expr2>
           <expr1>
            IDENTIFIER: n  [local var (stackframe offset = -2)]
            *** Generating:  381:    PUSHLOCADDR       -2
            *** Generating:  382:    LOADFROMADDR
            ... node has no more children
           ... node has no more children
          ... node has no more children
         *** Generating:  383:    LT
         ... node has no more children
        ... node has no more children
       ... node has no more children
      ... node has no more children
     )
     *** Generating:  384:    JUMPONFALSE       ?
     <statement>
      Reserved Word: return
      <expr3>
       <expr2>
        <expr1>
         *** Generating:  385:    PUSHNUM           1
         UNSIGNED INTEGER LITERAL: 1
         ... node has no more children
        ... node has no more children
       ... node has no more children
      *** Generating:  386:    RETURN            2
      ;
      ... node has no more children
     Reserved Word: else
     *** Generating:  387:    JUMP              ?
     *** Fixed Up:  384:    JUMPONFALSE       388
     <statement>
      Reserved Word: return
      <expr3>
       <expr2>
        <expr1>
         *** Generating:  388:    PUSHNUM           0
         UNSIGNED INTEGER LITERAL: 0
         ... node has no more children
        ... node has no more children
       ... node has no more children
      *** Generating:  389:    RETURN            2
      ;
      ... node has no more children
     *** Fixed Up:  387:    JUMP              390
     ... node has no more children
    ... node has no more children
   }
   ... node has no more children
  *** Fixed Up:  378:    INITSTKFRM        0
  ... node has no more children
 }
 ... node has no more children



Instructions Generated:

0:      PUSHSTATADDR      0
1:      PUSHNUM           6
2:      HEAPALLOC
3:      SAVETOADDR
4:      PUSHSTATADDR      1
5:      PUSHNUM           5
6:      SAVETOADDR
7:      PUSHSTATADDR      2
8:      PUSHNUM           2
9:      PUSHSTATADDR      1
10:     LOADFROMADDR
11:     MUL
12:     PUSHNUM           1
13:     ADD
14:     HEAPALLOC
15:     SAVETOADDR
16:     INITSTKFRM        0
17:     PUSHSTATADDR      0
18:     LOADFROMADDR
19:     PUSHNUM           1
20:     ADDTOPTR
21:     PUSHNUM           1
22:     SAVETOADDR
23:     PUSHSTATADDR      0
24:     LOADFROMADDR
25:     PUSHNUM           2
26:     ADDTOPTR
27:     PUSHNUM           2
28:     SAVETOADDR
29:     PUSHSTATADDR      0
30:     LOADFROMADDR
31:     PUSHNUM           3
32:     ADDTOPTR
33:     PUSHNUM           5
34:     SAVETOADDR
35:     PUSHSTATADDR      0
36:     LOADFROMADDR
37:     PUSHNUM           4
38:     ADDTOPTR
39:     PUSHNUM           7
40:     SAVETOADDR
41:     PUSHSTATADDR      0
42:     LOADFROMADDR
43:     PUSHNUM           5
44:     ADDTOPTR
45:     PUSHNUM           8
46:     SAVETOADDR
47:     CALLSTATMETHOD    81
48:     NOP
49:     PUSHSTATADDR      1
50:     PUSHNUM           1
51:     SAVETOADDR
52:     PUSHSTATADDR      1
53:     LOADFROMADDR
54:     PUSHNUM           10
55:     LE
56:     JUMPONFALSE       80
57:     PUSHSTATADDR      2
58:     LOADFROMADDR
59:     PUSHSTATADDR      1
60:     LOADFROMADDR
61:     ADDTOPTR
62:     LOADFROMADDR
63:     WRITEINT
64:     WRITESTRING       3     3
65:     PUSHSTATADDR      1
66:     LOADFROMADDR
67:     PUSHNUM           5
68:     MOD
69:     PUSHNUM           0
70:     EQ
71:     JUMPONFALSE       73
72:     WRITELNOP
73:     PUSHSTATADDR      1
74:     PUSHSTATADDR      1
75:     LOADFROMADDR
76:     PUSHNUM           1
77:     ADD
78:     SAVETOADDR
79:     JUMP              52
80:     STOP
81:     INITSTKFRM        6
82:     PUSHLOCADDR       6
83:     PUSHNUM           0
84:     SAVETOADDR
85:     PUSHLOCADDR       6
86:     PUSHSTATADDR      0
87:     LOADFROMADDR
88:     PUSHNUM           1
89:     ADDTOPTR
90:     LOADFROMADDR
91:     PUSHNUM           2
92:     PUSHSTATADDR      0
93:     LOADFROMADDR
94:     PUSHNUM           2
95:     ADDTOPTR
96:     LOADFROMADDR
97:     MUL
98:     ADD
99:     PUSHSTATADDR      0
100:    LOADFROMADDR
101:    PUSHNUM           3
102:    ADDTOPTR
103:    LOADFROMADDR
104:    ADD
105:    PUSHSTATADDR      0
106:    LOADFROMADDR
107:    PUSHNUM           5
108:    ADDTOPTR
109:    LOADFROMADDR
110:    ADD
111:    PUSHSTATADDR      0
112:    LOADFROMADDR
113:    PUSHNUM           4
114:    ADDTOPTR
115:    LOADFROMADDR
116:    PUSHNUM           4
117:    SUB
118:    DIV
119:    HEAPALLOC
120:    SAVETOADDR
121:    PUSHLOCADDR       6
122:    LOADFROMADDR
123:    PUSHNUM           1
124:    ADDTOPTR
125:    PUSHNUM           2
126:    SAVETOADDR
127:    PUSHLOCADDR       6
128:    LOADFROMADDR
129:    PUSHNUM           2
130:    ADDTOPTR
131:    PUSHNUM           3
132:    SAVETOADDR
133:    PUSHLOCADDR       6
134:    LOADFROMADDR
135:    PUSHNUM           3
136:    ADDTOPTR
137:    PUSHNUM           4
138:    SAVETOADDR
139:    PUSHLOCADDR       6
140:    LOADFROMADDR
141:    PUSHNUM           4
142:    ADDTOPTR
143:    PUSHNUM           6
144:    SAVETOADDR
145:    PUSHLOCADDR       6
146:    LOADFROMADDR
147:    PUSHNUM           5
148:    ADDTOPTR
149:    PUSHNUM           9
150:    SAVETOADDR
151:    PUSHLOCADDR       1
152:    PUSHSTATADDR      0
153:    LOADFROMADDR
154:    PUSHNUM           1
155:    ADDTOPTR
156:    LOADFROMADDR
157:    SAVETOADDR
158:    PUSHLOCADDR       2
159:    PUSHLOCADDR       6
160:    LOADFROMADDR
161:    PUSHNUM           1
162:    ADDTOPTR
163:    LOADFROMADDR
164:    SAVETOADDR
165:    PUSHLOCADDR       3
166:    PUSHNUM           1
167:    SAVETOADDR
168:    PUSHLOCADDR       4
169:    PUSHNUM           1
170:    SAVETOADDR
171:    PUSHLOCADDR       5
172:    PUSHNUM           1
173:    SAVETOADDR
174:    PUSHNUM           4
175:    PUSHLOCADDR       3
176:    LOADFROMADDR
177:    PUSHNUM           2
178:    ADD
179:    MUL
180:    PUSHNUM           8
181:    SUB
182:    PUSHNUM           2
183:    DIV
184:    PUSHNUM           2
185:    DIV
186:    PASSPARAM
187:    PUSHNUM           5
188:    PASSPARAM
189:    CALLSTATMETHOD    354
190:    PUSHNUM           0
191:    EQ
192:    PUSHLOCADDR       4
193:    LOADFROMADDR
194:    PASSPARAM
195:    PUSHNUM           5
196:    PASSPARAM
197:    CALLSTATMETHOD    354
198:    PUSHNUM           0
199:    EQ
200:    OR
201:    JUMPONFALSE       352
202:    PUSHLOCADDR       3
203:    LOADFROMADDR
204:    PASSPARAM
205:    PUSHNUM           5
206:    PASSPARAM
207:    CALLSTATMETHOD    354
208:    PUSHNUM           1
209:    EQ
210:    PUSHNUM           4
211:    PUSHLOCADDR       2
212:    LOADFROMADDR
213:    PUSHNUM           2
214:    ADD
215:    MUL
216:    PUSHNUM           8
217:    SUB
218:    PUSHNUM           2
219:    DIV
220:    PUSHNUM           2
221:    DIV
222:    PASSPARAM
223:    PUSHNUM           4
224:    PUSHLOCADDR       1
225:    LOADFROMADDR
226:    PUSHNUM           2
227:    ADD
228:    MUL
229:    PUSHNUM           8
230:    SUB
231:    PUSHNUM           2
232:    DIV
233:    PUSHNUM           2
234:    DIV
235:    PASSPARAM
236:    CALLSTATMETHOD    366
237:    PUSHNUM           1
238:    EQ
239:    OR
240:    JUMPONFALSE       289
241:    PUSHSTATADDR      2
242:    LOADFROMADDR
243:    PUSHNUM           4
244:    PUSHLOCADDR       5
245:    LOADFROMADDR
246:    PUSHNUM           2
247:    ADD
248:    MUL
249:    PUSHNUM           8
250:    SUB
251:    PUSHNUM           2
252:    DIV
253:    PUSHNUM           2
254:    DIV
255:    ADDTOPTR
256:    PUSHLOCADDR       2
257:    LOADFROMADDR
258:    SAVETOADDR
259:    PUSHLOCADDR       4
260:    PUSHLOCADDR       4
261:    LOADFROMADDR
262:    PUSHNUM           1
263:    ADD
264:    SAVETOADDR
265:    PUSHLOCADDR       4
266:    LOADFROMADDR
267:    PUSHNUM           5
268:    LE
269:    JUMPONFALSE       288
270:    PUSHLOCADDR       2
271:    PUSHLOCADDR       6
272:    LOADFROMADDR
273:    PUSHNUM           4
274:    PUSHLOCADDR       4
275:    LOADFROMADDR
276:    PUSHNUM           2
277:    ADD
278:    MUL
279:    PUSHNUM           8
280:    SUB
281:    PUSHNUM           2
282:    DIV
283:    PUSHNUM           2
284:    DIV
285:    ADDTOPTR
286:    LOADFROMADDR
287:    SAVETOADDR
288:    JUMP              345
289:    PUSHLOCADDR       4
290:    LOADFROMADDR
291:    PASSPARAM
292:    PUSHNUM           5
293:    PASSPARAM
294:    CALLSTATMETHOD    354
295:    PUSHNUM           1
296:    EQ
297:    PUSHLOCADDR       1
298:    LOADFROMADDR
299:    PASSPARAM
300:    PUSHLOCADDR       2
301:    LOADFROMADDR
302:    PASSPARAM
303:    CALLSTATMETHOD    378
304:    PUSHNUM           1
305:    EQ
306:    OR
307:    JUMPONFALSE       345
308:    PUSHSTATADDR      2
309:    LOADFROMADDR
310:    PUSHLOCADDR       5
311:    LOADFROMADDR
312:    ADDTOPTR
313:    PUSHLOCADDR       1
314:    LOADFROMADDR
315:    SAVETOADDR
316:    PUSHLOCADDR       3
317:    PUSHLOCADDR       3
318:    LOADFROMADDR
319:    PUSHNUM           1
320:    ADD
321:    SAVETOADDR
322:    PUSHLOCADDR       3
323:    LOADFROMADDR
324:    PUSHNUM           5
325:    LE
326:    JUMPONFALSE       345
327:    PUSHLOCADDR       1
328:    PUSHSTATADDR      0
329:    LOADFROMADDR
330:    PUSHNUM           4
331:    PUSHLOCADDR       3
332:    LOADFROMADDR
333:    PUSHNUM           2
334:    ADD
335:    MUL
336:    PUSHNUM           8
337:    SUB
338:    PUSHNUM           2
339:    DIV
340:    PUSHNUM           2
341:    DIV
342:    ADDTOPTR
343:    LOADFROMADDR
344:    SAVETOADDR
345:    PUSHLOCADDR       5
346:    PUSHLOCADDR       5
347:    LOADFROMADDR
348:    PUSHNUM           1
349:    ADD
350:    SAVETOADDR
351:    JUMP              174
352:    RETURN            0
353:    RETURN            0
354:    INITSTKFRM        0
355:    PUSHLOCADDR       -3
356:    LOADFROMADDR
357:    PUSHLOCADDR       -2
358:    LOADFROMADDR
359:    GT
360:    JUMPONFALSE       364
361:    PUSHNUM           1
362:    RETURN            2
363:    JUMP              366
364:    PUSHNUM           0
365:    RETURN            2
366:    INITSTKFRM        0
367:    PUSHLOCADDR       -3
368:    LOADFROMADDR
369:    PUSHLOCADDR       -2
370:    LOADFROMADDR
371:    LE
372:    JUMPONFALSE       376
373:    PUSHNUM           1
374:    RETURN            2
375:    JUMP              378
376:    PUSHNUM           0
377:    RETURN            2
378:    INITSTKFRM        0
379:    PUSHLOCADDR       -3
380:    LOADFROMADDR
381:    PUSHLOCADDR       -2
382:    LOADFROMADDR
383:    LT
384:    JUMPONFALSE       388
385:    PUSHNUM           1
386:    RETURN            2
387:    JUMP              390
388:    PUSHNUM           0
389:    RETURN            2



Data memory dump

  Data memory--addresses 0 to top of stack, and allocated heap locations:
  0: 0 = Ctrl-@
  1: 0 = Ctrl-@
  2: 0 = Ctrl-@
  3: 32 = ' '

  PC=0  ESP=0  FP=<not in use>  ASP= POINTER TO 4
  HP= POINTER TO 10000  HMAX= POINTER TO 15000

  No instructions executed.

  Expression evaluation stack: <empty>

