<program>
 <importStmt>
  Reserved Word: import
  Reserved Word: java
  .
  Reserved Word: util
  .
  Reserved Word: Scanner
  ;
  ... node has no more children
 Reserved Word: class
 IDENTIFIER: CS316ex13  [not in symbol table]
 {
 <mainDecl>
  Reserved Word: public
  Reserved Word: static
  Reserved Word: void
  Reserved Word: main
  (
  Reserved Word: String
  IDENTIFIER: args  [not in symbol table]
  [
  ]
  )
  *** Generating:  0:      INITSTKFRM        ?
  <compoundStmt>
   {
   <statement>
    <varDecl>
     Reserved Word: Scanner
     IDENTIFIER: input  [local Scanner]
     =
     Reserved Word: new
     Reserved Word: Scanner
     (
     Reserved Word: System
     .
     Reserved Word: in
     )
     ;
     ... node has no more children
    ... node has no more children
   <statement>
    <varDecl>
     Reserved Word: int
     <singleVarDecl>
      IDENTIFIER: im  [not in symbol table]
      =
      *** Generating:  1:      PUSHLOCADDR       1
      <expr3>
       <expr2>
        <expr1>
         *** Generating:  2:      PUSHNUM           714025
         UNSIGNED INTEGER LITERAL: 714025
         ... node has no more children
        ... node has no more children
       ... node has no more children
      *** Generating:  3:      SAVETOADDR
      ... node has no more children
     ,
     <singleVarDecl>
      IDENTIFIER: ia  [not in symbol table]
      =
      *** Generating:  4:      PUSHLOCADDR       2
      <expr3>
       <expr2>
        <expr1>
         *** Generating:  5:      PUSHNUM           1366
         UNSIGNED INTEGER LITERAL: 1366
         ... node has no more children
        ... node has no more children
       ... node has no more children
      *** Generating:  6:      SAVETOADDR
      ... node has no more children
     ,
     <singleVarDecl>
      IDENTIFIER: ic  [not in symbol table]
      =
      *** Generating:  7:      PUSHLOCADDR       3
      <expr3>
       <expr2>
        <expr1>
         *** Generating:  8:      PUSHNUM           150889
         UNSIGNED INTEGER LITERAL: 150889
         ... node has no more children
        ... node has no more children
       ... node has no more children
      *** Generating:  9:      SAVETOADDR
      ... node has no more children
     ;
     ... node has no more children
    ... node has no more children
   <statement>
    <varDecl>
     Reserved Word: int
     <singleVarDecl>
      IDENTIFIER: jlo  [not in symbol table]
      =
      *** Generating:  10:     PUSHLOCADDR       4
      <expr3>
       <expr2>
        <expr1>
         *** Generating:  11:     PUSHNUM           1
         UNSIGNED INTEGER LITERAL: 1
         ... node has no more children
        ... node has no more children
       ... node has no more children
      *** Generating:  12:     SAVETOADDR
      ... node has no more children
     ,
     <singleVarDecl>
      IDENTIFIER: jhi  [not in symbol table]
      =
      *** Generating:  13:     PUSHLOCADDR       5
      <expr3>
       <expr2>
        <expr1>
         *** Generating:  14:     PUSHNUM           10
         UNSIGNED INTEGER LITERAL: 10
         ... node has no more children
        ... node has no more children
       ... node has no more children
      *** Generating:  15:     SAVETOADDR
      ... node has no more children
     ;
     ... node has no more children
    ... node has no more children
   <statement>
    <outputStmt>
     Reserved Word: System
     .
     Reserved Word: out
     .
     Reserved Word: print
     (
     <printArgument>
      *** Generating:  16:     WRITESTRING       0     43
      CHARACTER STRING LITERAL: "Enter non-negative integer seed <= 750,000: "
      ... node has no more children
     )
     ;
     ... node has no more children
    ... node has no more children
   <statement>
    <varDecl>
     Reserved Word: int
     <singleVarDecl>
      IDENTIFIER: jran  [not in symbol table]
      =
      *** Generating:  17:     PUSHLOCADDR       6
      <expr3>
       <expr2>
        <expr1>
         IDENTIFIER: input  [local Scanner]
         .
         Reserved Word: nextInt
         (
         )
         *** Generating:  18:     READINT
         ... node has no more children
        ... node has no more children
       ... node has no more children
      *** Generating:  19:     SAVETOADDR
      ... node has no more children
     ;
     ... node has no more children
    ... node has no more children
   <statement>
    <outputStmt>
     Reserved Word: System
     .
     Reserved Word: out
     .
     Reserved Word: print
     (
     <printArgument>
      *** Generating:  20:     WRITESTRING       44    68
      CHARACTER STRING LITERAL: "Enter no. of iterations: "
      ... node has no more children
     )
     ;
     ... node has no more children
    ... node has no more children
   <statement>
    <varDecl>
     Reserved Word: int
     <singleVarDecl>
      IDENTIFIER: maxIterations  [not in symbol table]
      =
      *** Generating:  21:     PUSHLOCADDR       7
      <expr3>
       <expr2>
        <expr1>
         IDENTIFIER: input  [local Scanner]
         .
         Reserved Word: nextInt
         (
         )
         *** Generating:  22:     READINT
         ... node has no more children
        ... node has no more children
       ... node has no more children
      *** Generating:  23:     SAVETOADDR
      ... node has no more children
     ;
     ... node has no more children
    ... node has no more children
   <statement>
    <varDecl>
     Reserved Word: int
     <singleVarDecl>
      IDENTIFIER: count  [not in symbol table]
      =
      *** Generating:  24:     PUSHLOCADDR       8
      <expr3>
       <expr2>
        <expr1>
         *** Generating:  25:     PUSHNUM           0
         UNSIGNED INTEGER LITERAL: 0
         ... node has no more children
        ... node has no more children
       ... node has no more children
      *** Generating:  26:     SAVETOADDR
      ... node has no more children
     ;
     ... node has no more children
    ... node has no more children
   <statement>
    <varDecl>
     Reserved Word: int
     <singleVarDecl>
      IDENTIFIER: r  [not in symbol table]
      [
      ]
      [
      ]
      [
      ]
      ... node has no more children
     ;
     ... node has no more children
    ... node has no more children
   <statement>
    <whileStmt>
     Reserved Word: while
     (
     <expr7>
      <expr6>
       <expr5>
        <expr4>
         <expr3>
          <expr2>
           <expr1>
            IDENTIFIER: count  [local var (stackframe offset = 8)]
            *** Generating:  27:     PUSHLOCADDR       8
            *** Generating:  28:     LOADFROMADDR
            ... node has no more children
           ... node has no more children
          ... node has no more children
         ... node has no more children
        !=
        <expr4>
         <expr3>
          <expr2>
           <expr1>
            IDENTIFIER: maxIterations  [local var (stackframe offset = 7)]
            *** Generating:  29:     PUSHLOCADDR       7
            *** Generating:  30:     LOADFROMADDR
            ... node has no more children
           ... node has no more children
          ... node has no more children
         ... node has no more children
        *** Generating:  31:     NE
        ... node has no more children
       ... node has no more children
      ... node has no more children
     )
     *** Generating:  32:     JUMPONFALSE       ?
     <statement>
      <compoundStmt>
       {
       <statement>
        <assignmentOrInvoc>
         IDENTIFIER: count  [local var (stackframe offset = 8)]
         *** Generating:  33:     PUSHLOCADDR       8
         =
         <expr3>
          <expr2>
           <expr1>
            IDENTIFIER: count  [local var (stackframe offset = 8)]
            *** Generating:  34:     PUSHLOCADDR       8
            *** Generating:  35:     LOADFROMADDR
            ... node has no more children
           ... node has no more children
          +
          <expr2>
           <expr1>
            *** Generating:  36:     PUSHNUM           1
            UNSIGNED INTEGER LITERAL: 1
            ... node has no more children
           ... node has no more children
          *** Generating:  37:     ADD
          ... node has no more children
         *** Generating:  38:     SAVETOADDR
         ;
         ... node has no more children
        ... node has no more children
       <statement>
        <assignmentOrInvoc>
         IDENTIFIER: jran  [local var (stackframe offset = 6)]
         *** Generating:  39:     PUSHLOCADDR       6
         =
         <expr3>
          <expr2>
           <expr1>
            (
            <expr7>
             <expr6>
              <expr5>
               <expr4>
                <expr3>
                 <expr2>
                  <expr1>
                   IDENTIFIER: jran  [local var (stackframe offset = 6)]
                   *** Generating:  40:     PUSHLOCADDR       6
                   *** Generating:  41:     LOADFROMADDR
                   ... node has no more children
                  *
                  <expr1>
                   IDENTIFIER: ia  [local var (stackframe offset = 2)]
                   *** Generating:  42:     PUSHLOCADDR       2
                   *** Generating:  43:     LOADFROMADDR
                   ... node has no more children
                  *** Generating:  44:     MUL
                  ... node has no more children
                 +
                 <expr2>
                  <expr1>
                   IDENTIFIER: ic  [local var (stackframe offset = 3)]
                   *** Generating:  45:     PUSHLOCADDR       3
                   *** Generating:  46:     LOADFROMADDR
                   ... node has no more children
                  ... node has no more children
                 *** Generating:  47:     ADD
                 ... node has no more children
                ... node has no more children
               ... node has no more children
              ... node has no more children
             ... node has no more children
            )
            ... node has no more children
           %
           <expr1>
            IDENTIFIER: im  [local var (stackframe offset = 1)]
            *** Generating:  48:     PUSHLOCADDR       1
            *** Generating:  49:     LOADFROMADDR
            ... node has no more children
           *** Generating:  50:     MOD
           ... node has no more children
          ... node has no more children
         *** Generating:  51:     SAVETOADDR
         ;
         ... node has no more children
        ... node has no more children
       <statement>
        <varDecl>
         Reserved Word: int
         <singleVarDecl>
          IDENTIFIER: j  [not in symbol table]
          =
          *** Generating:  52:     PUSHLOCADDR       10
          <expr3>
           <expr2>
            <expr1>
             IDENTIFIER: jlo  [local var (stackframe offset = 4)]
             *** Generating:  53:     PUSHLOCADDR       4
             *** Generating:  54:     LOADFROMADDR
             ... node has no more children
            ... node has no more children
           +
           <expr2>
            <expr1>
             (
             <expr7>
              <expr6>
               <expr5>
                <expr4>
                 <expr3>
                  <expr2>
                   <expr1>
                    (
                    <expr7>
                     <expr6>
                      <expr5>
                       <expr4>
                        <expr3>
                         <expr2>
                          <expr1>
                           IDENTIFIER: jhi  [local var (stackframe offset = 5)]
                           *** Generating:  55:     PUSHLOCADDR       5
                           *** Generating:  56:     LOADFROMADDR
                           ... node has no more children
                          ... node has no more children
                         -
                         <expr2>
                          <expr1>
                           IDENTIFIER: jlo  [local var (stackframe offset = 4)]
                           *** Generating:  57:     PUSHLOCADDR       4
                           *** Generating:  58:     LOADFROMADDR
                           ... node has no more children
                          ... node has no more children
                         *** Generating:  59:     SUB
                         +
                         <expr2>
                          <expr1>
                           *** Generating:  60:     PUSHNUM           1
                           UNSIGNED INTEGER LITERAL: 1
                           ... node has no more children
                          ... node has no more children
                         *** Generating:  61:     ADD
                         ... node has no more children
                        ... node has no more children
                       ... node has no more children
                      ... node has no more children
                     ... node has no more children
                    )
                    ... node has no more children
                   *
                   <expr1>
                    IDENTIFIER: jran  [local var (stackframe offset = 6)]
                    *** Generating:  62:     PUSHLOCADDR       6
                    *** Generating:  63:     LOADFROMADDR
                    ... node has no more children
                   *** Generating:  64:     MUL
                   ... node has no more children
                  ... node has no more children
                 ... node has no more children
                ... node has no more children
               ... node has no more children
              ... node has no more children
             )
             ... node has no more children
            /
            <expr1>
             IDENTIFIER: im  [local var (stackframe offset = 1)]
             *** Generating:  65:     PUSHLOCADDR       1
             *** Generating:  66:     LOADFROMADDR
             ... node has no more children
            *** Generating:  67:     DIV
            ... node has no more children
           *** Generating:  68:     ADD
           ... node has no more children
          *** Generating:  69:     SAVETOADDR
          ... node has no more children
         ;
         ... node has no more children
        ... node has no more children
       <statement>
        <outputStmt>
         Reserved Word: System
         .
         Reserved Word: out
         .
         Reserved Word: print
         (
         <printArgument>
          *** Generating:  70:     WRITESTRING       69    86
          CHARACTER STRING LITERAL: "Creating array of "
          ... node has no more children
         )
         ;
         ... node has no more children
        ... node has no more children
       <statement>
        <outputStmt>
         Reserved Word: System
         .
         Reserved Word: out
         .
         Reserved Word: print
         (
         <printArgument>
          <expr3>
           <expr2>
            <expr1>
             IDENTIFIER: j  [local var (stackframe offset = 10)]
             *** Generating:  71:     PUSHLOCADDR       10
             *** Generating:  72:     LOADFROMADDR
             ... node has no more children
            ... node has no more children
           ... node has no more children
          *** Generating:  73:     WRITEINT
          ... node has no more children
         )
         ;
         ... node has no more children
        ... node has no more children
       <statement>
        <outputStmt>
         Reserved Word: System
         .
         Reserved Word: out
         .
         Reserved Word: println
         (
         <printArgument>
          *** Generating:  74:     WRITESTRING       87    96
          CHARACTER STRING LITERAL: " int[][]s."
          ... node has no more children
         )
         ;
         *** Generating:  75:     WRITELNOP
         ... node has no more children
        ... node has no more children
       <statement>
        <assignmentOrInvoc>
         IDENTIFIER: r  [local var (stackframe offset = 9)]
         *** Generating:  76:     PUSHLOCADDR       9
         =
         <expr3>
          <expr2>
           <expr1>
            Reserved Word: new
            Reserved Word: int
            [
            <expr3>
             <expr2>
              <expr1>
               IDENTIFIER: j  [local var (stackframe offset = 10)]
               *** Generating:  77:     PUSHLOCADDR       10
               *** Generating:  78:     LOADFROMADDR
               ... node has no more children
              ... node has no more children
             ... node has no more children
            *** Generating:  79:     HEAPALLOC
            ]
            [
            ]
            [
            ]
            ... node has no more children
           ... node has no more children
          ... node has no more children
         *** Generating:  80:     SAVETOADDR
         ;
         ... node has no more children
        ... node has no more children
       <statement>
        <varDecl>
         Reserved Word: int
         <singleVarDecl>
          IDENTIFIER: k  [not in symbol table]
          =
          *** Generating:  81:     PUSHLOCADDR       11
          <expr3>
           <expr2>
            <expr1>
             *** Generating:  82:     PUSHNUM           0
             UNSIGNED INTEGER LITERAL: 0
             ... node has no more children
            ... node has no more children
           ... node has no more children
          *** Generating:  83:     SAVETOADDR
          ... node has no more children
         ;
         ... node has no more children
        ... node has no more children
       <statement>
        <whileStmt>
         Reserved Word: while
         (
         <expr7>
          <expr6>
           <expr5>
            <expr4>
             <expr3>
              <expr2>
               <expr1>
                IDENTIFIER: k  [local var (stackframe offset = 11)]
                *** Generating:  84:     PUSHLOCADDR       11
                *** Generating:  85:     LOADFROMADDR
                ... node has no more children
               ... node has no more children
              ... node has no more children
             <
             <expr3>
              <expr2>
               <expr1>
                IDENTIFIER: j  [local var (stackframe offset = 10)]
                *** Generating:  86:     PUSHLOCADDR       10
                *** Generating:  87:     LOADFROMADDR
                ... node has no more children
               ... node has no more children
              ... node has no more children
             *** Generating:  88:     LT
             ... node has no more children
            ... node has no more children
           ... node has no more children
          ... node has no more children
         )
         *** Generating:  89:     JUMPONFALSE       ?
         <statement>
          <compoundStmt>
           {
           <statement>
            <varDecl>
             Reserved Word: int
             <singleVarDecl>
              IDENTIFIER: jj  [not in symbol table]
              ... node has no more children
             ;
             ... node has no more children
            ... node has no more children
           <statement>
            <ifStmt>
             Reserved Word: if
             (
             <expr7>
              <expr6>
               <expr5>
                <expr4>
                 <expr3>
                  <expr2>
                   <expr1>
                    IDENTIFIER: k  [local var (stackframe offset = 11)]
                    *** Generating:  90:     PUSHLOCADDR       11
                    *** Generating:  91:     LOADFROMADDR
                    ... node has no more children
                   ... node has no more children
                  ... node has no more children
                 ... node has no more children
                ==
                <expr4>
                 <expr3>
                  <expr2>
                   <expr1>
                    *** Generating:  92:     PUSHNUM           0
                    UNSIGNED INTEGER LITERAL: 0
                    ... node has no more children
                   ... node has no more children
                  ... node has no more children
                 ... node has no more children
                *** Generating:  93:     EQ
                ... node has no more children
               ... node has no more children
              ... node has no more children
             )
             *** Generating:  94:     JUMPONFALSE       ?
             <statement>
              <assignmentOrInvoc>
               IDENTIFIER: jj  [local var (stackframe offset = 12)]
               *** Generating:  95:     PUSHLOCADDR       12
               =
               <expr3>
                <expr2>
                 <expr1>
                  *** Generating:  96:     PUSHNUM           10
                  UNSIGNED INTEGER LITERAL: 10
                  ... node has no more children
                 ... node has no more children
                ... node has no more children
               *** Generating:  97:     SAVETOADDR
               ;
               ... node has no more children
              ... node has no more children
             Reserved Word: else
             *** Generating:  98:     JUMP              ?
             *** Fixed Up:  94:     JUMPONFALSE       99
             <statement>
              <compoundStmt>
               {
               <statement>
                <assignmentOrInvoc>
                 IDENTIFIER: jran  [local var (stackframe offset = 6)]
                 *** Generating:  99:     PUSHLOCADDR       6
                 =
                 <expr3>
                  <expr2>
                   <expr1>
                    (
                    <expr7>
                     <expr6>
                      <expr5>
                       <expr4>
                        <expr3>
                         <expr2>
                          <expr1>
                           IDENTIFIER: jran  [local var (stackframe offset = 6)]
                           *** Generating:  100:    PUSHLOCADDR       6
                           *** Generating:  101:    LOADFROMADDR
                           ... node has no more children
                          *
                          <expr1>
                           IDENTIFIER: ia  [local var (stackframe offset = 2)]
                           *** Generating:  102:    PUSHLOCADDR       2
                           *** Generating:  103:    LOADFROMADDR
                           ... node has no more children
                          *** Generating:  104:    MUL
                          ... node has no more children
                         +
                         <expr2>
                          <expr1>
                           IDENTIFIER: ic  [local var (stackframe offset = 3)]
                           *** Generating:  105:    PUSHLOCADDR       3
                           *** Generating:  106:    LOADFROMADDR
                           ... node has no more children
                          ... node has no more children
                         *** Generating:  107:    ADD
                         ... node has no more children
                        ... node has no more children
                       ... node has no more children
                      ... node has no more children
                     ... node has no more children
                    )
                    ... node has no more children
                   %
                   <expr1>
                    IDENTIFIER: im  [local var (stackframe offset = 1)]
                    *** Generating:  108:    PUSHLOCADDR       1
                    *** Generating:  109:    LOADFROMADDR
                    ... node has no more children
                   *** Generating:  110:    MOD
                   ... node has no more children
                  ... node has no more children
                 *** Generating:  111:    SAVETOADDR
                 ;
                 ... node has no more children
                ... node has no more children
               <statement>
                <assignmentOrInvoc>
                 IDENTIFIER: jj  [local var (stackframe offset = 12)]
                 *** Generating:  112:    PUSHLOCADDR       12
                 =
                 <expr3>
                  <expr2>
                   <expr1>
                    IDENTIFIER: jlo  [local var (stackframe offset = 4)]
                    *** Generating:  113:    PUSHLOCADDR       4
                    *** Generating:  114:    LOADFROMADDR
                    ... node has no more children
                   ... node has no more children
                  +
                  <expr2>
                   <expr1>
                    (
                    <expr7>
                     <expr6>
                      <expr5>
                       <expr4>
                        <expr3>
                         <expr2>
                          <expr1>
                           (
                           <expr7>
                            <expr6>
                             <expr5>
                              <expr4>
                               <expr3>
                                <expr2>
                                 <expr1>
                                  IDENTIFIER: jhi  [local var (stackframe offset = 5)]
                                  *** Generating:  115:    PUSHLOCADDR       5
                                  *** Generating:  116:    LOADFROMADDR
                                  ... node has no more children
                                 ... node has no more children
                                -
                                <expr2>
                                 <expr1>
                                  IDENTIFIER: jlo  [local var (stackframe offset = 4)]
                                  *** Generating:  117:    PUSHLOCADDR       4
                                  *** Generating:  118:    LOADFROMADDR
                                  ... node has no more children
                                 ... node has no more children
                                *** Generating:  119:    SUB
                                +
                                <expr2>
                                 <expr1>
                                  *** Generating:  120:    PUSHNUM           1
                                  UNSIGNED INTEGER LITERAL: 1
                                  ... node has no more children
                                 ... node has no more children
                                *** Generating:  121:    ADD
                                ... node has no more children
                               ... node has no more children
                              ... node has no more children
                             ... node has no more children
                            ... node has no more children
                           )
                           ... node has no more children
                          *
                          <expr1>
                           IDENTIFIER: jran  [local var (stackframe offset = 6)]
                           *** Generating:  122:    PUSHLOCADDR       6
                           *** Generating:  123:    LOADFROMADDR
                           ... node has no more children
                          *** Generating:  124:    MUL
                          ... node has no more children
                         ... node has no more children
                        ... node has no more children
                       ... node has no more children
                      ... node has no more children
                     ... node has no more children
                    )
                    ... node has no more children
                   /
                   <expr1>
                    IDENTIFIER: im  [local var (stackframe offset = 1)]
                    *** Generating:  125:    PUSHLOCADDR       1
                    *** Generating:  126:    LOADFROMADDR
                    ... node has no more children
                   *** Generating:  127:    DIV
                   ... node has no more children
                  *** Generating:  128:    ADD
                  ... node has no more children
                 *** Generating:  129:    SAVETOADDR
                 ;
                 ... node has no more children
                ... node has no more children
               }
               ... node has no more children
              ... node has no more children
             *** Fixed Up:  98:     JUMP              130
             ... node has no more children
            ... node has no more children
           <statement>
            <outputStmt>
             Reserved Word: System
             .
             Reserved Word: out
             .
             Reserved Word: print
             (
             <printArgument>
              *** Generating:  130:    WRITESTRING       97    114
              CHARACTER STRING LITERAL: "Creating array of "
              ... node has no more children
             )
             ;
             ... node has no more children
            ... node has no more children
           <statement>
            <outputStmt>
             Reserved Word: System
             .
             Reserved Word: out
             .
             Reserved Word: print
             (
             <printArgument>
              <expr3>
               <expr2>
                <expr1>
                 IDENTIFIER: jj  [local var (stackframe offset = 12)]
                 *** Generating:  131:    PUSHLOCADDR       12
                 *** Generating:  132:    LOADFROMADDR
                 ... node has no more children
                ... node has no more children
               ... node has no more children
              *** Generating:  133:    WRITEINT
              ... node has no more children
             )
             ;
             ... node has no more children
            ... node has no more children
           <statement>
            <outputStmt>
             Reserved Word: System
             .
             Reserved Word: out
             .
             Reserved Word: println
             (
             <printArgument>
              *** Generating:  134:    WRITESTRING       115   122
              CHARACTER STRING LITERAL: " int[]s."
              ... node has no more children
             )
             ;
             *** Generating:  135:    WRITELNOP
             ... node has no more children
            ... node has no more children
           <statement>
            <assignmentOrInvoc>
             IDENTIFIER: r  [local var (stackframe offset = 9)]
             *** Generating:  136:    PUSHLOCADDR       9
             *** Generating:  137:    LOADFROMADDR
             [
             <expr3>
              <expr2>
               <expr1>
                IDENTIFIER: k  [local var (stackframe offset = 11)]
                *** Generating:  138:    PUSHLOCADDR       11
                *** Generating:  139:    LOADFROMADDR
                ... node has no more children
               ... node has no more children
              ... node has no more children
             ]
             *** Generating:  140:    ADDTOPTR
             =
             <expr3>
              <expr2>
               <expr1>
                Reserved Word: new
                Reserved Word: int
                [
                <expr3>
                 <expr2>
                  <expr1>
                   IDENTIFIER: jj  [local var (stackframe offset = 12)]
                   *** Generating:  141:    PUSHLOCADDR       12
                   *** Generating:  142:    LOADFROMADDR
                   ... node has no more children
                  ... node has no more children
                 ... node has no more children
                *** Generating:  143:    HEAPALLOC
                ]
                [
                ]
                ... node has no more children
               ... node has no more children
              ... node has no more children
             *** Generating:  144:    SAVETOADDR
             ;
             ... node has no more children
            ... node has no more children
           <statement>
            <varDecl>
             Reserved Word: int
             <singleVarDecl>
              IDENTIFIER: kk  [not in symbol table]
              =
              *** Generating:  145:    PUSHLOCADDR       13
              <expr3>
               <expr2>
                <expr1>
                 *** Generating:  146:    PUSHNUM           0
                 UNSIGNED INTEGER LITERAL: 0
                 ... node has no more children
                ... node has no more children
               ... node has no more children
              *** Generating:  147:    SAVETOADDR
              ... node has no more children
             ;
             ... node has no more children
            ... node has no more children
           <statement>
            <whileStmt>
             Reserved Word: while
             (
             <expr7>
              <expr6>
               <expr5>
                <expr4>
                 <expr3>
                  <expr2>
                   <expr1>
                    IDENTIFIER: kk  [local var (stackframe offset = 13)]
                    *** Generating:  148:    PUSHLOCADDR       13
                    *** Generating:  149:    LOADFROMADDR
                    ... node has no more children
                   ... node has no more children
                  ... node has no more children
                 <
                 <expr3>
                  <expr2>
                   <expr1>
                    IDENTIFIER: jj  [local var (stackframe offset = 12)]
                    *** Generating:  150:    PUSHLOCADDR       12
                    *** Generating:  151:    LOADFROMADDR
                    ... node has no more children
                   ... node has no more children
                  ... node has no more children
                 *** Generating:  152:    LT
                 ... node has no more children
                ... node has no more children
               ... node has no more children
              ... node has no more children
             )
             *** Generating:  153:    JUMPONFALSE       ?
             <statement>
              <compoundStmt>
               {
               <statement>
                <ifStmt>
                 Reserved Word: if
                 (
                 <expr7>
                  <expr6>
                   <expr5>
                    <expr4>
                     <expr3>
                      <expr2>
                       <expr1>
                        IDENTIFIER: k  [local var (stackframe offset = 11)]
                        *** Generating:  154:    PUSHLOCADDR       11
                        *** Generating:  155:    LOADFROMADDR
                        ... node has no more children
                       ... node has no more children
                      ... node has no more children
                     ... node has no more children
                    ==
                    <expr4>
                     <expr3>
                      <expr2>
                       <expr1>
                        *** Generating:  156:    PUSHNUM           0
                        UNSIGNED INTEGER LITERAL: 0
                        ... node has no more children
                       ... node has no more children
                      ... node has no more children
                     ... node has no more children
                    *** Generating:  157:    EQ
                    ... node has no more children
                   ... node has no more children
                  |
                  <expr6>
                   <expr5>
                    <expr4>
                     <expr3>
                      <expr2>
                       <expr1>
                        IDENTIFIER: kk  [local var (stackframe offset = 13)]
                        *** Generating:  158:    PUSHLOCADDR       13
                        *** Generating:  159:    LOADFROMADDR
                        ... node has no more children
                       ... node has no more children
                      ... node has no more children
                     ... node has no more children
                    ==
                    <expr4>
                     <expr3>
                      <expr2>
                       <expr1>
                        *** Generating:  160:    PUSHNUM           0
                        UNSIGNED INTEGER LITERAL: 0
                        ... node has no more children
                       ... node has no more children
                      ... node has no more children
                     ... node has no more children
                    *** Generating:  161:    EQ
                    ... node has no more children
                   ... node has no more children
                  *** Generating:  162:    OR
                  ... node has no more children
                 )
                 *** Generating:  163:    JUMPONFALSE       ?
                 <statement>
                  <compoundStmt>
                   {
                   <statement>
                    <varDecl>
                     Reserved Word: int
                     <singleVarDecl>
                      IDENTIFIER: jjj  [not in symbol table]
                      ... node has no more children
                     ;
                     ... node has no more children
                    ... node has no more children
                   <statement>
                    <ifStmt>
                     Reserved Word: if
                     (
                     <expr7>
                      <expr6>
                       <expr5>
                        <expr4>
                         <expr3>
                          <expr2>
                           <expr1>
                            IDENTIFIER: k  [local var (stackframe offset = 11)]
                            *** Generating:  164:    PUSHLOCADDR       11
                            *** Generating:  165:    LOADFROMADDR
                            ... node has no more children
                           ... node has no more children
                          ... node has no more children
                         ... node has no more children
                        ==
                        <expr4>
                         <expr3>
                          <expr2>
                           <expr1>
                            *** Generating:  166:    PUSHNUM           0
                            UNSIGNED INTEGER LITERAL: 0
                            ... node has no more children
                           ... node has no more children
                          ... node has no more children
                         ... node has no more children
                        *** Generating:  167:    EQ
                        ... node has no more children
                       ... node has no more children
                      ... node has no more children
                     )
                     *** Generating:  168:    JUMPONFALSE       ?
                     <statement>
                      <assignmentOrInvoc>
                       IDENTIFIER: jjj  [local var (stackframe offset = 14)]
                       *** Generating:  169:    PUSHLOCADDR       14
                       =
                       <expr3>
                        <expr2>
                         <expr1>
                          *** Generating:  170:    PUSHNUM           10
                          UNSIGNED INTEGER LITERAL: 10
                          ... node has no more children
                         ... node has no more children
                        ... node has no more children
                       *** Generating:  171:    SAVETOADDR
                       ;
                       ... node has no more children
                      ... node has no more children
                     Reserved Word: else
                     *** Generating:  172:    JUMP              ?
                     *** Fixed Up:  168:    JUMPONFALSE       173
                     <statement>
                      <compoundStmt>
                       {
                       <statement>
                        <assignmentOrInvoc>
                         IDENTIFIER: jran  [local var (stackframe offset = 6)]
                         *** Generating:  173:    PUSHLOCADDR       6
                         =
                         <expr3>
                          <expr2>
                           <expr1>
                            (
                            <expr7>
                             <expr6>
                              <expr5>
                               <expr4>
                                <expr3>
                                 <expr2>
                                  <expr1>
                                   IDENTIFIER: jran  [local var (stackframe offset = 6)]
                                   *** Generating:  174:    PUSHLOCADDR       6
                                   *** Generating:  175:    LOADFROMADDR
                                   ... node has no more children
                                  *
                                  <expr1>
                                   IDENTIFIER: ia  [local var (stackframe offset = 2)]
                                   *** Generating:  176:    PUSHLOCADDR       2
                                   *** Generating:  177:    LOADFROMADDR
                                   ... node has no more children
                                  *** Generating:  178:    MUL
                                  ... node has no more children
                                 +
                                 <expr2>
                                  <expr1>
                                   IDENTIFIER: ic  [local var (stackframe offset = 3)]
                                   *** Generating:  179:    PUSHLOCADDR       3
                                   *** Generating:  180:    LOADFROMADDR
                                   ... node has no more children
                                  ... node has no more children
                                 *** Generating:  181:    ADD
                                 ... node has no more children
                                ... node has no more children
                               ... node has no more children
                              ... node has no more children
                             ... node has no more children
                            )
                            ... node has no more children
                           %
                           <expr1>
                            IDENTIFIER: im  [local var (stackframe offset = 1)]
                            *** Generating:  182:    PUSHLOCADDR       1
                            *** Generating:  183:    LOADFROMADDR
                            ... node has no more children
                           *** Generating:  184:    MOD
                           ... node has no more children
                          ... node has no more children
                         *** Generating:  185:    SAVETOADDR
                         ;
                         ... node has no more children
                        ... node has no more children
                       <statement>
                        <assignmentOrInvoc>
                         IDENTIFIER: jjj  [local var (stackframe offset = 14)]
                         *** Generating:  186:    PUSHLOCADDR       14
                         =
                         <expr3>
                          <expr2>
                           <expr1>
                            IDENTIFIER: jlo  [local var (stackframe offset = 4)]
                            *** Generating:  187:    PUSHLOCADDR       4
                            *** Generating:  188:    LOADFROMADDR
                            ... node has no more children
                           ... node has no more children
                          +
                          <expr2>
                           <expr1>
                            (
                            <expr7>
                             <expr6>
                              <expr5>
                               <expr4>
                                <expr3>
                                 <expr2>
                                  <expr1>
                                   (
                                   <expr7>
                                    <expr6>
                                     <expr5>
                                      <expr4>
                                       <expr3>
                                        <expr2>
                                         <expr1>
                                          IDENTIFIER: jhi  [local var (stackframe offset = 5)]
                                          *** Generating:  189:    PUSHLOCADDR       5
                                          *** Generating:  190:    LOADFROMADDR
                                          ... node has no more children
                                         ... node has no more children
                                        -
                                        <expr2>
                                         <expr1>
                                          IDENTIFIER: jlo  [local var (stackframe offset = 4)]
                                          *** Generating:  191:    PUSHLOCADDR       4
                                          *** Generating:  192:    LOADFROMADDR
                                          ... node has no more children
                                         ... node has no more children
                                        *** Generating:  193:    SUB
                                        +
                                        <expr2>
                                         <expr1>
                                          *** Generating:  194:    PUSHNUM           1
                                          UNSIGNED INTEGER LITERAL: 1
                                          ... node has no more children
                                         ... node has no more children
                                        *** Generating:  195:    ADD
                                        ... node has no more children
                                       ... node has no more children
                                      ... node has no more children
                                     ... node has no more children
                                    ... node has no more children
                                   )
                                   ... node has no more children
                                  *
                                  <expr1>
                                   IDENTIFIER: jran  [local var (stackframe offset = 6)]
                                   *** Generating:  196:    PUSHLOCADDR       6
                                   *** Generating:  197:    LOADFROMADDR
                                   ... node has no more children
                                  *** Generating:  198:    MUL
                                  ... node has no more children
                                 ... node has no more children
                                ... node has no more children
                               ... node has no more children
                              ... node has no more children
                             ... node has no more children
                            )
                            ... node has no more children
                           /
                           <expr1>
                            IDENTIFIER: im  [local var (stackframe offset = 1)]
                            *** Generating:  199:    PUSHLOCADDR       1
                            *** Generating:  200:    LOADFROMADDR
                            ... node has no more children
                           *** Generating:  201:    DIV
                           ... node has no more children
                          *** Generating:  202:    ADD
                          ... node has no more children
                         *** Generating:  203:    SAVETOADDR
                         ;
                         ... node has no more children
                        ... node has no more children
                       }
                       ... node has no more children
                      ... node has no more children
                     *** Fixed Up:  172:    JUMP              204
                     ... node has no more children
                    ... node has no more children
                   <statement>
                    <outputStmt>
                     Reserved Word: System
                     .
                     Reserved Word: out
                     .
                     Reserved Word: print
                     (
                     <printArgument>
                      *** Generating:  204:    WRITESTRING       123   140
                      CHARACTER STRING LITERAL: "Creating array of "
                      ... node has no more children
                     )
                     ;
                     ... node has no more children
                    ... node has no more children
                   <statement>
                    <outputStmt>
                     Reserved Word: System
                     .
                     Reserved Word: out
                     .
                     Reserved Word: print
                     (
                     <printArgument>
                      <expr3>
                       <expr2>
                        <expr1>
                         IDENTIFIER: jjj  [local var (stackframe offset = 14)]
                         *** Generating:  205:    PUSHLOCADDR       14
                         *** Generating:  206:    LOADFROMADDR
                         ... node has no more children
                        ... node has no more children
                       ... node has no more children
                      *** Generating:  207:    WRITEINT
                      ... node has no more children
                     )
                     ;
                     ... node has no more children
                    ... node has no more children
                   <statement>
                    <outputStmt>
                     Reserved Word: System
                     .
                     Reserved Word: out
                     .
                     Reserved Word: println
                     (
                     <printArgument>
                      *** Generating:  208:    WRITESTRING       141   146
                      CHARACTER STRING LITERAL: " ints."
                      ... node has no more children
                     )
                     ;
                     *** Generating:  209:    WRITELNOP
                     ... node has no more children
                    ... node has no more children
                   <statement>
                    <assignmentOrInvoc>
                     IDENTIFIER: r  [local var (stackframe offset = 9)]
                     *** Generating:  210:    PUSHLOCADDR       9
                     *** Generating:  211:    LOADFROMADDR
                     [
                     <expr3>
                      <expr2>
                       <expr1>
                        IDENTIFIER: k  [local var (stackframe offset = 11)]
                        *** Generating:  212:    PUSHLOCADDR       11
                        *** Generating:  213:    LOADFROMADDR
                        ... node has no more children
                       ... node has no more children
                      ... node has no more children
                     ]
                     *** Generating:  214:    ADDTOPTR
                     *** Generating:  215:    LOADFROMADDR
                     [
                     <expr3>
                      <expr2>
                       <expr1>
                        IDENTIFIER: kk  [local var (stackframe offset = 13)]
                        *** Generating:  216:    PUSHLOCADDR       13
                        *** Generating:  217:    LOADFROMADDR
                        ... node has no more children
                       ... node has no more children
                      ... node has no more children
                     ]
                     *** Generating:  218:    ADDTOPTR
                     =
                     <expr3>
                      <expr2>
                       <expr1>
                        Reserved Word: new
                        Reserved Word: int
                        [
                        <expr3>
                         <expr2>
                          <expr1>
                           IDENTIFIER: jjj  [local var (stackframe offset = 14)]
                           *** Generating:  219:    PUSHLOCADDR       14
                           *** Generating:  220:    LOADFROMADDR
                           ... node has no more children
                          ... node has no more children
                         ... node has no more children
                        *** Generating:  221:    HEAPALLOC
                        ]
                        ... node has no more children
                       ... node has no more children
                      ... node has no more children
                     *** Generating:  222:    SAVETOADDR
                     ;
                     ... node has no more children
                    ... node has no more children
                   <statement>
                    <varDecl>
                     Reserved Word: int
                     <singleVarDecl>
                      IDENTIFIER: i  [not in symbol table]
                      =
                      *** Generating:  223:    PUSHLOCADDR       15
                      <expr3>
                       <expr2>
                        <expr1>
                         *** Generating:  224:    PUSHNUM           0
                         UNSIGNED INTEGER LITERAL: 0
                         ... node has no more children
                        ... node has no more children
                       ... node has no more children
                      *** Generating:  225:    SAVETOADDR
                      ... node has no more children
                     ;
                     ... node has no more children
                    ... node has no more children
                   <statement>
                    <whileStmt>
                     Reserved Word: while
                     (
                     <expr7>
                      <expr6>
                       <expr5>
                        <expr4>
                         <expr3>
                          <expr2>
                           <expr1>
                            IDENTIFIER: i  [local var (stackframe offset = 15)]
                            *** Generating:  226:    PUSHLOCADDR       15
                            *** Generating:  227:    LOADFROMADDR
                            ... node has no more children
                           ... node has no more children
                          ... node has no more children
                         <
                         <expr3>
                          <expr2>
                           <expr1>
                            IDENTIFIER: jjj  [local var (stackframe offset = 14)]
                            *** Generating:  228:    PUSHLOCADDR       14
                            *** Generating:  229:    LOADFROMADDR
                            ... node has no more children
                           ... node has no more children
                          ... node has no more children
                         *** Generating:  230:    LT
                         ... node has no more children
                        ... node has no more children
                       ... node has no more children
                      ... node has no more children
                     )
                     *** Generating:  231:    JUMPONFALSE       ?
                     <statement>
                      <compoundStmt>
                       {
                       <statement>
                        <assignmentOrInvoc>
                         IDENTIFIER: r  [local var (stackframe offset = 9)]
                         *** Generating:  232:    PUSHLOCADDR       9
                         *** Generating:  233:    LOADFROMADDR
                         [
                         <expr3>
                          <expr2>
                           <expr1>
                            IDENTIFIER: k  [local var (stackframe offset = 11)]
                            *** Generating:  234:    PUSHLOCADDR       11
                            *** Generating:  235:    LOADFROMADDR
                            ... node has no more children
                           ... node has no more children
                          ... node has no more children
                         ]
                         *** Generating:  236:    ADDTOPTR
                         *** Generating:  237:    LOADFROMADDR
                         [
                         <expr3>
                          <expr2>
                           <expr1>
                            IDENTIFIER: kk  [local var (stackframe offset = 13)]
                            *** Generating:  238:    PUSHLOCADDR       13
                            *** Generating:  239:    LOADFROMADDR
                            ... node has no more children
                           ... node has no more children
                          ... node has no more children
                         ]
                         *** Generating:  240:    ADDTOPTR
                         *** Generating:  241:    LOADFROMADDR
                         [
                         <expr3>
                          <expr2>
                           <expr1>
                            IDENTIFIER: i  [local var (stackframe offset = 15)]
                            *** Generating:  242:    PUSHLOCADDR       15
                            *** Generating:  243:    LOADFROMADDR
                            ... node has no more children
                           ... node has no more children
                          ... node has no more children
                         ]
                         *** Generating:  244:    ADDTOPTR
                         =
                         <expr3>
                          <expr2>
                           <expr1>
                            *** Generating:  245:    PUSHNUM           10000
                            UNSIGNED INTEGER LITERAL: 10000
                            ... node has no more children
                           *
                           <expr1>
                            IDENTIFIER: k  [local var (stackframe offset = 11)]
                            *** Generating:  246:    PUSHLOCADDR       11
                            *** Generating:  247:    LOADFROMADDR
                            ... node has no more children
                           *** Generating:  248:    MUL
                           ... node has no more children
                          +
                          <expr2>
                           <expr1>
                            *** Generating:  249:    PUSHNUM           100
                            UNSIGNED INTEGER LITERAL: 100
                            ... node has no more children
                           *
                           <expr1>
                            IDENTIFIER: kk  [local var (stackframe offset = 13)]
                            *** Generating:  250:    PUSHLOCADDR       13
                            *** Generating:  251:    LOADFROMADDR
                            ... node has no more children
                           *** Generating:  252:    MUL
                           ... node has no more children
                          *** Generating:  253:    ADD
                          +
                          <expr2>
                           <expr1>
                            IDENTIFIER: i  [local var (stackframe offset = 15)]
                            *** Generating:  254:    PUSHLOCADDR       15
                            *** Generating:  255:    LOADFROMADDR
                            ... node has no more children
                           ... node has no more children
                          *** Generating:  256:    ADD
                          ... node has no more children
                         *** Generating:  257:    SAVETOADDR
                         ;
                         ... node has no more children
                        ... node has no more children
                       <statement>
                        <assignmentOrInvoc>
                         IDENTIFIER: i  [local var (stackframe offset = 15)]
                         *** Generating:  258:    PUSHLOCADDR       15
                         =
                         <expr3>
                          <expr2>
                           <expr1>
                            IDENTIFIER: i  [local var (stackframe offset = 15)]
                            *** Generating:  259:    PUSHLOCADDR       15
                            *** Generating:  260:    LOADFROMADDR
                            ... node has no more children
                           ... node has no more children
                          +
                          <expr2>
                           <expr1>
                            *** Generating:  261:    PUSHNUM           1
                            UNSIGNED INTEGER LITERAL: 1
                            ... node has no more children
                           ... node has no more children
                          *** Generating:  262:    ADD
                          ... node has no more children
                         *** Generating:  263:    SAVETOADDR
                         ;
                         ... node has no more children
                        ... node has no more children
                       }
                       ... node has no more children
                      ... node has no more children
                     *** Generating:  264:    JUMP              226
                     *** Fixed Up:  231:    JUMPONFALSE       265
                     ... node has no more children
                    ... node has no more children
                   }
                   ... node has no more children
                  ... node has no more children
                 Reserved Word: else
                 *** Generating:  265:    JUMP              ?
                 *** Fixed Up:  163:    JUMPONFALSE       266
                 <statement>
                  <compoundStmt>
                   {
                   <statement>
                    <assignmentOrInvoc>
                     IDENTIFIER: r  [local var (stackframe offset = 9)]
                     *** Generating:  266:    PUSHLOCADDR       9
                     *** Generating:  267:    LOADFROMADDR
                     [
                     <expr3>
                      <expr2>
                       <expr1>
                        IDENTIFIER: k  [local var (stackframe offset = 11)]
                        *** Generating:  268:    PUSHLOCADDR       11
                        *** Generating:  269:    LOADFROMADDR
                        ... node has no more children
                       ... node has no more children
                      ... node has no more children
                     ]
                     *** Generating:  270:    ADDTOPTR
                     *** Generating:  271:    LOADFROMADDR
                     [
                     <expr3>
                      <expr2>
                       <expr1>
                        IDENTIFIER: kk  [local var (stackframe offset = 13)]
                        *** Generating:  272:    PUSHLOCADDR       13
                        *** Generating:  273:    LOADFROMADDR
                        ... node has no more children
                       ... node has no more children
                      ... node has no more children
                     ]
                     *** Generating:  274:    ADDTOPTR
                     =
                     <expr3>
                      <expr2>
                       <expr1>
                        IDENTIFIER: r  [local var (stackframe offset = 9)]
                        *** Generating:  275:    PUSHLOCADDR       9
                        *** Generating:  276:    LOADFROMADDR
                        [
                        <expr3>
                         <expr2>
                          <expr1>
                           *** Generating:  277:    PUSHNUM           0
                           UNSIGNED INTEGER LITERAL: 0
                           ... node has no more children
                          ... node has no more children
                         ... node has no more children
                        *** Generating:  278:    ADDTOPTR
                        *** Generating:  279:    LOADFROMADDR
                        ]
                        [
                        <expr3>
                         <expr2>
                          <expr1>
                           IDENTIFIER: kk  [local var (stackframe offset = 13)]
                           *** Generating:  280:    PUSHLOCADDR       13
                           *** Generating:  281:    LOADFROMADDR
                           ... node has no more children
                          ... node has no more children
                         ... node has no more children
                        *** Generating:  282:    ADDTOPTR
                        *** Generating:  283:    LOADFROMADDR
                        ]
                        ... node has no more children
                       ... node has no more children
                      ... node has no more children
                     *** Generating:  284:    SAVETOADDR
                     ;
                     ... node has no more children
                    ... node has no more children
                   <statement>
                    <varDecl>
                     Reserved Word: int
                     <singleVarDecl>
                      IDENTIFIER: i  [not in symbol table]
                      =
                      *** Generating:  285:    PUSHLOCADDR       14
                      <expr3>
                       <expr2>
                        <expr1>
                         *** Generating:  286:    PUSHNUM           0
                         UNSIGNED INTEGER LITERAL: 0
                         ... node has no more children
                        ... node has no more children
                       ... node has no more children
                      *** Generating:  287:    SAVETOADDR
                      ... node has no more children
                     ;
                     ... node has no more children
                    ... node has no more children
                   <statement>
                    <whileStmt>
                     Reserved Word: while
                     (
                     <expr7>
                      <expr6>
                       <expr5>
                        <expr4>
                         <expr3>
                          <expr2>
                           <expr1>
                            IDENTIFIER: i  [local var (stackframe offset = 14)]
                            *** Generating:  288:    PUSHLOCADDR       14
                            *** Generating:  289:    LOADFROMADDR
                            ... node has no more children
                           ... node has no more children
                          ... node has no more children
                         <
                         <expr3>
                          <expr2>
                           <expr1>
                            *** Generating:  290:    PUSHNUM           10
                            UNSIGNED INTEGER LITERAL: 10
                            ... node has no more children
                           ... node has no more children
                          ... node has no more children
                         *** Generating:  291:    LT
                         ... node has no more children
                        ... node has no more children
                       ... node has no more children
                      ... node has no more children
                     )
                     *** Generating:  292:    JUMPONFALSE       ?
                     <statement>
                      <compoundStmt>
                       {
                       <statement>
                        <outputStmt>
                         Reserved Word: System
                         .
                         Reserved Word: out
                         .
                         Reserved Word: print
                         (
                         <printArgument>
                          <expr3>
                           <expr2>
                            <expr1>
                             IDENTIFIER: r  [local var (stackframe offset = 9)]
                             *** Generating:  293:    PUSHLOCADDR       9
                             *** Generating:  294:    LOADFROMADDR
                             [
                             <expr3>
                              <expr2>
                               <expr1>
                                IDENTIFIER: k  [local var (stackframe offset = 11)]
                                *** Generating:  295:    PUSHLOCADDR       11
                                *** Generating:  296:    LOADFROMADDR
                                ... node has no more children
                               ... node has no more children
                              ... node has no more children
                             *** Generating:  297:    ADDTOPTR
                             *** Generating:  298:    LOADFROMADDR
                             ]
                             [
                             <expr3>
                              <expr2>
                               <expr1>
                                IDENTIFIER: kk  [local var (stackframe offset = 13)]
                                *** Generating:  299:    PUSHLOCADDR       13
                                *** Generating:  300:    LOADFROMADDR
                                ... node has no more children
                               ... node has no more children
                              ... node has no more children
                             *** Generating:  301:    ADDTOPTR
                             *** Generating:  302:    LOADFROMADDR
                             ]
                             [
                             <expr3>
                              <expr2>
                               <expr1>
                                IDENTIFIER: i  [local var (stackframe offset = 14)]
                                *** Generating:  303:    PUSHLOCADDR       14
                                *** Generating:  304:    LOADFROMADDR
                                ... node has no more children
                               ... node has no more children
                              ... node has no more children
                             *** Generating:  305:    ADDTOPTR
                             *** Generating:  306:    LOADFROMADDR
                             ]
                             ... node has no more children
                            ... node has no more children
                           ... node has no more children
                          *** Generating:  307:    WRITEINT
                          ... node has no more children
                         )
                         ;
                         ... node has no more children
                        ... node has no more children
                       <statement>
                        <outputStmt>
                         Reserved Word: System
                         .
                         Reserved Word: out
                         .
                         Reserved Word: print
                         (
                         <printArgument>
                          *** Generating:  308:    WRITESTRING       147   147
                          CHARACTER STRING LITERAL: " "
                          ... node has no more children
                         )
                         ;
                         ... node has no more children
                        ... node has no more children
                       <statement>
                        <assignmentOrInvoc>
                         IDENTIFIER: i  [local var (stackframe offset = 14)]
                         *** Generating:  309:    PUSHLOCADDR       14
                         =
                         <expr3>
                          <expr2>
                           <expr1>
                            IDENTIFIER: i  [local var (stackframe offset = 14)]
                            *** Generating:  310:    PUSHLOCADDR       14
                            *** Generating:  311:    LOADFROMADDR
                            ... node has no more children
                           ... node has no more children
                          +
                          <expr2>
                           <expr1>
                            *** Generating:  312:    PUSHNUM           1
                            UNSIGNED INTEGER LITERAL: 1
                            ... node has no more children
                           ... node has no more children
                          *** Generating:  313:    ADD
                          ... node has no more children
                         *** Generating:  314:    SAVETOADDR
                         ;
                         ... node has no more children
                        ... node has no more children
                       }
                       ... node has no more children
                      ... node has no more children
                     *** Generating:  315:    JUMP              288
                     *** Fixed Up:  292:    JUMPONFALSE       316
                     ... node has no more children
                    ... node has no more children
                   <statement>
                    <outputStmt>
                     Reserved Word: System
                     .
                     Reserved Word: out
                     .
                     Reserved Word: println
                     (
                     )
                     ;
                     *** Generating:  316:    WRITELNOP
                     ... node has no more children
                    ... node has no more children
                   }
                   ... node has no more children
                  ... node has no more children
                 *** Fixed Up:  265:    JUMP              317
                 ... node has no more children
                ... node has no more children
               <statement>
                <assignmentOrInvoc>
                 IDENTIFIER: kk  [local var (stackframe offset = 13)]
                 *** Generating:  317:    PUSHLOCADDR       13
                 =
                 <expr3>
                  <expr2>
                   <expr1>
                    IDENTIFIER: kk  [local var (stackframe offset = 13)]
                    *** Generating:  318:    PUSHLOCADDR       13
                    *** Generating:  319:    LOADFROMADDR
                    ... node has no more children
                   ... node has no more children
                  +
                  <expr2>
                   <expr1>
                    *** Generating:  320:    PUSHNUM           1
                    UNSIGNED INTEGER LITERAL: 1
                    ... node has no more children
                   ... node has no more children
                  *** Generating:  321:    ADD
                  ... node has no more children
                 *** Generating:  322:    SAVETOADDR
                 ;
                 ... node has no more children
                ... node has no more children
               }
               ... node has no more children
              ... node has no more children
             *** Generating:  323:    JUMP              148
             *** Fixed Up:  153:    JUMPONFALSE       324
             ... node has no more children
            ... node has no more children
           <statement>
            <assignmentOrInvoc>
             IDENTIFIER: k  [local var (stackframe offset = 11)]
             *** Generating:  324:    PUSHLOCADDR       11
             =
             <expr3>
              <expr2>
               <expr1>
                IDENTIFIER: k  [local var (stackframe offset = 11)]
                *** Generating:  325:    PUSHLOCADDR       11
                *** Generating:  326:    LOADFROMADDR
                ... node has no more children
               ... node has no more children
              +
              <expr2>
               <expr1>
                *** Generating:  327:    PUSHNUM           1
                UNSIGNED INTEGER LITERAL: 1
                ... node has no more children
               ... node has no more children
              *** Generating:  328:    ADD
              ... node has no more children
             *** Generating:  329:    SAVETOADDR
             ;
             ... node has no more children
            ... node has no more children
           }
           ... node has no more children
          ... node has no more children
         *** Generating:  330:    JUMP              84
         *** Fixed Up:  89:     JUMPONFALSE       331
         ... node has no more children
        ... node has no more children
       }
       ... node has no more children
      ... node has no more children
     *** Generating:  331:    JUMP              27
     *** Fixed Up:  32:     JUMPONFALSE       332
     ... node has no more children
    ... node has no more children
   }
   ... node has no more children
  *** Fixed Up:  0:      INITSTKFRM        15
  *** Generating:  332:    STOP
  ... node has no more children
 }
 ... node has no more children



Instructions Generated:

0:      INITSTKFRM        15
1:      PUSHLOCADDR       1
2:      PUSHNUM           714025
3:      SAVETOADDR
4:      PUSHLOCADDR       2
5:      PUSHNUM           1366
6:      SAVETOADDR
7:      PUSHLOCADDR       3
8:      PUSHNUM           150889
9:      SAVETOADDR
10:     PUSHLOCADDR       4
11:     PUSHNUM           1
12:     SAVETOADDR
13:     PUSHLOCADDR       5
14:     PUSHNUM           10
15:     SAVETOADDR
16:     WRITESTRING       0     43
17:     PUSHLOCADDR       6
18:     READINT
19:     SAVETOADDR
20:     WRITESTRING       44    68
21:     PUSHLOCADDR       7
22:     READINT
23:     SAVETOADDR
24:     PUSHLOCADDR       8
25:     PUSHNUM           0
26:     SAVETOADDR
27:     PUSHLOCADDR       8
28:     LOADFROMADDR
29:     PUSHLOCADDR       7
30:     LOADFROMADDR
31:     NE
32:     JUMPONFALSE       332
33:     PUSHLOCADDR       8
34:     PUSHLOCADDR       8
35:     LOADFROMADDR
36:     PUSHNUM           1
37:     ADD
38:     SAVETOADDR
39:     PUSHLOCADDR       6
40:     PUSHLOCADDR       6
41:     LOADFROMADDR
42:     PUSHLOCADDR       2
43:     LOADFROMADDR
44:     MUL
45:     PUSHLOCADDR       3
46:     LOADFROMADDR
47:     ADD
48:     PUSHLOCADDR       1
49:     LOADFROMADDR
50:     MOD
51:     SAVETOADDR
52:     PUSHLOCADDR       10
53:     PUSHLOCADDR       4
54:     LOADFROMADDR
55:     PUSHLOCADDR       5
56:     LOADFROMADDR
57:     PUSHLOCADDR       4
58:     LOADFROMADDR
59:     SUB
60:     PUSHNUM           1
61:     ADD
62:     PUSHLOCADDR       6
63:     LOADFROMADDR
64:     MUL
65:     PUSHLOCADDR       1
66:     LOADFROMADDR
67:     DIV
68:     ADD
69:     SAVETOADDR
70:     WRITESTRING       69    86
71:     PUSHLOCADDR       10
72:     LOADFROMADDR
73:     WRITEINT
74:     WRITESTRING       87    96
75:     WRITELNOP
76:     PUSHLOCADDR       9
77:     PUSHLOCADDR       10
78:     LOADFROMADDR
79:     HEAPALLOC
80:     SAVETOADDR
81:     PUSHLOCADDR       11
82:     PUSHNUM           0
83:     SAVETOADDR
84:     PUSHLOCADDR       11
85:     LOADFROMADDR
86:     PUSHLOCADDR       10
87:     LOADFROMADDR
88:     LT
89:     JUMPONFALSE       331
90:     PUSHLOCADDR       11
91:     LOADFROMADDR
92:     PUSHNUM           0
93:     EQ
94:     JUMPONFALSE       99
95:     PUSHLOCADDR       12
96:     PUSHNUM           10
97:     SAVETOADDR
98:     JUMP              130
99:     PUSHLOCADDR       6
100:    PUSHLOCADDR       6
101:    LOADFROMADDR
102:    PUSHLOCADDR       2
103:    LOADFROMADDR
104:    MUL
105:    PUSHLOCADDR       3
106:    LOADFROMADDR
107:    ADD
108:    PUSHLOCADDR       1
109:    LOADFROMADDR
110:    MOD
111:    SAVETOADDR
112:    PUSHLOCADDR       12
113:    PUSHLOCADDR       4
114:    LOADFROMADDR
115:    PUSHLOCADDR       5
116:    LOADFROMADDR
117:    PUSHLOCADDR       4
118:    LOADFROMADDR
119:    SUB
120:    PUSHNUM           1
121:    ADD
122:    PUSHLOCADDR       6
123:    LOADFROMADDR
124:    MUL
125:    PUSHLOCADDR       1
126:    LOADFROMADDR
127:    DIV
128:    ADD
129:    SAVETOADDR
130:    WRITESTRING       97    114
131:    PUSHLOCADDR       12
132:    LOADFROMADDR
133:    WRITEINT
134:    WRITESTRING       115   122
135:    WRITELNOP
136:    PUSHLOCADDR       9
137:    LOADFROMADDR
138:    PUSHLOCADDR       11
139:    LOADFROMADDR
140:    ADDTOPTR
141:    PUSHLOCADDR       12
142:    LOADFROMADDR
143:    HEAPALLOC
144:    SAVETOADDR
145:    PUSHLOCADDR       13
146:    PUSHNUM           0
147:    SAVETOADDR
148:    PUSHLOCADDR       13
149:    LOADFROMADDR
150:    PUSHLOCADDR       12
151:    LOADFROMADDR
152:    LT
153:    JUMPONFALSE       324
154:    PUSHLOCADDR       11
155:    LOADFROMADDR
156:    PUSHNUM           0
157:    EQ
158:    PUSHLOCADDR       13
159:    LOADFROMADDR
160:    PUSHNUM           0
161:    EQ
162:    OR
163:    JUMPONFALSE       266
164:    PUSHLOCADDR       11
165:    LOADFROMADDR
166:    PUSHNUM           0
167:    EQ
168:    JUMPONFALSE       173
169:    PUSHLOCADDR       14
170:    PUSHNUM           10
171:    SAVETOADDR
172:    JUMP              204
173:    PUSHLOCADDR       6
174:    PUSHLOCADDR       6
175:    LOADFROMADDR
176:    PUSHLOCADDR       2
177:    LOADFROMADDR
178:    MUL
179:    PUSHLOCADDR       3
180:    LOADFROMADDR
181:    ADD
182:    PUSHLOCADDR       1
183:    LOADFROMADDR
184:    MOD
185:    SAVETOADDR
186:    PUSHLOCADDR       14
187:    PUSHLOCADDR       4
188:    LOADFROMADDR
189:    PUSHLOCADDR       5
190:    LOADFROMADDR
191:    PUSHLOCADDR       4
192:    LOADFROMADDR
193:    SUB
194:    PUSHNUM           1
195:    ADD
196:    PUSHLOCADDR       6
197:    LOADFROMADDR
198:    MUL
199:    PUSHLOCADDR       1
200:    LOADFROMADDR
201:    DIV
202:    ADD
203:    SAVETOADDR
204:    WRITESTRING       123   140
205:    PUSHLOCADDR       14
206:    LOADFROMADDR
207:    WRITEINT
208:    WRITESTRING       141   146
209:    WRITELNOP
210:    PUSHLOCADDR       9
211:    LOADFROMADDR
212:    PUSHLOCADDR       11
213:    LOADFROMADDR
214:    ADDTOPTR
215:    LOADFROMADDR
216:    PUSHLOCADDR       13
217:    LOADFROMADDR
218:    ADDTOPTR
219:    PUSHLOCADDR       14
220:    LOADFROMADDR
221:    HEAPALLOC
222:    SAVETOADDR
223:    PUSHLOCADDR       15
224:    PUSHNUM           0
225:    SAVETOADDR
226:    PUSHLOCADDR       15
227:    LOADFROMADDR
228:    PUSHLOCADDR       14
229:    LOADFROMADDR
230:    LT
231:    JUMPONFALSE       265
232:    PUSHLOCADDR       9
233:    LOADFROMADDR
234:    PUSHLOCADDR       11
235:    LOADFROMADDR
236:    ADDTOPTR
237:    LOADFROMADDR
238:    PUSHLOCADDR       13
239:    LOADFROMADDR
240:    ADDTOPTR
241:    LOADFROMADDR
242:    PUSHLOCADDR       15
243:    LOADFROMADDR
244:    ADDTOPTR
245:    PUSHNUM           10000
246:    PUSHLOCADDR       11
247:    LOADFROMADDR
248:    MUL
249:    PUSHNUM           100
250:    PUSHLOCADDR       13
251:    LOADFROMADDR
252:    MUL
253:    ADD
254:    PUSHLOCADDR       15
255:    LOADFROMADDR
256:    ADD
257:    SAVETOADDR
258:    PUSHLOCADDR       15
259:    PUSHLOCADDR       15
260:    LOADFROMADDR
261:    PUSHNUM           1
262:    ADD
263:    SAVETOADDR
264:    JUMP              226
265:    JUMP              317
266:    PUSHLOCADDR       9
267:    LOADFROMADDR
268:    PUSHLOCADDR       11
269:    LOADFROMADDR
270:    ADDTOPTR
271:    LOADFROMADDR
272:    PUSHLOCADDR       13
273:    LOADFROMADDR
274:    ADDTOPTR
275:    PUSHLOCADDR       9
276:    LOADFROMADDR
277:    PUSHNUM           0
278:    ADDTOPTR
279:    LOADFROMADDR
280:    PUSHLOCADDR       13
281:    LOADFROMADDR
282:    ADDTOPTR
283:    LOADFROMADDR
284:    SAVETOADDR
285:    PUSHLOCADDR       14
286:    PUSHNUM           0
287:    SAVETOADDR
288:    PUSHLOCADDR       14
289:    LOADFROMADDR
290:    PUSHNUM           10
291:    LT
292:    JUMPONFALSE       316
293:    PUSHLOCADDR       9
294:    LOADFROMADDR
295:    PUSHLOCADDR       11
296:    LOADFROMADDR
297:    ADDTOPTR
298:    LOADFROMADDR
299:    PUSHLOCADDR       13
300:    LOADFROMADDR
301:    ADDTOPTR
302:    LOADFROMADDR
303:    PUSHLOCADDR       14
304:    LOADFROMADDR
305:    ADDTOPTR
306:    LOADFROMADDR
307:    WRITEINT
308:    WRITESTRING       147   147
309:    PUSHLOCADDR       14
310:    PUSHLOCADDR       14
311:    LOADFROMADDR
312:    PUSHNUM           1
313:    ADD
314:    SAVETOADDR
315:    JUMP              288
316:    WRITELNOP
317:    PUSHLOCADDR       13
318:    PUSHLOCADDR       13
319:    LOADFROMADDR
320:    PUSHNUM           1
321:    ADD
322:    SAVETOADDR
323:    JUMP              148
324:    PUSHLOCADDR       11
325:    PUSHLOCADDR       11
326:    LOADFROMADDR
327:    PUSHNUM           1
328:    ADD
329:    SAVETOADDR
330:    JUMP              84
331:    JUMP              27
332:    STOP



Data memory dump

  Data memory--addresses 0 to top of stack, and allocated heap locations:
  0: 69 = 'E'
  1: 110 = 'n'
  2: 116 = 't'
  3: 101 = 'e'
  4: 114 = 'r'
  5: 32 = ' '
  6: 110 = 'n'
  7: 111 = 'o'
  8: 110 = 'n'
  9: 45 = '-'
  10: 110 = 'n'
  11: 101 = 'e'
  12: 103 = 'g'
  13: 97 = 'a'
  14: 116 = 't'
  15: 105 = 'i'
  16: 118 = 'v'
  17: 101 = 'e'
  18: 32 = ' '
  19: 105 = 'i'
  20: 110 = 'n'
  21: 116 = 't'
  22: 101 = 'e'
  23: 103 = 'g'
  24: 101 = 'e'
  25: 114 = 'r'
  26: 32 = ' '
  27: 115 = 's'
  28: 101 = 'e'
  29: 101 = 'e'
  30: 100 = 'd'
  31: 32 = ' '
  32: 60 = '<'
  33: 61 = '='
  34: 32 = ' '
  35: 55 = '7'
  36: 53 = '5'
  37: 48 = '0'
  38: 44 = ','
  39: 48 = '0'
  40: 48 = '0'
  41: 48 = '0'
  42: 58 = ':'
  43: 32 = ' '
  44: 69 = 'E'
  45: 110 = 'n'
  46: 116 = 't'
  47: 101 = 'e'
  48: 114 = 'r'
  49: 32 = ' '
  50: 110 = 'n'
  51: 111 = 'o'
  52: 46 = '.'
  53: 32 = ' '
  54: 111 = 'o'
  55: 102 = 'f'
  56: 32 = ' '
  57: 105 = 'i'
  58: 116 = 't'
  59: 101 = 'e'
  60: 114 = 'r'
  61: 97 = 'a'
  62: 116 = 't'
  63: 105 = 'i'
  64: 111 = 'o'
  65: 110 = 'n'
  66: 115 = 's'
  67: 58 = ':'
  68: 32 = ' '
  69: 67 = 'C'
  70: 114 = 'r'
  71: 101 = 'e'
  72: 97 = 'a'
  73: 116 = 't'
  74: 105 = 'i'
  75: 110 = 'n'
  76: 103 = 'g'
  77: 32 = ' '
  78: 97 = 'a'
  79: 114 = 'r'
  80: 114 = 'r'
  81: 97 = 'a'
  82: 121 = 'y'
  83: 32 = ' '
  84: 111 = 'o'
  85: 102 = 'f'
  86: 32 = ' '
  87: 32 = ' '
  88: 105 = 'i'
  89: 110 = 'n'
  90: 116 = 't'
  91: 91 = '['
  92: 93 = ']'
  93: 91 = '['
  94: 93 = ']'
  95: 115 = 's'
  96: 46 = '.'
  97: 67 = 'C'
  98: 114 = 'r'
  99: 101 = 'e'
  100: 97 = 'a'
  101: 116 = 't'
  102: 105 = 'i'
  103: 110 = 'n'
  104: 103 = 'g'
  105: 32 = ' '
  106: 97 = 'a'
  107: 114 = 'r'
  108: 114 = 'r'
  109: 97 = 'a'
  110: 121 = 'y'
  111: 32 = ' '
  112: 111 = 'o'
  113: 102 = 'f'
  114: 32 = ' '
  115: 32 = ' '
  116: 105 = 'i'
  117: 110 = 'n'
  118: 116 = 't'
  119: 91 = '['
  120: 93 = ']'
  121: 115 = 's'
  122: 46 = '.'
  123: 67 = 'C'
  124: 114 = 'r'
  125: 101 = 'e'
  126: 97 = 'a'
  127: 116 = 't'
  128: 105 = 'i'
  129: 110 = 'n'
  130: 103 = 'g'
  131: 32 = ' '
  132: 97 = 'a'
  133: 114 = 'r'
  134: 114 = 'r'
  135: 97 = 'a'
  136: 121 = 'y'
  137: 32 = ' '
  138: 111 = 'o'
  139: 102 = 'f'
  140: 32 = ' '
  141: 32 = ' '
  142: 105 = 'i'
  143: 110 = 'n'
  144: 116 = 't'
  145: 115 = 's'
  146: 46 = '.'
  147: 32 = ' '

  PC=0  ESP=0  FP=<not in use>  ASP= POINTER TO 148
  HP= POINTER TO 10000  HMAX= POINTER TO 15000

  No instructions executed.

  Expression evaluation stack: <empty>

