<program>
 Reserved Word: class
 IDENTIFIER: CS316ex15  [not in symbol table]
 {
 <mainDecl>
  Reserved Word: public
  Reserved Word: static
  Reserved Word: void
  Reserved Word: main
  (
  Reserved Word: String
  IDENTIFIER: args  [not in symbol table]
  [
  ]
  )
  *** Generating:  0:      INITSTKFRM        ?
  <compoundStmt>
   {
   <statement>
    <outputStmt>
     Reserved Word: System
     .
     Reserved Word: out
     .
     Reserved Word: println
     (
     <printArgument>
      <expr3>
       <expr2>
        <expr1>
         *** Generating:  1:      PUSHNUM           1
         UNSIGNED INTEGER LITERAL: 1
         ... node has no more children
        ... node has no more children
       +
       <expr2>
        <expr1>
         IDENTIFIER: p  [not in symbol table]
         <argumentList>
          (
          )
          ... node has no more children
         *** Generating:  2:      CALLSTATMETHOD    ?
         ... node has no more children
        ... node has no more children
       *** Generating:  3:      ADD
       ... node has no more children
      *** Generating:  4:      WRITEINT
      ... node has no more children
     )
     ;
     *** Generating:  5:      WRITELNOP
     ... node has no more children
    ... node has no more children
   }
   ... node has no more children
  *** Fixed Up:  0:      INITSTKFRM        0
  *** Generating:  6:      STOP
  ... node has no more children
 <methodDecl>
  Reserved Word: static
  Reserved Word: int
  *** Generating:  7:      INITSTKFRM        ?
  IDENTIFIER: q  [method (start address = 7)]
  (
  <parameterDeclList>
   <empty>
   ... node has no more children
  )
  <compoundStmt>
   {
   <statement>
    Reserved Word: return
    <expr3>
     <expr2>
      <expr1>
       *** Generating:  8:      PUSHNUM           100
       UNSIGNED INTEGER LITERAL: 100
       ... node has no more children
      ... node has no more children
     ... node has no more children
    *** Generating:  9:      RETURN            0
    ;
    ... node has no more children
   }
   ... node has no more children
  *** Fixed Up:  7:      INITSTKFRM        0
  ... node has no more children
 <methodDecl>
  Reserved Word: static
  Reserved Word: int
  *** Fixed Up:  2:      CALLSTATMETHOD    10
  *** Generating:  10:     INITSTKFRM        ?
  IDENTIFIER: p  [method (start address = 10)]
  (
  <parameterDeclList>
   <empty>
   ... node has no more children
  )
  <compoundStmt>
   {
   <statement>
    <assignmentOrInvoc>
     IDENTIFIER: q  [method (start address = 7)]
     <argumentList>
      (
      )
      ... node has no more children
     *** Generating:  11:     CALLSTATMETHOD    7
     *** Generating:  12:     DISCARDVALUE
     ;
     ... node has no more children
    ... node has no more children
   <statement>
    Reserved Word: return
    <expr3>
     <expr2>
      <expr1>
       *** Generating:  13:     PUSHNUM           4
       UNSIGNED INTEGER LITERAL: 4
       ... node has no more children
      ... node has no more children
     ... node has no more children
    *** Generating:  14:     RETURN            0
    ;
    ... node has no more children
   }
   ... node has no more children
  *** Fixed Up:  10:     INITSTKFRM        0
  ... node has no more children
 }
 ... node has no more children



Instructions Generated:

0:      INITSTKFRM        0
1:      PUSHNUM           1
2:      CALLSTATMETHOD    10
3:      ADD
4:      WRITEINT
5:      WRITELNOP
6:      STOP
7:      INITSTKFRM        0
8:      PUSHNUM           100
9:      RETURN            0
10:     INITSTKFRM        0
11:     CALLSTATMETHOD    7
12:     DISCARDVALUE
13:     PUSHNUM           4
14:     RETURN            0



Data memory dump

  Data memory--addresses 0 to top of stack, and allocated heap locations:

  PC=0  ESP=0  FP=<not in use>  ASP= POINTER TO 0
  HP= POINTER TO 10000  HMAX= POINTER TO 15000

  No instructions executed.

  Expression evaluation stack: <empty>

