<program>
 Reserved Word: class
 IDENTIFIER: CS316ex6  [not in symbol table]
 {
 <dataFieldDecl>
  Reserved Word: static
  <varDecl>
   Reserved Word: int
   <singleVarDecl>
    IDENTIFIER: arg  [not in symbol table]
    ... node has no more children
   ,
   <singleVarDecl>
    IDENTIFIER: arg1  [not in symbol table]
    ... node has no more children
   ,
   <singleVarDecl>
    IDENTIFIER: arg2  [not in symbol table]
    ... node has no more children
   ;
   ... node has no more children
  ... node has no more children
 <dataFieldDecl>
  Reserved Word: static
  <varDecl>
   Reserved Word: int
   <singleVarDecl>
    IDENTIFIER: number  [not in symbol table]
    ... node has no more children
   ,
   <singleVarDecl>
    IDENTIFIER: sqrt  [not in symbol table]
    ... node has no more children
   ,
   <singleVarDecl>
    IDENTIFIER: minArg  [not in symbol table]
    ... node has no more children
   ,
   <singleVarDecl>
    IDENTIFIER: result  [not in symbol table]
    ... node has no more children
   ;
   ... node has no more children
  ... node has no more children
 <mainDecl>
  Reserved Word: public
  Reserved Word: static
  Reserved Word: void
  Reserved Word: main
  (
  Reserved Word: String
  IDENTIFIER: argv  [not in symbol table]
  [
  ]
  )
  *** Generating:  0:      INITSTKFRM        ?
  <compoundStmt>
   {
   <statement>
    <assignmentOrInvoc>
     IDENTIFIER: arg  [static var (address = 0)]
     *** Generating:  1:      PUSHSTATADDR      0
     =
     <expr3>
      <expr2>
       <expr1>
        *** Generating:  2:      PUSHNUM           4
        UNSIGNED INTEGER LITERAL: 4
        ... node has no more children
       ... node has no more children
      ... node has no more children
     *** Generating:  3:      SAVETOADDR
     ;
     ... node has no more children
    ... node has no more children
   <statement>
    <assignmentOrInvoc>
     IDENTIFIER: sqTr  [not in symbol table]
     <argumentList>
      (
      )
      ... node has no more children
     *** Generating:  4:      CALLSTATMETHOD    ?
     *** Generating:  5:      NOPorDISCARDVALUE
     ;
     ... node has no more children
    ... node has no more children
   <statement>
    <assignmentOrInvoc>
     IDENTIFIER: number  [static var (address = 3)]
     *** Generating:  6:      PUSHSTATADDR      3
     =
     <expr3>
      <expr2>
       <expr1>
        *** Generating:  7:      PUSHNUM           3
        UNSIGNED INTEGER LITERAL: 3
        ... node has no more children
       *
       <expr1>
        *** Generating:  8:      PUSHNUM           100
        UNSIGNED INTEGER LITERAL: 100
        ... node has no more children
       *** Generating:  9:      MUL
       *
       <expr1>
        *** Generating:  10:     PUSHNUM           100
        UNSIGNED INTEGER LITERAL: 100
        ... node has no more children
       *** Generating:  11:     MUL
       ... node has no more children
      ... node has no more children
     *** Generating:  12:     SAVETOADDR
     ;
     ... node has no more children
    ... node has no more children
   <statement>
    <assignmentOrInvoc>
     IDENTIFIER: arg1  [static var (address = 1)]
     *** Generating:  13:     PUSHSTATADDR      1
     =
     <expr3>
      <expr2>
       <expr1>
        *** Generating:  14:     PUSHNUM           1
        UNSIGNED INTEGER LITERAL: 1
        ... node has no more children
       ... node has no more children
      ... node has no more children
     *** Generating:  15:     SAVETOADDR
     ;
     ... node has no more children
    ... node has no more children
   <statement>
    <outputStmt>
     Reserved Word: System
     .
     Reserved Word: out
     .
     Reserved Word: println
     (
     <printArgument>
      <expr3>
       <expr2>
        <expr1>
         IDENTIFIER: number  [static var (address = 3)]
         *** Generating:  16:     PUSHSTATADDR      3
         *** Generating:  17:     LOADFROMADDR
         ... node has no more children
        ... node has no more children
       ... node has no more children
      *** Generating:  18:     WRITEINT
      ... node has no more children
     )
     ;
     *** Generating:  19:     WRITELNOP
     ... node has no more children
    ... node has no more children
   <statement>
    <assignmentOrInvoc>
     IDENTIFIER: squareRoot  [not in symbol table]
     <argumentList>
      (
      )
      ... node has no more children
     *** Generating:  20:     CALLSTATMETHOD    ?
     *** Generating:  21:     NOPorDISCARDVALUE
     ;
     ... node has no more children
    ... node has no more children
   <statement>
    <outputStmt>
     Reserved Word: System
     .
     Reserved Word: out
     .
     Reserved Word: println
     (
     <printArgument>
      <expr3>
       <expr2>
        <expr1>
         IDENTIFIER: sqrt  [static var (address = 4)]
         *** Generating:  22:     PUSHSTATADDR      4
         *** Generating:  23:     LOADFROMADDR
         ... node has no more children
        ... node has no more children
       ... node has no more children
      *** Generating:  24:     WRITEINT
      ... node has no more children
     )
     ;
     *** Generating:  25:     WRITELNOP
     ... node has no more children
    ... node has no more children
   }
   ... node has no more children
  *** Fixed Up:  0:      INITSTKFRM        0
  *** Generating:  26:     STOP
  ... node has no more children
 <methodDecl>
  Reserved Word: static
  Reserved Word: void
  *** Fixed Up: 21:     NOP
  *** Fixed Up:  20:     CALLSTATMETHOD    27
  *** Generating:  27:     INITSTKFRM        ?
  IDENTIFIER: squareRoot  [method (start address = 27)]
  (
  <parameterDeclList>
   <empty>
   ... node has no more children
  )
  <compoundStmt>
   {
   <statement>
    <varDecl>
     Reserved Word: int
     <singleVarDecl>
      IDENTIFIER: done  [not in symbol table]
      =
      *** Generating:  28:     PUSHLOCADDR       1
      <expr3>
       <expr2>
        <expr1>
         *** Generating:  29:     PUSHNUM           0
         UNSIGNED INTEGER LITERAL: 0
         ... node has no more children
        ... node has no more children
       ... node has no more children
      *** Generating:  30:     SAVETOADDR
      ... node has no more children
     ;
     ... node has no more children
    ... node has no more children
   <statement>
    <assignmentOrInvoc>
     IDENTIFIER: arg2  [static var (address = 2)]
     *** Generating:  31:     PUSHSTATADDR      2
     =
     <expr3>
      <expr2>
       <expr1>
        IDENTIFIER: number  [static var (address = 3)]
        *** Generating:  32:     PUSHSTATADDR      3
        *** Generating:  33:     LOADFROMADDR
        ... node has no more children
       /
       <expr1>
        IDENTIFIER: arg1  [static var (address = 1)]
        *** Generating:  34:     PUSHSTATADDR      1
        *** Generating:  35:     LOADFROMADDR
        ... node has no more children
       *** Generating:  36:     DIV
       ... node has no more children
      ... node has no more children
     *** Generating:  37:     SAVETOADDR
     ;
     ... node has no more children
    ... node has no more children
   <statement>
    <outputStmt>
     Reserved Word: System
     .
     Reserved Word: out
     .
     Reserved Word: println
     (
     <printArgument>
      <expr3>
       <expr2>
        <expr1>
         IDENTIFIER: arg2  [static var (address = 2)]
         *** Generating:  38:     PUSHSTATADDR      2
         *** Generating:  39:     LOADFROMADDR
         ... node has no more children
        ... node has no more children
       ... node has no more children
      *** Generating:  40:     WRITEINT
      ... node has no more children
     )
     ;
     *** Generating:  41:     WRITELNOP
     ... node has no more children
    ... node has no more children
   <statement>
    <ifStmt>
     Reserved Word: if
     (
     <expr7>
      <expr6>
       <expr5>
        <expr4>
         <expr3>
          <expr2>
           <expr1>
            (
            <expr7>
             <expr6>
              <expr5>
               <expr4>
                <expr3>
                 <expr2>
                  <expr1>
                   IDENTIFIER: arg2  [static var (address = 2)]
                   *** Generating:  42:     PUSHSTATADDR      2
                   *** Generating:  43:     LOADFROMADDR
                   ... node has no more children
                  ... node has no more children
                 -
                 <expr2>
                  <expr1>
                   IDENTIFIER: arg1  [static var (address = 1)]
                   *** Generating:  44:     PUSHSTATADDR      1
                   *** Generating:  45:     LOADFROMADDR
                   ... node has no more children
                  ... node has no more children
                 *** Generating:  46:     SUB
                 ... node has no more children
                ... node has no more children
               ... node has no more children
              ... node has no more children
             ... node has no more children
            )
            ... node has no more children
           ... node has no more children
          ... node has no more children
         <
         <expr3>
          <expr2>
           <expr1>
            *** Generating:  47:     PUSHNUM           2
            UNSIGNED INTEGER LITERAL: 2
            ... node has no more children
           ... node has no more children
          ... node has no more children
         *** Generating:  48:     LT
         ... node has no more children
        ... node has no more children
       &
       <expr5>
        <expr4>
         <expr3>
          <expr2>
           <expr1>
            -
            <expr1>
             *** Generating:  49:     PUSHNUM           2
             UNSIGNED INTEGER LITERAL: 2
             ... node has no more children
            *** Generating:  50:     CHANGESIGN
            ... node has no more children
           ... node has no more children
          ... node has no more children
         <
         <expr3>
          <expr2>
           <expr1>
            (
            <expr7>
             <expr6>
              <expr5>
               <expr4>
                <expr3>
                 <expr2>
                  <expr1>
                   IDENTIFIER: arg2  [static var (address = 2)]
                   *** Generating:  51:     PUSHSTATADDR      2
                   *** Generating:  52:     LOADFROMADDR
                   ... node has no more children
                  ... node has no more children
                 -
                 <expr2>
                  <expr1>
                   IDENTIFIER: arg1  [static var (address = 1)]
                   *** Generating:  53:     PUSHSTATADDR      1
                   *** Generating:  54:     LOADFROMADDR
                   ... node has no more children
                  ... node has no more children
                 *** Generating:  55:     SUB
                 ... node has no more children
                ... node has no more children
               ... node has no more children
              ... node has no more children
             ... node has no more children
            )
            ... node has no more children
           ... node has no more children
          ... node has no more children
         *** Generating:  56:     LT
         ... node has no more children
        ... node has no more children
       *** Generating:  57:     AND
       ... node has no more children
      ... node has no more children
     )
     *** Generating:  58:     JUMPONFALSE       ?
     <statement>
      <compoundStmt>
       {
       <statement>
        <assignmentOrInvoc>
         IDENTIFIER: sqrt  [static var (address = 4)]
         *** Generating:  59:     PUSHSTATADDR      4
         =
         <expr3>
          <expr2>
           <expr1>
            (
            <expr7>
             <expr6>
              <expr5>
               <expr4>
                <expr3>
                 <expr2>
                  <expr1>
                   IDENTIFIER: arg1  [static var (address = 1)]
                   *** Generating:  60:     PUSHSTATADDR      1
                   *** Generating:  61:     LOADFROMADDR
                   ... node has no more children
                  ... node has no more children
                 +
                 <expr2>
                  <expr1>
                   IDENTIFIER: arg2  [static var (address = 2)]
                   *** Generating:  62:     PUSHSTATADDR      2
                   *** Generating:  63:     LOADFROMADDR
                   ... node has no more children
                  ... node has no more children
                 *** Generating:  64:     ADD
                 ... node has no more children
                ... node has no more children
               ... node has no more children
              ... node has no more children
             ... node has no more children
            )
            ... node has no more children
           /
           <expr1>
            *** Generating:  65:     PUSHNUM           2
            UNSIGNED INTEGER LITERAL: 2
            ... node has no more children
           *** Generating:  66:     DIV
           ... node has no more children
          ... node has no more children
         *** Generating:  67:     SAVETOADDR
         ;
         ... node has no more children
        ... node has no more children
       <statement>
        <assignmentOrInvoc>
         IDENTIFIER: done  [local var (stackframe offset = 1)]
         *** Generating:  68:     PUSHLOCADDR       1
         =
         <expr3>
          <expr2>
           <expr1>
            *** Generating:  69:     PUSHNUM           1
            UNSIGNED INTEGER LITERAL: 1
            ... node has no more children
           ... node has no more children
          ... node has no more children
         *** Generating:  70:     SAVETOADDR
         ;
         ... node has no more children
        ... node has no more children
       }
       ... node has no more children
      ... node has no more children
     *** Fixed Up:  58:     JUMPONFALSE       71
     ... node has no more children
    ... node has no more children
   <statement>
    <ifStmt>
     Reserved Word: if
     (
     <expr7>
      <expr6>
       <expr5>
        <expr4>
         <expr3>
          <expr2>
           <expr1>
            IDENTIFIER: done  [local var (stackframe offset = 1)]
            *** Generating:  71:     PUSHLOCADDR       1
            *** Generating:  72:     LOADFROMADDR
            ... node has no more children
           ... node has no more children
          ... node has no more children
         ... node has no more children
        ==
        <expr4>
         <expr3>
          <expr2>
           <expr1>
            *** Generating:  73:     PUSHNUM           0
            UNSIGNED INTEGER LITERAL: 0
            ... node has no more children
           ... node has no more children
          ... node has no more children
         ... node has no more children
        *** Generating:  74:     EQ
        ... node has no more children
       ... node has no more children
      ... node has no more children
     )
     *** Generating:  75:     JUMPONFALSE       ?
     <statement>
      <compoundStmt>
       {
       <statement>
        <assignmentOrInvoc>
         IDENTIFIER: arg1  [static var (address = 1)]
         *** Generating:  76:     PUSHSTATADDR      1
         =
         <expr3>
          <expr2>
           <expr1>
            (
            <expr7>
             <expr6>
              <expr5>
               <expr4>
                <expr3>
                 <expr2>
                  <expr1>
                   IDENTIFIER: arg1  [static var (address = 1)]
                   *** Generating:  77:     PUSHSTATADDR      1
                   *** Generating:  78:     LOADFROMADDR
                   ... node has no more children
                  ... node has no more children
                 +
                 <expr2>
                  <expr1>
                   IDENTIFIER: arg2  [static var (address = 2)]
                   *** Generating:  79:     PUSHSTATADDR      2
                   *** Generating:  80:     LOADFROMADDR
                   ... node has no more children
                  ... node has no more children
                 *** Generating:  81:     ADD
                 ... node has no more children
                ... node has no more children
               ... node has no more children
              ... node has no more children
             ... node has no more children
            )
            ... node has no more children
           /
           <expr1>
            *** Generating:  82:     PUSHNUM           2
            UNSIGNED INTEGER LITERAL: 2
            ... node has no more children
           *** Generating:  83:     DIV
           ... node has no more children
          ... node has no more children
         *** Generating:  84:     SAVETOADDR
         ;
         ... node has no more children
        ... node has no more children
       <statement>
        <assignmentOrInvoc>
         IDENTIFIER: squareRoot  [method (start address = 27)]
         <argumentList>
          (
          )
          ... node has no more children
         *** Generating:  85:     CALLSTATMETHOD    27
         ;
         ... node has no more children
        ... node has no more children
       }
       ... node has no more children
      ... node has no more children
     *** Fixed Up:  75:     JUMPONFALSE       86
     ... node has no more children
    ... node has no more children
   }
   ... node has no more children
  *** Fixed Up:  27:     INITSTKFRM        1
  *** Generating:  86:     RETURN            0
  ... node has no more children
 <methodDecl>
  Reserved Word: static
  Reserved Word: void
  *** Generating:  87:     INITSTKFRM        ?
  IDENTIFIER: writeRes  [method (start address = 87)]
  (
  <parameterDeclList>
   <empty>
   ... node has no more children
  )
  <compoundStmt>
   {
   <statement>
    <outputStmt>
     Reserved Word: System
     .
     Reserved Word: out
     .
     Reserved Word: println
     (
     <printArgument>
      <expr3>
       <expr2>
        <expr1>
         IDENTIFIER: result  [static var (address = 6)]
         *** Generating:  88:     PUSHSTATADDR      6
         *** Generating:  89:     LOADFROMADDR
         ... node has no more children
        ... node has no more children
       ... node has no more children
      *** Generating:  90:     WRITEINT
      ... node has no more children
     )
     ;
     *** Generating:  91:     WRITELNOP
     ... node has no more children
    ... node has no more children
   <statement>
    <assignmentOrInvoc>
     IDENTIFIER: number  [static var (address = 3)]
     *** Generating:  92:     PUSHSTATADDR      3
     =
     <expr3>
      <expr2>
       <expr1>
        *** Generating:  93:     PUSHNUM           2
        UNSIGNED INTEGER LITERAL: 2
        ... node has no more children
       *
       <expr1>
        IDENTIFIER: result  [static var (address = 6)]
        *** Generating:  94:     PUSHSTATADDR      6
        *** Generating:  95:     LOADFROMADDR
        ... node has no more children
       *** Generating:  96:     MUL
       *
       <expr1>
        IDENTIFIER: result  [static var (address = 6)]
        *** Generating:  97:     PUSHSTATADDR      6
        *** Generating:  98:     LOADFROMADDR
        ... node has no more children
       *** Generating:  99:     MUL
       ... node has no more children
      ... node has no more children
     *** Generating:  100:    SAVETOADDR
     ;
     ... node has no more children
    ... node has no more children
   <statement>
    <assignmentOrInvoc>
     IDENTIFIER: arg1  [static var (address = 1)]
     *** Generating:  101:    PUSHSTATADDR      1
     =
     <expr3>
      <expr2>
       <expr1>
        IDENTIFIER: result  [static var (address = 6)]
        *** Generating:  102:    PUSHSTATADDR      6
        *** Generating:  103:    LOADFROMADDR
        ... node has no more children
       ... node has no more children
      ... node has no more children
     *** Generating:  104:    SAVETOADDR
     ;
     ... node has no more children
    ... node has no more children
   <statement>
    <assignmentOrInvoc>
     IDENTIFIER: squareRoot  [method (start address = 27)]
     <argumentList>
      (
      )
      ... node has no more children
     *** Generating:  105:    CALLSTATMETHOD    27
     ;
     ... node has no more children
    ... node has no more children
   <statement>
    <outputStmt>
     Reserved Word: System
     .
     Reserved Word: out
     .
     Reserved Word: println
     (
     <printArgument>
      <expr3>
       <expr2>
        <expr1>
         IDENTIFIER: sqrt  [static var (address = 4)]
         *** Generating:  106:    PUSHSTATADDR      4
         *** Generating:  107:    LOADFROMADDR
         ... node has no more children
        ... node has no more children
       ... node has no more children
      *** Generating:  108:    WRITEINT
      ... node has no more children
     )
     ;
     *** Generating:  109:    WRITELNOP
     ... node has no more children
    ... node has no more children
   }
   ... node has no more children
  *** Fixed Up:  87:     INITSTKFRM        0
  *** Generating:  110:    RETURN            0
  ... node has no more children
 <methodDecl>
  Reserved Word: static
  Reserved Word: void
  *** Generating:  111:    INITSTKFRM        ?
  IDENTIFIER: compute  [method (start address = 111)]
  (
  <parameterDeclList>
   <empty>
   ... node has no more children
  )
  <compoundStmt>
   {
   <statement>
    <varDecl>
     Reserved Word: int
     <singleVarDecl>
      IDENTIFIER: res1  [not in symbol table]
      ... node has no more children
     ,
     <singleVarDecl>
      IDENTIFIER: writeResult  [not in symbol table]
      =
      *** Generating:  112:    PUSHLOCADDR       2
      <expr3>
       <expr2>
        <expr1>
         *** Generating:  113:    PUSHNUM           0
         UNSIGNED INTEGER LITERAL: 0
         ... node has no more children
        ... node has no more children
       ... node has no more children
      *** Generating:  114:    SAVETOADDR
      ... node has no more children
     ;
     ... node has no more children
    ... node has no more children
   <statement>
    <ifStmt>
     Reserved Word: if
     (
     <expr7>
      <expr6>
       <expr5>
        <expr4>
         <expr3>
          <expr2>
           <expr1>
            IDENTIFIER: arg  [static var (address = 0)]
            *** Generating:  115:    PUSHSTATADDR      0
            *** Generating:  116:    LOADFROMADDR
            ... node has no more children
           ... node has no more children
          ... node has no more children
         <
         <expr3>
          <expr2>
           <expr1>
            IDENTIFIER: minArg  [static var (address = 5)]
            *** Generating:  117:    PUSHSTATADDR      5
            *** Generating:  118:    LOADFROMADDR
            ... node has no more children
           ... node has no more children
          ... node has no more children
         *** Generating:  119:    LT
         ... node has no more children
        ... node has no more children
       ... node has no more children
      ... node has no more children
     )
     *** Generating:  120:    JUMPONFALSE       ?
     <statement>
      <ifStmt>
       Reserved Word: if
       (
       <expr7>
        <expr6>
         <expr5>
          <expr4>
           <expr3>
            <expr2>
             <expr1>
              *** Generating:  121:    PUSHNUM           0
              UNSIGNED INTEGER LITERAL: 0
              ... node has no more children
             ... node has no more children
            ... node has no more children
           <
           <expr3>
            <expr2>
             <expr1>
              IDENTIFIER: arg  [static var (address = 0)]
              *** Generating:  122:    PUSHSTATADDR      0
              *** Generating:  123:    LOADFROMADDR
              ... node has no more children
             ... node has no more children
            ... node has no more children
           *** Generating:  124:    LT
           ... node has no more children
          ... node has no more children
         ... node has no more children
        ... node has no more children
       )
       *** Generating:  125:    JUMPONFALSE       ?
       <statement>
        <compoundStmt>
         {
         <statement>
          <assignmentOrInvoc>
           IDENTIFIER: writeResult  [local var (stackframe offset = 2)]
           *** Generating:  126:    PUSHLOCADDR       2
           =
           <expr3>
            <expr2>
             <expr1>
              *** Generating:  127:    PUSHNUM           1
              UNSIGNED INTEGER LITERAL: 1
              ... node has no more children
             ... node has no more children
            ... node has no more children
           *** Generating:  128:    SAVETOADDR
           ;
           ... node has no more children
          ... node has no more children
         <statement>
          <assignmentOrInvoc>
           IDENTIFIER: minArg  [static var (address = 5)]
           *** Generating:  129:    PUSHSTATADDR      5
           =
           <expr3>
            <expr2>
             <expr1>
              IDENTIFIER: arg  [static var (address = 0)]
              *** Generating:  130:    PUSHSTATADDR      0
              *** Generating:  131:    LOADFROMADDR
              ... node has no more children
             ... node has no more children
            ... node has no more children
           *** Generating:  132:    SAVETOADDR
           ;
           ... node has no more children
          ... node has no more children
         }
         ... node has no more children
        ... node has no more children
       *** Fixed Up:  125:    JUMPONFALSE       133
       ... node has no more children
      ... node has no more children
     *** Fixed Up:  120:    JUMPONFALSE       133
     ... node has no more children
    ... node has no more children
   <statement>
    <ifStmt>
     Reserved Word: if
     (
     <expr7>
      <expr6>
       <expr5>
        <expr4>
         <expr3>
          <expr2>
           <expr1>
            *** Generating:  133:    PUSHNUM           1
            UNSIGNED INTEGER LITERAL: 1
            ... node has no more children
           ... node has no more children
          ... node has no more children
         <
         <expr3>
          <expr2>
           <expr1>
            IDENTIFIER: arg  [static var (address = 0)]
            *** Generating:  134:    PUSHSTATADDR      0
            *** Generating:  135:    LOADFROMADDR
            ... node has no more children
           ... node has no more children
          ... node has no more children
         *** Generating:  136:    LT
         ... node has no more children
        ... node has no more children
       ... node has no more children
      ... node has no more children
     )
     *** Generating:  137:    JUMPONFALSE       ?
     <statement>
      <compoundStmt>
       {
       <statement>
        <assignmentOrInvoc>
         IDENTIFIER: arg  [static var (address = 0)]
         *** Generating:  138:    PUSHSTATADDR      0
         =
         <expr3>
          <expr2>
           <expr1>
            IDENTIFIER: arg  [static var (address = 0)]
            *** Generating:  139:    PUSHSTATADDR      0
            *** Generating:  140:    LOADFROMADDR
            ... node has no more children
           ... node has no more children
          -
          <expr2>
           <expr1>
            *** Generating:  141:    PUSHNUM           1
            UNSIGNED INTEGER LITERAL: 1
            ... node has no more children
           ... node has no more children
          *** Generating:  142:    SUB
          ... node has no more children
         *** Generating:  143:    SAVETOADDR
         ;
         ... node has no more children
        ... node has no more children
       <statement>
        <assignmentOrInvoc>
         IDENTIFIER: compute  [method (start address = 111)]
         <argumentList>
          (
          )
          ... node has no more children
         *** Generating:  144:    CALLSTATMETHOD    111
         ;
         ... node has no more children
        ... node has no more children
       <statement>
        <assignmentOrInvoc>
         IDENTIFIER: res1  [local var (stackframe offset = 1)]
         *** Generating:  145:    PUSHLOCADDR       1
         =
         <expr3>
          <expr2>
           <expr1>
            IDENTIFIER: result  [static var (address = 6)]
            *** Generating:  146:    PUSHSTATADDR      6
            *** Generating:  147:    LOADFROMADDR
            ... node has no more children
           ... node has no more children
          ... node has no more children
         *** Generating:  148:    SAVETOADDR
         ;
         ... node has no more children
        ... node has no more children
       <statement>
        <assignmentOrInvoc>
         IDENTIFIER: arg  [static var (address = 0)]
         *** Generating:  149:    PUSHSTATADDR      0
         =
         <expr3>
          <expr2>
           <expr1>
            IDENTIFIER: arg  [static var (address = 0)]
            *** Generating:  150:    PUSHSTATADDR      0
            *** Generating:  151:    LOADFROMADDR
            ... node has no more children
           ... node has no more children
          -
          <expr2>
           <expr1>
            *** Generating:  152:    PUSHNUM           1
            UNSIGNED INTEGER LITERAL: 1
            ... node has no more children
           ... node has no more children
          *** Generating:  153:    SUB
          ... node has no more children
         *** Generating:  154:    SAVETOADDR
         ;
         ... node has no more children
        ... node has no more children
       <statement>
        <assignmentOrInvoc>
         IDENTIFIER: compute  [method (start address = 111)]
         <argumentList>
          (
          )
          ... node has no more children
         *** Generating:  155:    CALLSTATMETHOD    111
         ;
         ... node has no more children
        ... node has no more children
       <statement>
        <assignmentOrInvoc>
         IDENTIFIER: result  [static var (address = 6)]
         *** Generating:  156:    PUSHSTATADDR      6
         =
         <expr3>
          <expr2>
           <expr1>
            *** Generating:  157:    PUSHNUM           6
            UNSIGNED INTEGER LITERAL: 6
            ... node has no more children
           *
           <expr1>
            IDENTIFIER: res1  [local var (stackframe offset = 1)]
            *** Generating:  158:    PUSHLOCADDR       1
            *** Generating:  159:    LOADFROMADDR
            ... node has no more children
           *** Generating:  160:    MUL
           ... node has no more children
          -
          <expr2>
           <expr1>
            IDENTIFIER: result  [static var (address = 6)]
            *** Generating:  161:    PUSHSTATADDR      6
            *** Generating:  162:    LOADFROMADDR
            ... node has no more children
           ... node has no more children
          *** Generating:  163:    SUB
          ... node has no more children
         *** Generating:  164:    SAVETOADDR
         ;
         ... node has no more children
        ... node has no more children
       <statement>
        <assignmentOrInvoc>
         IDENTIFIER: arg  [static var (address = 0)]
         *** Generating:  165:    PUSHSTATADDR      0
         =
         <expr3>
          <expr2>
           <expr1>
            IDENTIFIER: arg  [static var (address = 0)]
            *** Generating:  166:    PUSHSTATADDR      0
            *** Generating:  167:    LOADFROMADDR
            ... node has no more children
           ... node has no more children
          +
          <expr2>
           <expr1>
            *** Generating:  168:    PUSHNUM           2
            UNSIGNED INTEGER LITERAL: 2
            ... node has no more children
           ... node has no more children
          *** Generating:  169:    ADD
          ... node has no more children
         *** Generating:  170:    SAVETOADDR
         ;
         ... node has no more children
        ... node has no more children
       }
       ... node has no more children
      ... node has no more children
     Reserved Word: else
     *** Generating:  171:    JUMP              ?
     *** Fixed Up:  137:    JUMPONFALSE       172
     <statement>
      <ifStmt>
       Reserved Word: if
       (
       <expr7>
        <expr6>
         <expr5>
          <expr4>
           <expr3>
            <expr2>
             <expr1>
              IDENTIFIER: arg  [static var (address = 0)]
              *** Generating:  172:    PUSHSTATADDR      0
              *** Generating:  173:    LOADFROMADDR
              ... node has no more children
             ... node has no more children
            ... node has no more children
           ... node has no more children
          ==
          <expr4>
           <expr3>
            <expr2>
             <expr1>
              *** Generating:  174:    PUSHNUM           1
              UNSIGNED INTEGER LITERAL: 1
              ... node has no more children
             ... node has no more children
            ... node has no more children
           ... node has no more children
          *** Generating:  175:    EQ
          ... node has no more children
         ... node has no more children
        ... node has no more children
       )
       *** Generating:  176:    JUMPONFALSE       ?
       <statement>
        <assignmentOrInvoc>
         IDENTIFIER: result  [static var (address = 6)]
         *** Generating:  177:    PUSHSTATADDR      6
         =
         <expr3>
          <expr2>
           <expr1>
            *** Generating:  178:    PUSHNUM           6
            UNSIGNED INTEGER LITERAL: 6
            ... node has no more children
           ... node has no more children
          ... node has no more children
         *** Generating:  179:    SAVETOADDR
         ;
         ... node has no more children
        ... node has no more children
       Reserved Word: else
       *** Generating:  180:    JUMP              ?
       *** Fixed Up:  176:    JUMPONFALSE       181
       <statement>
        <assignmentOrInvoc>
         IDENTIFIER: result  [static var (address = 6)]
         *** Generating:  181:    PUSHSTATADDR      6
         =
         <expr3>
          <expr2>
           <expr1>
            *** Generating:  182:    PUSHNUM           1
            UNSIGNED INTEGER LITERAL: 1
            ... node has no more children
           ... node has no more children
          ... node has no more children
         *** Generating:  183:    SAVETOADDR
         ;
         ... node has no more children
        ... node has no more children
       *** Fixed Up:  180:    JUMP              184
       ... node has no more children
      ... node has no more children
     *** Fixed Up:  171:    JUMP              184
     ... node has no more children
    ... node has no more children
   <statement>
    <ifStmt>
     Reserved Word: if
     (
     <expr7>
      <expr6>
       <expr5>
        <expr4>
         <expr3>
          <expr2>
           <expr1>
            IDENTIFIER: writeResult  [local var (stackframe offset = 2)]
            *** Generating:  184:    PUSHLOCADDR       2
            *** Generating:  185:    LOADFROMADDR
            ... node has no more children
           ... node has no more children
          ... node has no more children
         ... node has no more children
        ==
        <expr4>
         <expr3>
          <expr2>
           <expr1>
            *** Generating:  186:    PUSHNUM           1
            UNSIGNED INTEGER LITERAL: 1
            ... node has no more children
           ... node has no more children
          ... node has no more children
         ... node has no more children
        *** Generating:  187:    EQ
        ... node has no more children
       ... node has no more children
      ... node has no more children
     )
     *** Generating:  188:    JUMPONFALSE       ?
     <statement>
      <assignmentOrInvoc>
       IDENTIFIER: writeRes  [method (start address = 87)]
       <argumentList>
        (
        )
        ... node has no more children
       *** Generating:  189:    CALLSTATMETHOD    87
       ;
       ... node has no more children
      ... node has no more children
     *** Fixed Up:  188:    JUMPONFALSE       190
     ... node has no more children
    ... node has no more children
   }
   ... node has no more children
  *** Fixed Up:  111:    INITSTKFRM        2
  *** Generating:  190:    RETURN            0
  ... node has no more children
 <methodDecl>
  Reserved Word: static
  Reserved Word: void
  *** Fixed Up: 5:      NOP
  *** Fixed Up:  4:      CALLSTATMETHOD    191
  *** Generating:  191:    INITSTKFRM        ?
  IDENTIFIER: sqTr  [method (start address = 191)]
  (
  <parameterDeclList>
   <empty>
   ... node has no more children
  )
  <compoundStmt>
   {
   <statement>
    <assignmentOrInvoc>
     IDENTIFIER: minArg  [static var (address = 5)]
     *** Generating:  192:    PUSHSTATADDR      5
     =
     <expr3>
      <expr2>
       <expr1>
        IDENTIFIER: arg  [static var (address = 0)]
        *** Generating:  193:    PUSHSTATADDR      0
        *** Generating:  194:    LOADFROMADDR
        ... node has no more children
       ... node has no more children
      +
      <expr2>
       <expr1>
        *** Generating:  195:    PUSHNUM           1
        UNSIGNED INTEGER LITERAL: 1
        ... node has no more children
       ... node has no more children
      *** Generating:  196:    ADD
      ... node has no more children
     *** Generating:  197:    SAVETOADDR
     ;
     ... node has no more children
    ... node has no more children
   <statement>
    <assignmentOrInvoc>
     IDENTIFIER: compute  [method (start address = 111)]
     <argumentList>
      (
      )
      ... node has no more children
     *** Generating:  198:    CALLSTATMETHOD    111
     ;
     ... node has no more children
    ... node has no more children
   }
   ... node has no more children
  *** Fixed Up:  191:    INITSTKFRM        0
  *** Generating:  199:    RETURN            0
  ... node has no more children
 }
 ... node has no more children



Instructions Generated:

0:      INITSTKFRM        0
1:      PUSHSTATADDR      0
2:      PUSHNUM           4
3:      SAVETOADDR
4:      CALLSTATMETHOD    191
5:      NOP
6:      PUSHSTATADDR      3
7:      PUSHNUM           3
8:      PUSHNUM           100
9:      MUL
10:     PUSHNUM           100
11:     MUL
12:     SAVETOADDR
13:     PUSHSTATADDR      1
14:     PUSHNUM           1
15:     SAVETOADDR
16:     PUSHSTATADDR      3
17:     LOADFROMADDR
18:     WRITEINT
19:     WRITELNOP
20:     CALLSTATMETHOD    27
21:     NOP
22:     PUSHSTATADDR      4
23:     LOADFROMADDR
24:     WRITEINT
25:     WRITELNOP
26:     STOP
27:     INITSTKFRM        1
28:     PUSHLOCADDR       1
29:     PUSHNUM           0
30:     SAVETOADDR
31:     PUSHSTATADDR      2
32:     PUSHSTATADDR      3
33:     LOADFROMADDR
34:     PUSHSTATADDR      1
35:     LOADFROMADDR
36:     DIV
37:     SAVETOADDR
38:     PUSHSTATADDR      2
39:     LOADFROMADDR
40:     WRITEINT
41:     WRITELNOP
42:     PUSHSTATADDR      2
43:     LOADFROMADDR
44:     PUSHSTATADDR      1
45:     LOADFROMADDR
46:     SUB
47:     PUSHNUM           2
48:     LT
49:     PUSHNUM           2
50:     CHANGESIGN
51:     PUSHSTATADDR      2
52:     LOADFROMADDR
53:     PUSHSTATADDR      1
54:     LOADFROMADDR
55:     SUB
56:     LT
57:     AND
58:     JUMPONFALSE       71
59:     PUSHSTATADDR      4
60:     PUSHSTATADDR      1
61:     LOADFROMADDR
62:     PUSHSTATADDR      2
63:     LOADFROMADDR
64:     ADD
65:     PUSHNUM           2
66:     DIV
67:     SAVETOADDR
68:     PUSHLOCADDR       1
69:     PUSHNUM           1
70:     SAVETOADDR
71:     PUSHLOCADDR       1
72:     LOADFROMADDR
73:     PUSHNUM           0
74:     EQ
75:     JUMPONFALSE       86
76:     PUSHSTATADDR      1
77:     PUSHSTATADDR      1
78:     LOADFROMADDR
79:     PUSHSTATADDR      2
80:     LOADFROMADDR
81:     ADD
82:     PUSHNUM           2
83:     DIV
84:     SAVETOADDR
85:     CALLSTATMETHOD    27
86:     RETURN            0
87:     INITSTKFRM        0
88:     PUSHSTATADDR      6
89:     LOADFROMADDR
90:     WRITEINT
91:     WRITELNOP
92:     PUSHSTATADDR      3
93:     PUSHNUM           2
94:     PUSHSTATADDR      6
95:     LOADFROMADDR
96:     MUL
97:     PUSHSTATADDR      6
98:     LOADFROMADDR
99:     MUL
100:    SAVETOADDR
101:    PUSHSTATADDR      1
102:    PUSHSTATADDR      6
103:    LOADFROMADDR
104:    SAVETOADDR
105:    CALLSTATMETHOD    27
106:    PUSHSTATADDR      4
107:    LOADFROMADDR
108:    WRITEINT
109:    WRITELNOP
110:    RETURN            0
111:    INITSTKFRM        2
112:    PUSHLOCADDR       2
113:    PUSHNUM           0
114:    SAVETOADDR
115:    PUSHSTATADDR      0
116:    LOADFROMADDR
117:    PUSHSTATADDR      5
118:    LOADFROMADDR
119:    LT
120:    JUMPONFALSE       133
121:    PUSHNUM           0
122:    PUSHSTATADDR      0
123:    LOADFROMADDR
124:    LT
125:    JUMPONFALSE       133
126:    PUSHLOCADDR       2
127:    PUSHNUM           1
128:    SAVETOADDR
129:    PUSHSTATADDR      5
130:    PUSHSTATADDR      0
131:    LOADFROMADDR
132:    SAVETOADDR
133:    PUSHNUM           1
134:    PUSHSTATADDR      0
135:    LOADFROMADDR
136:    LT
137:    JUMPONFALSE       172
138:    PUSHSTATADDR      0
139:    PUSHSTATADDR      0
140:    LOADFROMADDR
141:    PUSHNUM           1
142:    SUB
143:    SAVETOADDR
144:    CALLSTATMETHOD    111
145:    PUSHLOCADDR       1
146:    PUSHSTATADDR      6
147:    LOADFROMADDR
148:    SAVETOADDR
149:    PUSHSTATADDR      0
150:    PUSHSTATADDR      0
151:    LOADFROMADDR
152:    PUSHNUM           1
153:    SUB
154:    SAVETOADDR
155:    CALLSTATMETHOD    111
156:    PUSHSTATADDR      6
157:    PUSHNUM           6
158:    PUSHLOCADDR       1
159:    LOADFROMADDR
160:    MUL
161:    PUSHSTATADDR      6
162:    LOADFROMADDR
163:    SUB
164:    SAVETOADDR
165:    PUSHSTATADDR      0
166:    PUSHSTATADDR      0
167:    LOADFROMADDR
168:    PUSHNUM           2
169:    ADD
170:    SAVETOADDR
171:    JUMP              184
172:    PUSHSTATADDR      0
173:    LOADFROMADDR
174:    PUSHNUM           1
175:    EQ
176:    JUMPONFALSE       181
177:    PUSHSTATADDR      6
178:    PUSHNUM           6
179:    SAVETOADDR
180:    JUMP              184
181:    PUSHSTATADDR      6
182:    PUSHNUM           1
183:    SAVETOADDR
184:    PUSHLOCADDR       2
185:    LOADFROMADDR
186:    PUSHNUM           1
187:    EQ
188:    JUMPONFALSE       190
189:    CALLSTATMETHOD    87
190:    RETURN            0
191:    INITSTKFRM        0
192:    PUSHSTATADDR      5
193:    PUSHSTATADDR      0
194:    LOADFROMADDR
195:    PUSHNUM           1
196:    ADD
197:    SAVETOADDR
198:    CALLSTATMETHOD    111
199:    RETURN            0



Data memory dump

  Data memory--addresses 0 to top of stack, and allocated heap locations:
  0: 0 = Ctrl-@
  1: 0 = Ctrl-@
  2: 0 = Ctrl-@
  3: 0 = Ctrl-@
  4: 0 = Ctrl-@
  5: 0 = Ctrl-@
  6: 0 = Ctrl-@

  PC=0  ESP=0  FP=<not in use>  ASP= POINTER TO 7
  HP= POINTER TO 10000  HMAX= POINTER TO 15000

  No instructions executed.

  Expression evaluation stack: <empty>

