<program>
 Reserved Word: class
 IDENTIFIER: CS316ex11
 {
 <mainDecl>
  Reserved Word: public
  Reserved Word: static
  Reserved Word: void
  Reserved Word: main
  (
  Reserved Word: String
  IDENTIFIER: Args
  [
  ]
  )
  <compoundStmt>
   {
   <statement>
    <outputStmt>
     Reserved Word: System
     .
     Reserved Word: out
     .
     Reserved Word: println
     (
     <printArgument>
      <expr3>
       <expr2>
        <expr1>
         IDENTIFIER: fib
         <argumentList>
          (
          <expr3>
           <expr2>
            <expr1>
             UNSIGNED INTEGER LITERAL: 12
             ... node has no more children
            ... node has no more children
           ... node has no more children
          )
          ... node has no more children
         ... node has no more children
        ... node has no more children
       ... node has no more children
      ... node has no more children
     )
     ;
     ... node has no more children
    ... node has no more children
   }
   ... node has no more children
  ... node has no more children
 <methodDecl>
  Reserved Word: static
  Reserved Word: int
  IDENTIFIER: fib
  (
  <parameterDeclList>
   <parameterDecl>
    Reserved Word: int
    IDENTIFIER: n
    ... node has no more children
   ... node has no more children
  )
  <compoundStmt>
   {
   <statement>
    <ifStmt>
     Reserved Word: if
     (
     <expr7>
      <expr6>
       <expr5>
        <expr4>
         <expr3>
          <expr2>
           <expr1>
            IDENTIFIER: n
            ... node has no more children
           ... node has no more children
          ... node has no more children
         ... node has no more children
        ==
        <expr4>
         <expr3>
          <expr2>
           <expr1>
            UNSIGNED INTEGER LITERAL: 0
            ... node has no more children
           ... node has no more children
          ... node has no more children
         ... node has no more children
        ... node has no more children
       ... node has no more children
      ... node has no more children
     )
     <statement>
      Reserved Word: return
      <expr3>
       <expr2>
        <expr1>
         UNSIGNED INTEGER LITERAL: 0
         ... node has no more children
        ... node has no more children
       ... node has no more children
      ;
      ... node has no more children
     Reserved Word: else
     <statement>
      <ifStmt>
       Reserved Word: if
       (
       <expr7>
        <expr6>
         <expr5>
          <expr4>
           <expr3>
            <expr2>
             <expr1>
              IDENTIFIER: n
              ... node has no more children
             ... node has no more children
            ... node has no more children
           ... node has no more children
          ==
          <expr4>
           <expr3>
            <expr2>
             <expr1>
              UNSIGNED INTEGER LITERAL: 1
              ... node has no more children
             ... node has no more children
            ... node has no more children
           ... node has no more children
          ... node has no more children
         ... node has no more children
        ... node has no more children
       )
       <statement>
        Reserved Word: return
        <expr3>
         <expr2>
          <expr1>
           UNSIGNED INTEGER LITERAL: 1
           ... node has no more children
          ... node has no more children
         ... node has no more children
        ;
        ... node has no more children
       Reserved Word: else
       <statement>
        Reserved Word: return
        <expr3>
         <expr2>
          <expr1>
           (
           <expr7>
            <expr6>
             <expr5>
              <expr4>
               <expr3>
                <expr2>
                 <expr1>
                  IDENTIFIER: n
                  ... node has no more children
                 ... node has no more children
                -
                <expr2>
                 <expr1>
                  UNSIGNED INTEGER LITERAL: 1
                  ... node has no more children
                 ... node has no more children
                ... node has no more children
               ... node has no more children
              ... node has no more children
             ... node has no more children
            ... node has no more children
           )
           ... node has no more children
          ... node has no more children
         +
         <expr2>
          <expr1>
           (
           <expr7>
            <expr6>
             <expr5>
              <expr4>
               <expr3>
                <expr2>
                 <expr1>
                  (
                  <expr7>
                   <expr6>
                    <expr5>
                     <expr4>
                      <expr3>
                       <expr2>
                        <expr1>
                         IDENTIFIER: n
                         ... node has no more children
                        ... node has no more children
                       -
                       <expr2>
                        <expr1>
                         UNSIGNED INTEGER LITERAL: 1
                         ... node has no more children
                        ... node has no more children
                       ... node has no more children
                      ... node has no more children
                     ... node has no more children
                    ... node has no more children
                   ... node has no more children
                  )
                  ... node has no more children
                 ... node has no more children
                +
                <expr2>
                 <expr1>
                  (
                  <expr7>
                   <expr6>
                    <expr5>
                     <expr4>
                      <expr3>
                       <expr2>
                        <expr1>
                         IDENTIFIER: n
                         ... node has no more children
                        ... node has no more children
                       -
                       <expr2>
                        <expr1>
                         UNSIGNED INTEGER LITERAL: 1
                         ... node has no more children
                        ... node has no more children
                       ... node has no more children
                      ... node has no more children
                     ... node has no more children
                    ... node has no more children
                   ... node has no more children
                  )
                  ... node has no more children
                 *
                 <expr1>
                  (
                  <expr7>
                   <expr6>
                    <expr5>
                     <expr4>
                      <expr3>
                       <expr2>
                        <expr1>
                         IDENTIFIER: fib
                         <argumentList>
                          (
                          <expr3>
                           <expr2>
                            <expr1>
                             IDENTIFIER: n
                             ... node has no more children
                            ... node has no more children
                           -
                           <expr2>
                            <expr1>
                             UNSIGNED INTEGER LITERAL: 1
                             ... node has no more children
                            ... node has no more children
                           ... node has no more children
                          )
                          ... node has no more children
                         ... node has no more children
                        ... node has no more children
                       +
                       <expr2>
                        <expr1>
                         IDENTIFIER: fib
                         <argumentList>
                          (
                          <expr3>
                           <expr2>
                            <expr1>
                             IDENTIFIER: n
                             ... node has no more children
                            ... node has no more children
                           -
                           <expr2>
                            <expr1>
                             UNSIGNED INTEGER LITERAL: 2
                             ... node has no more children
                            ... node has no more children
                           ... node has no more children
                          )
                          ... node has no more children
                         ... node has no more children
                        ... node has no more children
                       ... node has no more children
                      ... node has no more children
                     ... node has no more children
                    ... node has no more children
                   ... node has no more children
                  )
                  ... node has no more children
                 /
                 <expr1>
                  (
                  <expr7>
                   <expr6>
                    <expr5>
                     <expr4>
                      <expr3>
                       <expr2>
                        <expr1>
                         IDENTIFIER: n
                         ... node has no more children
                        ... node has no more children
                       -
                       <expr2>
                        <expr1>
                         UNSIGNED INTEGER LITERAL: 1
                         ... node has no more children
                        ... node has no more children
                       ... node has no more children
                      ... node has no more children
                     ... node has no more children
                    ... node has no more children
                   ... node has no more children
                  )
                  ... node has no more children
                 ... node has no more children
                -
                <expr2>
                 <expr1>
                  (
                  <expr7>
                   <expr6>
                    <expr5>
                     <expr4>
                      <expr3>
                       <expr2>
                        <expr1>
                         IDENTIFIER: n
                         ... node has no more children
                        ... node has no more children
                       -
                       <expr2>
                        <expr1>
                         UNSIGNED INTEGER LITERAL: 1
                         ... node has no more children
                        ... node has no more children
                       ... node has no more children
                      ... node has no more children
                     ... node has no more children
                    ... node has no more children
                   ... node has no more children
                  )
                  ... node has no more children
                 ... node has no more children
                -
                <expr2>
                 <expr1>
                  (
                  <expr7>
                   <expr6>
                    <expr5>
                     <expr4>
                      <expr3>
                       <expr2>
                        <expr1>
                         IDENTIFIER: n
                         ... node has no more children
                        ... node has no more children
                       -
                       <expr2>
                        <expr1>
                         UNSIGNED INTEGER LITERAL: 1
                         ... node has no more children
                        ... node has no more children
                       ... node has no more children
                      ... node has no more children
                     ... node has no more children
                    ... node has no more children
                   ... node has no more children
                  )
                  ... node has no more children
                 ... node has no more children
                ... node has no more children
               ... node has no more children
              ... node has no more children
             ... node has no more children
            ... node has no more children
           )
           ... node has no more children
          ... node has no more children
         ... node has no more children
        ;
        ... node has no more children
       ... node has no more children
      ... node has no more children
     ... node has no more children
    ... node has no more children
   }
   ... node has no more children
  ... node has no more children
 }
 ... node has no more children
