<program>
 Reserved Word: class
 IDENTIFIER: CS316ex15
 {
 <mainDecl>
  Reserved Word: public
  Reserved Word: static
  Reserved Word: void
  Reserved Word: main
  (
  Reserved Word: String
  IDENTIFIER: args
  [
  ]
  )
  <compoundStmt>
   {
   <statement>
    <outputStmt>
     Reserved Word: System
     .
     Reserved Word: out
     .
     Reserved Word: println
     (
     <printArgument>
      <expr3>
       <expr2>
        <expr1>
         UNSIGNED INTEGER LITERAL: 1
         ... node has no more children
        ... node has no more children
       +
       <expr2>
        <expr1>
         IDENTIFIER: p
         <argumentList>
          (
          )
          ... node has no more children
         ... node has no more children
        ... node has no more children
       ... node has no more children
      ... node has no more children
     )
     ;
     ... node has no more children
    ... node has no more children
   }
   ... node has no more children
  ... node has no more children
 <methodDecl>
  Reserved Word: static
  Reserved Word: int
  IDENTIFIER: q
  (
  <parameterDeclList>
   <empty>
   ... node has no more children
  )
  <compoundStmt>
   {
   <statement>
    Reserved Word: return
    <expr3>
     <expr2>
      <expr1>
       UNSIGNED INTEGER LITERAL: 100
       ... node has no more children
      ... node has no more children
     ... node has no more children
    ;
    ... node has no more children
   }
   ... node has no more children
  ... node has no more children
 <methodDecl>
  Reserved Word: static
  Reserved Word: int
  IDENTIFIER: p
  (
  <parameterDeclList>
   <empty>
   ... node has no more children
  )
  <compoundStmt>
   {
   <statement>
    <assignmentOrInvoc>
     IDENTIFIER: q
     <argumentList>
      (
      )
      ... node has no more children
     ;
     ... node has no more children
    ... node has no more children
   <statement>
    Reserved Word: return
    <expr3>
     <expr2>
      <expr1>
       UNSIGNED INTEGER LITERAL: 4
       ... node has no more children
      ... node has no more children
     ... node has no more children
    ;
    ... node has no more children
   }
   ... node has no more children
  ... node has no more children
 }
 ... node has no more children
