<program>
 Reserved Word: class
 IDENTIFIER: CS316ex9
 {
 <dataFieldDecl>
  Reserved Word: static
  <varDecl>
   Reserved Word: int
   <singleVarDecl>
    IDENTIFIER: timescalled
    [
    ]
    =
    <expr3>
     <expr2>
      <expr1>
       Reserved Word: new
       Reserved Word: int
       [
       <expr3>
        <expr2>
         <expr1>
          UNSIGNED INTEGER LITERAL: 1
          ... node has no more children
         ... node has no more children
        ... node has no more children
       ]
       ... node has no more children
      ... node has no more children
     ... node has no more children
    ... node has no more children
   ;
   ... node has no more children
  ... node has no more children
 <dataFieldDecl>
  Reserved Word: static
  <varDecl>
   Reserved Word: int
   <singleVarDecl>
    IDENTIFIER: arr
    [
    ]
    ... node has no more children
   ;
   ... node has no more children
  ... node has no more children
 <mainDecl>
  Reserved Word: public
  Reserved Word: static
  Reserved Word: void
  Reserved Word: main
  (
  Reserved Word: String
  IDENTIFIER: args
  [
  ]
  )
  <compoundStmt>
   {
   <statement>
    <assignmentOrInvoc>
     IDENTIFIER: arr
     =
     <expr3>
      <expr2>
       <expr1>
        Reserved Word: new
        Reserved Word: int
        [
        <expr3>
         <expr2>
          <expr1>
           UNSIGNED INTEGER LITERAL: 101
           ... node has no more children
          ... node has no more children
         ... node has no more children
        ]
        ... node has no more children
       ... node has no more children
      ... node has no more children
     ;
     ... node has no more children
    ... node has no more children
   <statement>
    <assignmentOrInvoc>
     IDENTIFIER: arr
     [
     <expr3>
      <expr2>
       <expr1>
        UNSIGNED INTEGER LITERAL: 2
        ... node has no more children
       ... node has no more children
      +
      <expr2>
       <expr1>
        IDENTIFIER: acker
        <argumentList>
         (
         <expr3>
          <expr2>
           <expr1>
            UNSIGNED INTEGER LITERAL: 3
            ... node has no more children
           ... node has no more children
          ... node has no more children
         ,
         <expr3>
          <expr2>
           <expr1>
            UNSIGNED INTEGER LITERAL: 3
            ... node has no more children
           ... node has no more children
          ... node has no more children
         ,
         <expr3>
          <expr2>
           <expr1>
            IDENTIFIER: timescalled
            ... node has no more children
           ... node has no more children
          ... node has no more children
         )
         ... node has no more children
        ... node has no more children
       ... node has no more children
      ... node has no more children
     ]
     =
     <expr3>
      <expr2>
       <expr1>
        -
        <expr1>
         UNSIGNED INTEGER LITERAL: 17
         ... node has no more children
        ... node has no more children
       ... node has no more children
      ... node has no more children
     ;
     ... node has no more children
    ... node has no more children
   <statement>
    <outputStmt>
     Reserved Word: System
     .
     Reserved Word: out
     .
     Reserved Word: println
     (
     <printArgument>
      <expr3>
       <expr2>
        <expr1>
         IDENTIFIER: arr
         [
         <expr3>
          <expr2>
           <expr1>
            UNSIGNED INTEGER LITERAL: 63
            ... node has no more children
           ... node has no more children
          ... node has no more children
         ]
         ... node has no more children
        ... node has no more children
       ... node has no more children
      ... node has no more children
     )
     ;
     ... node has no more children
    ... node has no more children
   <statement>
    <outputStmt>
     Reserved Word: System
     .
     Reserved Word: out
     .
     Reserved Word: println
     (
     <printArgument>
      CHARACTER STRING LITERAL: " "
      ... node has no more children
     )
     ;
     ... node has no more children
    ... node has no more children
   <statement>
    <outputStmt>
     Reserved Word: System
     .
     Reserved Word: out
     .
     Reserved Word: println
     (
     <printArgument>
      <expr3>
       <expr2>
        <expr1>
         IDENTIFIER: timescalled
         [
         <expr3>
          <expr2>
           <expr1>
            UNSIGNED INTEGER LITERAL: 0
            ... node has no more children
           ... node has no more children
          ... node has no more children
         ]
         ... node has no more children
        ... node has no more children
       ... node has no more children
      ... node has no more children
     )
     ;
     ... node has no more children
    ... node has no more children
   }
   ... node has no more children
  ... node has no more children
 <methodDecl>
  Reserved Word: static
  Reserved Word: int
  IDENTIFIER: acker
  (
  <parameterDeclList>
   <parameterDecl>
    Reserved Word: int
    IDENTIFIER: p
    ... node has no more children
   ,
   <parameterDecl>
    Reserved Word: int
    IDENTIFIER: q
    ... node has no more children
   ,
   <parameterDecl>
    Reserved Word: int
    IDENTIFIER: count
    [
    ]
    ... node has no more children
   ... node has no more children
  )
  <compoundStmt>
   {
   <statement>
    <varDecl>
     Reserved Word: int
     <singleVarDecl>
      IDENTIFIER: result
      ... node has no more children
     ;
     ... node has no more children
    ... node has no more children
   <statement>
    <ifStmt>
     Reserved Word: if
     (
     <expr7>
      <expr6>
       <expr5>
        <expr4>
         <expr3>
          <expr2>
           <expr1>
            IDENTIFIER: p
            ... node has no more children
           ... node has no more children
          ... node has no more children
         ... node has no more children
        ==
        <expr4>
         <expr3>
          <expr2>
           <expr1>
            UNSIGNED INTEGER LITERAL: 0
            ... node has no more children
           ... node has no more children
          ... node has no more children
         ... node has no more children
        ... node has no more children
       ... node has no more children
      ... node has no more children
     )
     <statement>
      <assignmentOrInvoc>
       IDENTIFIER: result
       =
       <expr3>
        <expr2>
         <expr1>
          IDENTIFIER: q
          ... node has no more children
         ... node has no more children
        +
        <expr2>
         <expr1>
          UNSIGNED INTEGER LITERAL: 1
          ... node has no more children
         ... node has no more children
        ... node has no more children
       ;
       ... node has no more children
      ... node has no more children
     Reserved Word: else
     <statement>
      <ifStmt>
       Reserved Word: if
       (
       <expr7>
        <expr6>
         <expr5>
          <expr4>
           <expr3>
            <expr2>
             <expr1>
              IDENTIFIER: q
              ... node has no more children
             ... node has no more children
            ... node has no more children
           ... node has no more children
          ==
          <expr4>
           <expr3>
            <expr2>
             <expr1>
              UNSIGNED INTEGER LITERAL: 0
              ... node has no more children
             ... node has no more children
            ... node has no more children
           ... node has no more children
          ... node has no more children
         ... node has no more children
        ... node has no more children
       )
       <statement>
        <assignmentOrInvoc>
         IDENTIFIER: result
         =
         <expr3>
          <expr2>
           <expr1>
            IDENTIFIER: acker
            <argumentList>
             (
             <expr3>
              <expr2>
               <expr1>
                IDENTIFIER: p
                ... node has no more children
               ... node has no more children
              -
              <expr2>
               <expr1>
                UNSIGNED INTEGER LITERAL: 1
                ... node has no more children
               ... node has no more children
              ... node has no more children
             ,
             <expr3>
              <expr2>
               <expr1>
                UNSIGNED INTEGER LITERAL: 1
                ... node has no more children
               ... node has no more children
              ... node has no more children
             ,
             <expr3>
              <expr2>
               <expr1>
                IDENTIFIER: count
                ... node has no more children
               ... node has no more children
              ... node has no more children
             )
             ... node has no more children
            ... node has no more children
           ... node has no more children
          ... node has no more children
         ;
         ... node has no more children
        ... node has no more children
       Reserved Word: else
       <statement>
        <assignmentOrInvoc>
         IDENTIFIER: result
         =
         <expr3>
          <expr2>
           <expr1>
            IDENTIFIER: acker
            <argumentList>
             (
             <expr3>
              <expr2>
               <expr1>
                IDENTIFIER: p
                ... node has no more children
               ... node has no more children
              -
              <expr2>
               <expr1>
                UNSIGNED INTEGER LITERAL: 1
                ... node has no more children
               ... node has no more children
              ... node has no more children
             ,
             <expr3>
              <expr2>
               <expr1>
                IDENTIFIER: acker
                <argumentList>
                 (
                 <expr3>
                  <expr2>
                   <expr1>
                    IDENTIFIER: p
                    ... node has no more children
                   ... node has no more children
                  ... node has no more children
                 ,
                 <expr3>
                  <expr2>
                   <expr1>
                    IDENTIFIER: q
                    ... node has no more children
                   ... node has no more children
                  -
                  <expr2>
                   <expr1>
                    UNSIGNED INTEGER LITERAL: 1
                    ... node has no more children
                   ... node has no more children
                  ... node has no more children
                 ,
                 <expr3>
                  <expr2>
                   <expr1>
                    IDENTIFIER: count
                    ... node has no more children
                   ... node has no more children
                  ... node has no more children
                 )
                 ... node has no more children
                ... node has no more children
               ... node has no more children
              ... node has no more children
             ,
             <expr3>
              <expr2>
               <expr1>
                IDENTIFIER: count
                ... node has no more children
               ... node has no more children
              ... node has no more children
             )
             ... node has no more children
            ... node has no more children
           ... node has no more children
          ... node has no more children
         ;
         ... node has no more children
        ... node has no more children
       ... node has no more children
      ... node has no more children
     ... node has no more children
    ... node has no more children
   <statement>
    <assignmentOrInvoc>
     IDENTIFIER: count
     [
     <expr3>
      <expr2>
       <expr1>
        UNSIGNED INTEGER LITERAL: 0
        ... node has no more children
       ... node has no more children
      ... node has no more children
     ]
     =
     <expr3>
      <expr2>
       <expr1>
        IDENTIFIER: count
        [
        <expr3>
         <expr2>
          <expr1>
           UNSIGNED INTEGER LITERAL: 0
           ... node has no more children
          ... node has no more children
         ... node has no more children
        ]
        ... node has no more children
       ... node has no more children
      +
      <expr2>
       <expr1>
        UNSIGNED INTEGER LITERAL: 1
        ... node has no more children
       ... node has no more children
      ... node has no more children
     ;
     ... node has no more children
    ... node has no more children
   <statement>
    Reserved Word: return
    <expr3>
     <expr2>
      <expr1>
       IDENTIFIER: result
       ... node has no more children
      ... node has no more children
     ... node has no more children
    ;
    ... node has no more children
   }
   ... node has no more children
  ... node has no more children
 }
 ... node has no more children
